#
# There is insufficient memory for the Java Runtime Environment to continue.
# Native memory allocation (malloc) failed to allocate 1375536 bytes for Chunk::new
# Possible reasons:
#   The system is out of physical RAM or swap space
#   The process is running with CompressedOops enabled, and the Java Heap may be blocking the growth of the native heap
# Possible solutions:
#   Reduce memory load on the system
#   Increase physical memory or swap space
#   Check if swap backing store is full
#   Decrease Java heap size (-Xmx/-Xms)
#   Decrease number of Java threads
#   Decrease Java thread stack sizes (-Xss)
#   Set larger code cache with -XX:ReservedCodeCacheSize=
#   JVM is running with Unscaled Compressed Oops mode in which the Java heap is
#     placed in the first 4GB address space. The Java Heap base address is the
#     maximum limit for the native heap growth. Please use -XX:HeapBaseMinAddress
#     to set the Java Heap base and to place the Java Heap above 4GB virtual address.
# This output file may be truncated or incomplete.
#
#  Out of Memory Error (arena.cpp:184), pid=1248, tid=22012
#
# JRE version: Java(TM) SE Runtime Environment (18.0.2.1+1) (build 18.0.2.1+1-1)
# Java VM: Java HotSpot(TM) 64-Bit Server VM (18.0.2.1+1-1, mixed mode, sharing, tiered, compressed oops, compressed class ptrs, g1 gc, windows-amd64)
# No core dump will be written. Minidumps are not enabled by default on client versions of Windows
#

---------------  S U M M A R Y ------------

Command Line: -XX:MaxMetaspaceSize=512m --add-opens=java.base/java.util=ALL-UNNAMED --add-opens=java.base/java.lang=ALL-UNNAMED --add-opens=java.base/java.lang.invoke=ALL-UNNAMED --add-opens=java.prefs/java.util.prefs=ALL-UNNAMED --add-opens=java.base/java.nio.charset=ALL-UNNAMED --add-opens=java.base/java.net=ALL-UNNAMED --add-opens=java.base/java.util.concurrent.atomic=ALL-UNNAMED -Xmx2048m -Dfile.encoding=UTF-8 -Duser.country=US -Duser.language=en -Duser.variant org.gradle.launcher.daemon.bootstrap.GradleDaemon 8.0.1

Host: Intel(R) Core(TM) i5-8250U CPU @ 1.60GHz, 8 cores, 7G,  Windows 11 , 64 bit Build 22621 (10.0.22621.2215)
Time: Mon Oct  2 11:13:22 2023 W. Central Africa Standard Time elapsed time: 16.329291 seconds (0d 0h 0m 16s)

---------------  T H R E A D  ---------------

Current thread (0x000001a455b82a50):  JavaThread "C2 CompilerThread1" daemon [_thread_in_native, id=22012, stack(0x0000006315700000,0x0000006315800000)]


Current CompileTask:
C2:  16329 8588   !   4       com.google.common.reflect.TypeVisitor::visit (244 bytes)

Stack: [0x0000006315700000,0x0000006315800000]
Native frames: (J=compiled Java code, j=interpreted, Vv=VM code, C=native code)
V  [jvm.dll+0x6993aa]
V  [jvm.dll+0x7f46dd]
V  [jvm.dll+0x7f5fee]
V  [jvm.dll+0x7f66a3]
V  [jvm.dll+0x25cf1f]
V  [jvm.dll+0xb8c2f]
V  [jvm.dll+0xb8fa5]
V  [jvm.dll+0x386091]
V  [jvm.dll+0x34fe71]
V  [jvm.dll+0x34f30a]
V  [jvm.dll+0x230101]
V  [jvm.dll+0x22f4d1]
V  [jvm.dll+0x1ba01c]
V  [jvm.dll+0x23ee0a]
V  [jvm.dll+0x23d0f5]
V  [jvm.dll+0x7a6dd1]
V  [jvm.dll+0x7a120a]
V  [jvm.dll+0x698255]
C  [ucrtbase.dll+0x29363]
C  [KERNEL32.DLL+0x1257d]
C  [ntdll.dll+0x5aa68]


---------------  P R O C E S S  ---------------

Threads class SMR info:
_java_thread_list=0x000001a4530e9460, length=136, elements={
0x000001a42fe39610, 0x000001a44e070110, 0x000001a44e070c80, 0x000001a44e0851d0,
0x000001a44e086a90, 0x000001a44e087340, 0x000001a44e087bf0, 0x000001a44e0887d0,
0x000001a44e0890c0, 0x000001a44e0939d0, 0x000001a4524c6f00, 0x000001a4524cca10,
0x000001a452edd3d0, 0x000001a453b69840, 0x000001a452ffe020, 0x000001a45365d2f0,
0x000001a45365d7b0, 0x000001a453936560, 0x000001a453939b50, 0x000001a453ff1a90,
0x000001a453ff0c20, 0x000001a453fefdb0, 0x000001a453ff0280, 0x000001a453ff10f0,
0x000001a453ff0750, 0x000001a453ff1f60, 0x000001a453fef8e0, 0x000001a453ff2dd0,
0x000001a453fef410, 0x000001a454df01f0, 0x000001a454def850, 0x000001a454dec830,
0x000001a454decd00, 0x000001a454def380, 0x000001a454ded6a0, 0x000001a454dee9e0,
0x000001a454deeeb0, 0x000001a45556f520, 0x000001a45556f050, 0x000001a455573880,
0x000001a4555716d0, 0x000001a4555733b0, 0x000001a455573d50, 0x000001a455571ba0,
0x000001a455574220, 0x000001a455572a10, 0x000001a45556fec0, 0x000001a455575f00,
0x000001a4555746f0, 0x000001a455571200, 0x000001a4555763d0, 0x000001a455572070,
0x000001a455575a30, 0x000001a455575090, 0x000001a455574bc0, 0x000001a4555768a0,
0x000001a455575560, 0x000001a455570390, 0x000001a456877cd0, 0x000001a456872fd0,
0x000001a456875650, 0x000001a456874cb0, 0x000001a456877800, 0x000001a456875ff0,
0x000001a4568764c0, 0x000001a456876e60, 0x000001a456875180, 0x000001a456872160,
0x000001a456878b40, 0x000001a456875b20, 0x000001a456877330, 0x000001a456879010,
0x000001a455b82a50, 0x000001a456871c90, 0x000001a456872b00, 0x000001a456873970,
0x000001a456873e40, 0x000001a456874310, 0x000001a456e24320, 0x000001a456e22640,
0x000001a456e1ec80, 0x000001a456e22b10, 0x000001a456e21ca0, 0x000001a456e1d940,
0x000001a456e20490, 0x000001a456e1ffc0, 0x000001a456e20960, 0x000001a456e1faf0,
0x000001a456e1e2e0, 0x000001a456e1e7b0, 0x000001a456e23e50, 0x000001a456e20e30,
0x000001a456e247f0, 0x000001a456e23980, 0x000001a456e1cfa0, 0x000001a456e1d470,
0x000001a456e1de10, 0x000001a456e21300, 0x000001a456e22170, 0x000001a456e1f150,
0x000001a456e217d0, 0x000001a456e22fe0, 0x000001a456e234b0, 0x000001a456e1f620,
0x000001a4533b0cb0, 0x000001a4533ab140, 0x000001a4533af4a0, 0x000001a4533b1180,
0x000001a4533ae160, 0x000001a4533ae630, 0x000001a4533ab610, 0x000001a4533b1650,
0x000001a4533aeb00, 0x000001a4533ad2f0, 0x000001a4533aefd0, 0x000001a4533adc90,
0x000001a4533abae0, 0x000001a4533b07e0, 0x000001a4533ac950, 0x000001a4533abfb0,
0x000001a4533af970, 0x000001a4533ac480, 0x000001a4533ace20, 0x000001a4533b0310,
0x000001a4533afe40, 0x000001a4533a9e00, 0x000001a4533aa2d0, 0x000001a4533aa7a0,
0x000001a4533aac70, 0x000001a4527594e0, 0x000001a4527599b0, 0x000001a45275cea0,
0x000001a452759e80, 0x000001a452758670, 0x000001a45275a350, 0x000001a45275b1c0
}

Java Threads: ( => current thread )
  0x000001a42fe39610 JavaThread "main" [_thread_blocked, id=20132, stack(0x0000006310000000,0x0000006310100000)]
  0x000001a44e070110 JavaThread "Reference Handler" daemon [_thread_blocked, id=7916, stack(0x0000006310700000,0x0000006310800000)]
  0x000001a44e070c80 JavaThread "Finalizer" daemon [_thread_blocked, id=1644, stack(0x0000006310800000,0x0000006310900000)]
  0x000001a44e0851d0 JavaThread "Signal Dispatcher" daemon [_thread_blocked, id=3716, stack(0x0000006310900000,0x0000006310a00000)]
  0x000001a44e086a90 JavaThread "Attach Listener" daemon [_thread_blocked, id=15456, stack(0x0000006310a00000,0x0000006310b00000)]
  0x000001a44e087340 JavaThread "Service Thread" daemon [_thread_blocked, id=21124, stack(0x0000006310b00000,0x0000006310c00000)]
  0x000001a44e087bf0 JavaThread "Monitor Deflation Thread" daemon [_thread_blocked, id=7972, stack(0x0000006310c00000,0x0000006310d00000)]
  0x000001a44e0887d0 JavaThread "C2 CompilerThread0" daemon [_thread_in_native, id=10300, stack(0x0000006310d00000,0x0000006310e00000)]
  0x000001a44e0890c0 JavaThread "C1 CompilerThread0" daemon [_thread_blocked, id=9232, stack(0x0000006310e00000,0x0000006310f00000)]
  0x000001a44e0939d0 JavaThread "Sweeper thread" daemon [_thread_blocked, id=17092, stack(0x0000006310f00000,0x0000006311000000)]
  0x000001a4524c6f00 JavaThread "Common-Cleaner" daemon [_thread_blocked, id=12192, stack(0x0000006311000000,0x0000006311100000)]
  0x000001a4524cca10 JavaThread "Notification Thread" daemon [_thread_blocked, id=3548, stack(0x0000006311100000,0x0000006311200000)]
  0x000001a452edd3d0 JavaThread "Daemon health stats" [_thread_blocked, id=21460, stack(0x0000006311800000,0x0000006311900000)]
  0x000001a453b69840 JavaThread "Incoming local TCP Connector on port 59316" [_thread_in_native, id=15604, stack(0x0000006311900000,0x0000006311a00000)]
  0x000001a452ffe020 JavaThread "Daemon periodic checks" [_thread_blocked, id=20224, stack(0x0000006311a00000,0x0000006311b00000)]
  0x000001a45365d2f0 JavaThread "Daemon" [_thread_blocked, id=7556, stack(0x0000006311300000,0x0000006311400000)]
  0x000001a45365d7b0 JavaThread "Handler for socket connection from /127.0.0.1:59316 to /127.0.0.1:59317" [_thread_in_native, id=9276, stack(0x0000006311b00000,0x0000006311c00000)]
  0x000001a453936560 JavaThread "Cancel handler" [_thread_blocked, id=13384, stack(0x0000006311c00000,0x0000006311d00000)]
  0x000001a453939b50 JavaThread "Daemon worker" [_thread_in_Java, id=16760, stack(0x0000006311d00000,0x0000006311e00000)]
  0x000001a453ff1a90 JavaThread "Asynchronous log dispatcher for DefaultDaemonConnection: socket connection from /127.0.0.1:59316 to /127.0.0.1:59317" [_thread_blocked, id=10360, stack(0x0000006311e00000,0x0000006311f00000)]
  0x000001a453ff0c20 JavaThread "Stdin handler" [_thread_blocked, id=15500, stack(0x0000006311f00000,0x0000006312000000)]
  0x000001a453fefdb0 JavaThread "Daemon client event forwarder" [_thread_blocked, id=4916, stack(0x0000006312000000,0x0000006312100000)]
  0x000001a453ff0280 JavaThread "Cache worker for journal cache (C:\Users\user\.gradle\caches\journal-1)" [_thread_blocked, id=9188, stack(0x0000006312100000,0x0000006312200000)]
  0x000001a453ff10f0 JavaThread "File lock request listener" [_thread_in_native, id=23884, stack(0x0000006312200000,0x0000006312300000)]
  0x000001a453ff0750 JavaThread "Cache worker for file hash cache (C:\Users\user\.gradle\caches\8.0.1\fileHashes)" [_thread_blocked, id=24024, stack(0x0000006312400000,0x0000006312500000)]
  0x000001a453ff1f60 JavaThread "File watcher server" daemon [_thread_in_native, id=16192, stack(0x0000006312800000,0x0000006312900000)]
  0x000001a453fef8e0 JavaThread "File watcher consumer" daemon [_thread_blocked, id=8424, stack(0x0000006312900000,0x0000006312a00000)]
  0x000001a453ff2dd0 JavaThread "Cache worker for checksums cache (C:\Users\user\Documents\Mobile Project\KophyTech_Project\textBot\ThespAIn\ThespAIn\android\.gradle\8.0.1\checksums)" [_thread_blocked, id=8144, stack(0x0000006312a00000,0x0000006312b00000)]
  0x000001a453fef410 JavaThread "Cache worker for cache directory md-rule (C:\Users\user\.gradle\caches\8.0.1\md-rule)" [_thread_blocked, id=14268, stack(0x0000006312b00000,0x0000006312c00000)]
  0x000001a454df01f0 JavaThread "Cache worker for file content cache (C:\Users\user\.gradle\caches\8.0.1\fileContent)" [_thread_blocked, id=13472, stack(0x0000006312d00000,0x0000006312e00000)]
  0x000001a454def850 JavaThread "Cache worker for file hash cache (C:\Users\user\Documents\Mobile Project\KophyTech_Project\textBot\ThespAIn\ThespAIn\android\.gradle\8.0.1\fileHashes)" [_thread_blocked, id=21560, stack(0x0000006312e00000,0x0000006312f00000)]
  0x000001a454dec830 JavaThread "Cache worker for cache directory md-supplier (C:\Users\user\.gradle\caches\8.0.1\md-supplier)" [_thread_blocked, id=14084, stack(0x0000006312f00000,0x0000006313000000)]
  0x000001a454decd00 JavaThread "Cache worker for execution history cache (C:\Users\user\.gradle\caches\8.0.1\executionHistory)" [_thread_blocked, id=20440, stack(0x0000006313000000,0x0000006313100000)]
  0x000001a454def380 JavaThread "jar transforms" [_thread_blocked, id=23920, stack(0x0000006313100000,0x0000006313200000)]
  0x000001a454ded6a0 JavaThread "jar transforms Thread 2" [_thread_blocked, id=14080, stack(0x0000006313200000,0x0000006313300000)]
  0x000001a454dee9e0 JavaThread "jar transforms Thread 3" [_thread_blocked, id=21768, stack(0x0000006313300000,0x0000006313400000)]
  0x000001a454deeeb0 JavaThread "jar transforms Thread 4" [_thread_blocked, id=23040, stack(0x0000006313400000,0x0000006313500000)]
  0x000001a45556f520 JavaThread "Cache worker for kotlin-dsl (C:\Users\user\.gradle\caches\8.0.1\kotlin-dsl)" [_thread_blocked, id=21292, stack(0x0000006313500000,0x0000006313600000)]
  0x000001a45556f050 JavaThread "jar transforms Thread 5" [_thread_blocked, id=11340, stack(0x0000006313600000,0x0000006313700000)]
  0x000001a455573880 JavaThread "jar transforms Thread 6" [_thread_blocked, id=9528, stack(0x0000006313700000,0x0000006313800000)]
  0x000001a4555716d0 JavaThread "Cache worker for dependencies-accessors (C:\Users\user\Documents\Mobile Project\KophyTech_Project\textBot\ThespAIn\ThespAIn\android\.gradle\8.0.1\dependencies-accessors)" [_thread_blocked, id=22136, stack(0x0000006313800000,0x0000006313900000)]
  0x000001a4555733b0 JavaThread "Cache worker for Build Output Cleanup Cache (C:\Users\user\Documents\Mobile Project\KophyTech_Project\textBot\ThespAIn\ThespAIn\node_modules\@react-native\gradle-plugin\.gradle\buildOutputCleanup)" [_thread_blocked, id=1796, stack(0x0000006313900000,0x0000006313a00000)]
  0x000001a455573d50 JavaThread "jar transforms Thread 7" [_thread_blocked, id=2624, stack(0x0000006313a00000,0x0000006313b00000)]
  0x000001a455571ba0 JavaThread "Unconstrained build operations" [_thread_blocked, id=20308, stack(0x0000006313b00000,0x0000006313c00000)]
  0x000001a455574220 JavaThread "Unconstrained build operations Thread 2" [_thread_blocked, id=11304, stack(0x0000006313c00000,0x0000006313d00000)]
  0x000001a455572a10 JavaThread "Unconstrained build operations Thread 3" [_thread_blocked, id=7888, stack(0x0000006313d00000,0x0000006313e00000)]
  0x000001a45556fec0 JavaThread "Unconstrained build operations Thread 4" [_thread_blocked, id=3208, stack(0x0000006313e00000,0x0000006313f00000)]
  0x000001a455575f00 JavaThread "Unconstrained build operations Thread 5" [_thread_blocked, id=15876, stack(0x0000006313f00000,0x0000006314000000)]
  0x000001a4555746f0 JavaThread "Unconstrained build operations Thread 6" [_thread_blocked, id=20720, stack(0x0000006314000000,0x0000006314100000)]
  0x000001a455571200 JavaThread "Unconstrained build operations Thread 7" [_thread_blocked, id=18748, stack(0x0000006314100000,0x0000006314200000)]
  0x000001a4555763d0 JavaThread "Unconstrained build operations Thread 8" [_thread_blocked, id=21648, stack(0x0000006314200000,0x0000006314300000)]
  0x000001a455572070 JavaThread "Unconstrained build operations Thread 9" [_thread_blocked, id=17464, stack(0x0000006314300000,0x0000006314400000)]
  0x000001a455575a30 JavaThread "Unconstrained build operations Thread 10" [_thread_blocked, id=13920, stack(0x0000006314400000,0x0000006314500000)]
  0x000001a455575090 JavaThread "Unconstrained build operations Thread 11" [_thread_blocked, id=2500, stack(0x0000006314500000,0x0000006314600000)]
  0x000001a455574bc0 JavaThread "Unconstrained build operations Thread 12" [_thread_blocked, id=18924, stack(0x0000006314600000,0x0000006314700000)]
  0x000001a4555768a0 JavaThread "Unconstrained build operations Thread 13" [_thread_blocked, id=2764, stack(0x0000006314700000,0x0000006314800000)]
  0x000001a455575560 JavaThread "Unconstrained build operations Thread 14" [_thread_blocked, id=22992, stack(0x0000006314800000,0x0000006314900000)]
  0x000001a455570390 JavaThread "Unconstrained build operations Thread 15" [_thread_blocked, id=20096, stack(0x0000006314900000,0x0000006314a00000)]
  0x000001a456877cd0 JavaThread "Unconstrained build operations Thread 16" [_thread_blocked, id=24568, stack(0x0000006314a00000,0x0000006314b00000)]
  0x000001a456872fd0 JavaThread "Unconstrained build operations Thread 17" [_thread_blocked, id=21164, stack(0x0000006314b00000,0x0000006314c00000)]
  0x000001a456875650 JavaThread "Unconstrained build operations Thread 18" [_thread_blocked, id=10812, stack(0x0000006314c00000,0x0000006314d00000)]
  0x000001a456874cb0 JavaThread "Unconstrained build operations Thread 19" [_thread_blocked, id=3676, stack(0x0000006314d00000,0x0000006314e00000)]
  0x000001a456877800 JavaThread "Unconstrained build operations Thread 20" [_thread_blocked, id=3376, stack(0x0000006314e00000,0x0000006314f00000)]
  0x000001a456875ff0 JavaThread "Unconstrained build operations Thread 21" [_thread_blocked, id=18668, stack(0x0000006314f00000,0x0000006315000000)]
  0x000001a4568764c0 JavaThread "Unconstrained build operations Thread 22" [_thread_blocked, id=10836, stack(0x0000006315000000,0x0000006315100000)]
  0x000001a456876e60 JavaThread "Unconstrained build operations Thread 23" [_thread_blocked, id=21328, stack(0x0000006315100000,0x0000006315200000)]
  0x000001a456875180 JavaThread "Unconstrained build operations Thread 24" [_thread_blocked, id=20068, stack(0x0000006315200000,0x0000006315300000)]
  0x000001a456872160 JavaThread "Unconstrained build operations Thread 25" [_thread_blocked, id=7320, stack(0x0000006315300000,0x0000006315400000)]
  0x000001a456878b40 JavaThread "Unconstrained build operations Thread 26" [_thread_blocked, id=10596, stack(0x0000006315400000,0x0000006315500000)]
  0x000001a456875b20 JavaThread "jar transforms Thread 8" [_thread_blocked, id=14872, stack(0x0000006315500000,0x0000006315600000)]
  0x000001a456877330 JavaThread "Memory manager" [_thread_blocked, id=9920, stack(0x0000006315600000,0x0000006315700000)]
  0x000001a456879010 JavaThread "Cache worker for Build Output Cleanup Cache (C:\Users\user\Documents\Mobile Project\KophyTech_Project\textBot\ThespAIn\ThespAIn\android\.gradle\buildOutputCleanup)" [_thread_blocked, id=16544, stack(0x0000006312300000,0x0000006312400000)]
=>0x000001a455b82a50 JavaThread "C2 CompilerThread1" daemon [_thread_in_native, id=22012, stack(0x0000006315700000,0x0000006315800000)]
  0x000001a456871c90 JavaThread "included builds" [_thread_blocked, id=23240, stack(0x0000006315800000,0x0000006315900000)]
  0x000001a456872b00 JavaThread "Execution worker" [_thread_blocked, id=5136, stack(0x0000006315900000,0x0000006315a00000)]
  0x000001a456873970 JavaThread "Execution worker Thread 2" [_thread_blocked, id=2640, stack(0x0000006315a00000,0x0000006315b00000)]
  0x000001a456873e40 JavaThread "Execution worker Thread 3" [_thread_blocked, id=9880, stack(0x0000006315b00000,0x0000006315c00000)]
  0x000001a456874310 JavaThread "Execution worker Thread 4" [_thread_blocked, id=3576, stack(0x0000006315c00000,0x0000006315d00000)]
  0x000001a456e24320 JavaThread "Execution worker Thread 5" [_thread_blocked, id=18564, stack(0x0000006315d00000,0x0000006315e00000)]
  0x000001a456e22640 JavaThread "Execution worker Thread 6" [_thread_blocked, id=20728, stack(0x0000006315e00000,0x0000006315f00000)]
  0x000001a456e1ec80 JavaThread "Execution worker Thread 7" [_thread_blocked, id=1216, stack(0x0000006315f00000,0x0000006316000000)]
  0x000001a456e22b10 JavaThread "Cache worker for execution history cache (C:\Users\user\Documents\Mobile Project\KophyTech_Project\textBot\ThespAIn\ThespAIn\node_modules\@react-native\gradle-plugin\.gradle\8.0.1\executionHistory)" [_thread_blocked, id=17624, stack(0x0000006316000000,0x0000006316100000)]
  0x000001a456e21ca0 JavaThread "Unconstrained build operations Thread 27" [_thread_blocked, id=24472, stack(0x0000006316100000,0x0000006316200000)]
  0x000001a456e1d940 JavaThread "Unconstrained build operations Thread 28" [_thread_blocked, id=9820, stack(0x0000006316200000,0x0000006316300000)]
  0x000001a456e20490 JavaThread "Unconstrained build operations Thread 29" [_thread_blocked, id=22388, stack(0x0000006316300000,0x0000006316400000)]
  0x000001a456e1ffc0 JavaThread "Unconstrained build operations Thread 30" [_thread_blocked, id=10164, stack(0x0000006316400000,0x0000006316500000)]
  0x000001a456e20960 JavaThread "Unconstrained build operations Thread 31" [_thread_blocked, id=6472, stack(0x0000006316500000,0x0000006316600000)]
  0x000001a456e1faf0 JavaThread "Unconstrained build operations Thread 32" [_thread_blocked, id=8928, stack(0x0000006316600000,0x0000006316700000)]
  0x000001a456e1e2e0 JavaThread "Unconstrained build operations Thread 33" [_thread_blocked, id=5964, stack(0x0000006316700000,0x0000006316800000)]
  0x000001a456e1e7b0 JavaThread "Unconstrained build operations Thread 34" [_thread_blocked, id=10200, stack(0x0000006316800000,0x0000006316900000)]
  0x000001a456e23e50 JavaThread "Unconstrained build operations Thread 35" [_thread_blocked, id=16584, stack(0x0000006316900000,0x0000006316a00000)]
  0x000001a456e20e30 JavaThread "Unconstrained build operations Thread 36" [_thread_blocked, id=15940, stack(0x0000006316a00000,0x0000006316b00000)]
  0x000001a456e247f0 JavaThread "Unconstrained build operations Thread 37" [_thread_blocked, id=8508, stack(0x0000006316b00000,0x0000006316c00000)]
  0x000001a456e23980 JavaThread "Unconstrained build operations Thread 38" [_thread_blocked, id=1132, stack(0x0000006316c00000,0x0000006316d00000)]
  0x000001a456e1cfa0 JavaThread "Unconstrained build operations Thread 39" [_thread_blocked, id=19852, stack(0x0000006316d00000,0x0000006316e00000)]
  0x000001a456e1d470 JavaThread "Unconstrained build operations Thread 40" [_thread_blocked, id=7384, stack(0x0000006316e00000,0x0000006316f00000)]
  0x000001a456e1de10 JavaThread "Unconstrained build operations Thread 41" [_thread_blocked, id=9964, stack(0x0000006316f00000,0x0000006317000000)]
  0x000001a456e21300 JavaThread "Unconstrained build operations Thread 42" [_thread_blocked, id=9640, stack(0x0000006317000000,0x0000006317100000)]
  0x000001a456e22170 JavaThread "Unconstrained build operations Thread 43" [_thread_blocked, id=2516, stack(0x0000006317100000,0x0000006317200000)]
  0x000001a456e1f150 JavaThread "Unconstrained build operations Thread 44" [_thread_blocked, id=2416, stack(0x0000006317200000,0x0000006317300000)]
  0x000001a456e217d0 JavaThread "Unconstrained build operations Thread 45" [_thread_blocked, id=11732, stack(0x0000006317300000,0x0000006317400000)]
  0x000001a456e22fe0 JavaThread "Unconstrained build operations Thread 46" [_thread_blocked, id=18996, stack(0x0000006317400000,0x0000006317500000)]
  0x000001a456e234b0 JavaThread "Unconstrained build operations Thread 47" [_thread_blocked, id=17328, stack(0x0000006317500000,0x0000006317600000)]
  0x000001a456e1f620 JavaThread "Unconstrained build operations Thread 48" [_thread_blocked, id=24028, stack(0x0000006317600000,0x0000006317700000)]
  0x000001a4533b0cb0 JavaThread "Unconstrained build operations Thread 49" [_thread_blocked, id=11336, stack(0x0000006317700000,0x0000006317800000)]
  0x000001a4533ab140 JavaThread "Unconstrained build operations Thread 50" [_thread_blocked, id=14980, stack(0x0000006317800000,0x0000006317900000)]
  0x000001a4533af4a0 JavaThread "Unconstrained build operations Thread 51" [_thread_blocked, id=20268, stack(0x0000006317900000,0x0000006317a00000)]
  0x000001a4533b1180 JavaThread "Unconstrained build operations Thread 52" [_thread_blocked, id=7408, stack(0x0000006317a00000,0x0000006317b00000)]
  0x000001a4533ae160 JavaThread "Unconstrained build operations Thread 53" [_thread_blocked, id=7956, stack(0x0000006317b00000,0x0000006317c00000)]
  0x000001a4533ae630 JavaThread "Unconstrained build operations Thread 54" [_thread_blocked, id=18300, stack(0x0000006317c00000,0x0000006317d00000)]
  0x000001a4533ab610 JavaThread "Unconstrained build operations Thread 55" [_thread_blocked, id=15420, stack(0x0000006317d00000,0x0000006317e00000)]
  0x000001a4533b1650 JavaThread "Unconstrained build operations Thread 56" [_thread_blocked, id=15424, stack(0x0000006317e00000,0x0000006317f00000)]
  0x000001a4533aeb00 JavaThread "Unconstrained build operations Thread 57" [_thread_blocked, id=5288, stack(0x0000006317f00000,0x0000006318000000)]
  0x000001a4533ad2f0 JavaThread "Unconstrained build operations Thread 58" [_thread_blocked, id=7000, stack(0x0000006318000000,0x0000006318100000)]
  0x000001a4533aefd0 JavaThread "Unconstrained build operations Thread 59" [_thread_blocked, id=3900, stack(0x0000006318100000,0x0000006318200000)]
  0x000001a4533adc90 JavaThread "Unconstrained build operations Thread 60" [_thread_blocked, id=18488, stack(0x0000006318200000,0x0000006318300000)]
  0x000001a4533abae0 JavaThread "Unconstrained build operations Thread 61" [_thread_blocked, id=17292, stack(0x0000006318300000,0x0000006318400000)]
  0x000001a4533b07e0 JavaThread "Unconstrained build operations Thread 62" [_thread_blocked, id=14508, stack(0x0000006318400000,0x0000006318500000)]
  0x000001a4533ac950 JavaThread "Unconstrained build operations Thread 63" [_thread_blocked, id=11144, stack(0x0000006318500000,0x0000006318600000)]
  0x000001a4533abfb0 JavaThread "Unconstrained build operations Thread 64" [_thread_blocked, id=16608, stack(0x0000006318600000,0x0000006318700000)]
  0x000001a4533af970 JavaThread "Unconstrained build operations Thread 65" [_thread_blocked, id=21184, stack(0x0000006318700000,0x0000006318800000)]
  0x000001a4533ac480 JavaThread "Unconstrained build operations Thread 66" [_thread_blocked, id=19476, stack(0x0000006318800000,0x0000006318900000)]
  0x000001a4533ace20 JavaThread "Unconstrained build operations Thread 67" [_thread_blocked, id=21760, stack(0x0000006318900000,0x0000006318a00000)]
  0x000001a4533b0310 JavaThread "Unconstrained build operations Thread 68" [_thread_blocked, id=21528, stack(0x0000006318a00000,0x0000006318b00000)]
  0x000001a4533afe40 JavaThread "Unconstrained build operations Thread 69" [_thread_blocked, id=21272, stack(0x0000006318b00000,0x0000006318c00000)]
  0x000001a4533a9e00 JavaThread "Unconstrained build operations Thread 70" [_thread_blocked, id=13828, stack(0x0000006318c00000,0x0000006318d00000)]
  0x000001a4533aa2d0 JavaThread "Unconstrained build operations Thread 71" [_thread_blocked, id=13716, stack(0x0000006318d00000,0x0000006318e00000)]
  0x000001a4533aa7a0 JavaThread "Unconstrained build operations Thread 72" [_thread_blocked, id=10416, stack(0x0000006318e00000,0x0000006318f00000)]
  0x000001a4533aac70 JavaThread "Unconstrained build operations Thread 73" [_thread_blocked, id=5628, stack(0x0000006318f00000,0x0000006319000000)]
  0x000001a4527594e0 JavaThread "Unconstrained build operations Thread 74" [_thread_blocked, id=15976, stack(0x0000006319000000,0x0000006319100000)]
  0x000001a4527599b0 JavaThread "Unconstrained build operations Thread 75" [_thread_blocked, id=10760, stack(0x0000006319100000,0x0000006319200000)]
  0x000001a45275cea0 JavaThread "Unconstrained build operations Thread 76" [_thread_blocked, id=12232, stack(0x0000006319200000,0x0000006319300000)]
  0x000001a452759e80 JavaThread "Unconstrained build operations Thread 77" [_thread_blocked, id=2964, stack(0x0000006319300000,0x0000006319400000)]
  0x000001a452758670 JavaThread "Unconstrained build operations Thread 78" [_thread_blocked, id=5348, stack(0x0000006319400000,0x0000006319500000)]
  0x000001a45275a350 JavaThread "Unconstrained build operations Thread 79" [_thread_blocked, id=17280, stack(0x0000006319500000,0x0000006319600000)]
  0x000001a45275b1c0 JavaThread "Unconstrained build operations Thread 80" [_thread_blocked, id=21032, stack(0x0000006319600000,0x0000006319700000)]

Other Threads:
  0x000001a44e069830 VMThread "VM Thread" [stack: 0x0000006310600000,0x0000006310700000] [id=11148]
  0x000001a4524cd2e0 WatcherThread "VM Periodic Task Thread" [stack: 0x0000006311200000,0x0000006311300000] [id=4040]
  0x000001a42fe9d430 WorkerThread "GC Thread#0" [stack: 0x0000006310100000,0x0000006310200000] [id=9376]
  0x000001a452f146f0 WorkerThread "GC Thread#1" [stack: 0x0000006311400000,0x0000006311500000] [id=10368]
  0x000001a452e836e0 WorkerThread "GC Thread#2" [stack: 0x0000006311500000,0x0000006311600000] [id=14736]
  0x000001a452fb0010 WorkerThread "GC Thread#3" [stack: 0x0000006311600000,0x0000006311700000] [id=12620]
  0x000001a4539e70a0 WorkerThread "GC Thread#4" [stack: 0x0000006311700000,0x0000006311800000] [id=17504]
  0x000001a4530ba650 WorkerThread "GC Thread#5" [stack: 0x0000006312500000,0x0000006312600000] [id=12052]
  0x000001a4543c1fd0 WorkerThread "GC Thread#6" [stack: 0x0000006312600000,0x0000006312700000] [id=24272]
  0x000001a4543b5430 WorkerThread "GC Thread#7" [stack: 0x0000006312700000,0x0000006312800000] [id=22128]
  0x000001a42feae360 ConcurrentGCThread "G1 Main Marker" [stack: 0x0000006310200000,0x0000006310300000] [id=12276]
  0x000001a42feaed50 WorkerThread "G1 Conc#0" [stack: 0x0000006310300000,0x0000006310400000] [id=3460]
  0x000001a455789180 WorkerThread "G1 Conc#1" [stack: 0x0000006312c00000,0x0000006312d00000] [id=13420]
  0x000001a44df23510 ConcurrentGCThread "G1 Refine#0" [stack: 0x0000006310400000,0x0000006310500000] [id=16724]
  0x000001a44df24d40 ConcurrentGCThread "G1 Service" [stack: 0x0000006310500000,0x0000006310600000] [id=14476]

Threads with active compile tasks:
C2 CompilerThread0    16386 8537 %     4       org.gradle.internal.instantiation.generator.AbstractClassGenerator::inspectType @ 107 (560 bytes)
C1 CompilerThread0    16386 8622       3       org.gradle.api.internal.provider.ValueSupplier$Present::orNull (5 bytes)
C2 CompilerThread1    16386 8588   !   4       com.google.common.reflect.TypeVisitor::visit (244 bytes)

VM state: not at safepoint (normal execution)

VM Mutex/Monitor currently owned by a thread: None

Heap address: 0x0000000080000000, size: 2048 MB, Compressed Oops mode: 32-bit

CDS archive(s) mapped at: [0x0000000800000000-0x0000000800ba0000-0x0000000800ba0000), size 12189696, SharedBaseAddress: 0x0000000800000000, ArchiveRelocationMode: 0.
Compressed class space mapped at: 0x0000000800c00000-0x000000081a800000, reserved size: 432013312
Narrow klass base: 0x0000000800000000, Narrow klass shift: 0, Narrow klass range: 0x100000000

GC Precious Log:
 CardTable entry size: 512
 Card Set container configuration: InlinePtr #cards 5 size 8 Array Of Cards #cards 12 size 40 Howl #buckets 4 coarsen threshold 1843 Howl Bitmap #cards 512 size 80 coarsen threshold 460 Card regions per heap region 1 cards per card region 2048
 CPUs: 8 total, 8 available
 Memory: 8007M
 Large Page Support: Disabled
 NUMA Support: Disabled
 Compressed Oops: Enabled (32-bit)
 Heap Region Size: 1M
 Heap Min Capacity: 8M
 Heap Initial Capacity: 126M
 Heap Max Capacity: 2G
 Pre-touch: Disabled
 Parallel Workers: 8
 Concurrent Workers: 2
 Concurrent Refinement Workers: 8
 Periodic GC: Disabled

Heap:
 garbage-first heap   total 158720K, used 111967K [0x0000000080000000, 0x0000000100000000)
  region size 1024K, 54 young (55296K), 8 survivors (8192K)
 Metaspace       used 68668K, committed 70592K, reserved 487424K
  class space    used 9506K, committed 10496K, reserved 421888K

Heap Regions: E=young(eden), S=young(survivor), O=old, HS=humongous(starts), HC=humongous(continues), CS=collection set, F=free, OA=open archive, CA=closed archive, TAMS=top-at-mark-start (previous, next)
|   0|0x0000000080000000, 0x0000000080100000, 0x0000000080100000|100%|HS|  |TAMS 0x0000000080100000, 0x0000000080000000| Complete 
|   1|0x0000000080100000, 0x0000000080200000, 0x0000000080200000|100%|HC|  |TAMS 0x0000000080200000, 0x0000000080100000| Complete 
|   2|0x0000000080200000, 0x0000000080300000, 0x0000000080300000|100%|HC|  |TAMS 0x0000000080300000, 0x0000000080200000| Complete 
|   3|0x0000000080300000, 0x0000000080400000, 0x0000000080400000|100%|HC|  |TAMS 0x0000000080400000, 0x0000000080300000| Complete 
|   4|0x0000000080400000, 0x0000000080500000, 0x0000000080500000|100%| O|  |TAMS 0x0000000080500000, 0x0000000080400000| Untracked 
|   5|0x0000000080500000, 0x0000000080600000, 0x0000000080600000|100%| O|  |TAMS 0x0000000080600000, 0x0000000080500000| Untracked 
|   6|0x0000000080600000, 0x0000000080700000, 0x0000000080700000|100%| O|  |TAMS 0x0000000080700000, 0x0000000080600000| Untracked 
|   7|0x0000000080700000, 0x0000000080800000, 0x0000000080800000|100%| O|  |TAMS 0x0000000080800000, 0x0000000080700000| Untracked 
|   8|0x0000000080800000, 0x0000000080900000, 0x0000000080900000|100%| O|  |TAMS 0x0000000080900000, 0x0000000080800000| Untracked 
|   9|0x0000000080900000, 0x0000000080a00000, 0x0000000080a00000|100%| O|  |TAMS 0x0000000080a00000, 0x0000000080900000| Untracked 
|  10|0x0000000080a00000, 0x0000000080b00000, 0x0000000080b00000|100%| O|  |TAMS 0x0000000080b00000, 0x0000000080a00000| Untracked 
|  11|0x0000000080b00000, 0x0000000080c00000, 0x0000000080c00000|100%| O|  |TAMS 0x0000000080c00000, 0x0000000080b00000| Untracked 
|  12|0x0000000080c00000, 0x0000000080d00000, 0x0000000080d00000|100%| O|  |TAMS 0x0000000080d00000, 0x0000000080c00000| Untracked 
|  13|0x0000000080d00000, 0x0000000080e00000, 0x0000000080e00000|100%| O|  |TAMS 0x0000000080e00000, 0x0000000080d00000| Untracked 
|  14|0x0000000080e00000, 0x0000000080f00000, 0x0000000080f00000|100%| O|  |TAMS 0x0000000080f00000, 0x0000000080e00000| Untracked 
|  15|0x0000000080f00000, 0x0000000081000000, 0x0000000081000000|100%| O|  |TAMS 0x0000000081000000, 0x0000000080f00000| Untracked 
|  16|0x0000000081000000, 0x0000000081100000, 0x0000000081100000|100%| O|  |TAMS 0x0000000081100000, 0x0000000081000000| Untracked 
|  17|0x0000000081100000, 0x0000000081200000, 0x0000000081200000|100%| O|  |TAMS 0x0000000081200000, 0x0000000081100000| Untracked 
|  18|0x0000000081200000, 0x0000000081300000, 0x0000000081300000|100%| O|  |TAMS 0x0000000081300000, 0x0000000081200000| Untracked 
|  19|0x0000000081300000, 0x0000000081400000, 0x0000000081400000|100%| O|  |TAMS 0x0000000081400000, 0x0000000081300000| Untracked 
|  20|0x0000000081400000, 0x0000000081500000, 0x0000000081500000|100%| O|  |TAMS 0x0000000081400000, 0x0000000081400000| Untracked 
|  21|0x0000000081500000, 0x0000000081600000, 0x0000000081600000|100%| O|  |TAMS 0x0000000081600000, 0x0000000081500000| Untracked 
|  22|0x0000000081600000, 0x0000000081700000, 0x0000000081700000|100%| O|  |TAMS 0x0000000081700000, 0x0000000081600000| Untracked 
|  23|0x0000000081700000, 0x0000000081800000, 0x0000000081800000|100%| O|  |TAMS 0x0000000081800000, 0x0000000081700000| Untracked 
|  24|0x0000000081800000, 0x0000000081900000, 0x0000000081900000|100%| O|  |TAMS 0x0000000081900000, 0x0000000081800000| Untracked 
|  25|0x0000000081900000, 0x0000000081a00000, 0x0000000081a00000|100%| O|  |TAMS 0x0000000081a00000, 0x0000000081900000| Untracked 
|  26|0x0000000081a00000, 0x0000000081b00000, 0x0000000081b00000|100%| O|  |TAMS 0x0000000081b00000, 0x0000000081a00000| Untracked 
|  27|0x0000000081b00000, 0x0000000081c00000, 0x0000000081c00000|100%| O|  |TAMS 0x0000000081c00000, 0x0000000081b00000| Untracked 
|  28|0x0000000081c00000, 0x0000000081d00000, 0x0000000081d00000|100%| O|  |TAMS 0x0000000081d00000, 0x0000000081c00000| Untracked 
|  29|0x0000000081d00000, 0x0000000081e00000, 0x0000000081e00000|100%| O|  |TAMS 0x0000000081e00000, 0x0000000081d00000| Untracked 
|  30|0x0000000081e00000, 0x0000000081f00000, 0x0000000081f00000|100%|HS|  |TAMS 0x0000000081f00000, 0x0000000081e00000| Complete 
|  31|0x0000000081f00000, 0x0000000082000000, 0x0000000082000000|100%|HC|  |TAMS 0x0000000082000000, 0x0000000081f00000| Complete 
|  32|0x0000000082000000, 0x0000000082100000, 0x0000000082100000|100%| O|  |TAMS 0x0000000082100000, 0x0000000082000000| Untracked 
|  33|0x0000000082100000, 0x0000000082200000, 0x0000000082200000|100%| O|  |TAMS 0x0000000082200000, 0x0000000082100000| Untracked 
|  34|0x0000000082200000, 0x0000000082300000, 0x0000000082300000|100%| O|  |TAMS 0x0000000082300000, 0x0000000082200000| Untracked 
|  35|0x0000000082300000, 0x0000000082400000, 0x0000000082400000|100%| O|  |TAMS 0x0000000082400000, 0x0000000082300000| Untracked 
|  36|0x0000000082400000, 0x0000000082500000, 0x0000000082500000|100%|HS|  |TAMS 0x0000000082400000, 0x0000000082400000| Complete 
|  37|0x0000000082500000, 0x0000000082600000, 0x0000000082600000|100%| O|  |TAMS 0x0000000082600000, 0x0000000082500000| Untracked 
|  38|0x0000000082600000, 0x0000000082700000, 0x0000000082700000|100%|HS|  |TAMS 0x0000000082700000, 0x0000000082600000| Complete 
|  39|0x0000000082700000, 0x0000000082800000, 0x0000000082800000|100%|HC|  |TAMS 0x0000000082800000, 0x0000000082700000| Complete 
|  40|0x0000000082800000, 0x0000000082900000, 0x0000000082900000|100%|HC|  |TAMS 0x0000000082900000, 0x0000000082800000| Complete 
|  41|0x0000000082900000, 0x0000000082a00000, 0x0000000082a00000|100%|HC|  |TAMS 0x0000000082a00000, 0x0000000082900000| Complete 
|  42|0x0000000082a00000, 0x0000000082b00000, 0x0000000082b00000|100%| O|  |TAMS 0x0000000082b00000, 0x0000000082a00000| Untracked 
|  43|0x0000000082b00000, 0x0000000082c00000, 0x0000000082c00000|100%| O|  |TAMS 0x0000000082c00000, 0x0000000082b00000| Untracked 
|  44|0x0000000082c00000, 0x0000000082d00000, 0x0000000082d00000|100%| O|  |TAMS 0x0000000082d00000, 0x0000000082c00000| Untracked 
|  45|0x0000000082d00000, 0x0000000082e00000, 0x0000000082e00000|100%| O|  |TAMS 0x0000000082e00000, 0x0000000082d00000| Untracked 
|  46|0x0000000082e00000, 0x0000000082f00000, 0x0000000082f00000|100%| O|  |TAMS 0x0000000082f00000, 0x0000000082e00000| Untracked 
|  47|0x0000000082f00000, 0x0000000083000000, 0x0000000083000000|100%| O|  |TAMS 0x0000000083000000, 0x0000000082f00000| Untracked 
|  48|0x0000000083000000, 0x0000000083100000, 0x0000000083100000|100%| O|  |TAMS 0x0000000083100000, 0x0000000083000000| Untracked 
|  49|0x0000000083100000, 0x0000000083200000, 0x0000000083200000|100%| O|  |TAMS 0x0000000083200000, 0x0000000083100000| Untracked 
|  50|0x0000000083200000, 0x0000000083300000, 0x0000000083300000|100%| O|  |TAMS 0x0000000083300000, 0x0000000083200000| Untracked 
|  51|0x0000000083300000, 0x0000000083400000, 0x0000000083400000|100%| O|  |TAMS 0x0000000083400000, 0x0000000083300000| Untracked 
|  52|0x0000000083400000, 0x0000000083500000, 0x0000000083500000|100%| O|  |TAMS 0x00000000834e9000, 0x0000000083400000| Untracked 
|  53|0x0000000083500000, 0x0000000083600000, 0x0000000083600000|100%| O|  |TAMS 0x0000000083500000, 0x0000000083500000| Untracked 
|  54|0x0000000083600000, 0x0000000083700000, 0x0000000083700000|100%| O|  |TAMS 0x0000000083600000, 0x0000000083600000| Untracked 
|  55|0x0000000083700000, 0x00000000837fa400, 0x0000000083800000| 97%| O|  |TAMS 0x0000000083700000, 0x0000000083700000| Untracked 
|  56|0x0000000083800000, 0x0000000083900000, 0x0000000083900000|100%|HS|  |TAMS 0x0000000083800000, 0x0000000083800000| Complete 
|  57|0x0000000083900000, 0x0000000083900000, 0x0000000083a00000|  0%| F|  |TAMS 0x0000000083900000, 0x0000000083900000| Untracked 
|  58|0x0000000083a00000, 0x0000000083a00000, 0x0000000083b00000|  0%| F|  |TAMS 0x0000000083a00000, 0x0000000083a00000| Untracked 
|  59|0x0000000083b00000, 0x0000000083b00000, 0x0000000083c00000|  0%| F|  |TAMS 0x0000000083b00000, 0x0000000083b00000| Untracked 
|  60|0x0000000083c00000, 0x0000000083c00000, 0x0000000083d00000|  0%| F|  |TAMS 0x0000000083c00000, 0x0000000083c00000| Untracked 
|  61|0x0000000083d00000, 0x0000000083d00000, 0x0000000083e00000|  0%| F|  |TAMS 0x0000000083d00000, 0x0000000083d00000| Untracked 
|  62|0x0000000083e00000, 0x0000000083e00000, 0x0000000083f00000|  0%| F|  |TAMS 0x0000000083e00000, 0x0000000083e00000| Untracked 
|  63|0x0000000083f00000, 0x0000000083f00000, 0x0000000084000000|  0%| F|  |TAMS 0x0000000083f00000, 0x0000000083f00000| Untracked 
|  64|0x0000000084000000, 0x0000000084000000, 0x0000000084100000|  0%| F|  |TAMS 0x0000000084000000, 0x0000000084000000| Untracked 
|  65|0x0000000084100000, 0x0000000084100000, 0x0000000084200000|  0%| F|  |TAMS 0x0000000084100000, 0x0000000084100000| Untracked 
|  66|0x0000000084200000, 0x0000000084200000, 0x0000000084300000|  0%| F|  |TAMS 0x0000000084200000, 0x0000000084200000| Untracked 
|  67|0x0000000084300000, 0x0000000084300000, 0x0000000084400000|  0%| F|  |TAMS 0x0000000084300000, 0x0000000084300000| Untracked 
|  68|0x0000000084400000, 0x0000000084400000, 0x0000000084500000|  0%| F|  |TAMS 0x0000000084400000, 0x0000000084400000| Untracked 
|  69|0x0000000084500000, 0x0000000084500000, 0x0000000084600000|  0%| F|  |TAMS 0x0000000084500000, 0x0000000084500000| Untracked 
|  70|0x0000000084600000, 0x0000000084600000, 0x0000000084700000|  0%| F|  |TAMS 0x0000000084600000, 0x0000000084600000| Untracked 
|  71|0x0000000084700000, 0x0000000084700000, 0x0000000084800000|  0%| F|  |TAMS 0x0000000084700000, 0x0000000084700000| Untracked 
|  72|0x0000000084800000, 0x0000000084800000, 0x0000000084900000|  0%| F|  |TAMS 0x0000000084800000, 0x0000000084800000| Untracked 
|  73|0x0000000084900000, 0x0000000084900000, 0x0000000084a00000|  0%| F|  |TAMS 0x0000000084900000, 0x0000000084900000| Untracked 
|  74|0x0000000084a00000, 0x0000000084a00000, 0x0000000084b00000|  0%| F|  |TAMS 0x0000000084a00000, 0x0000000084a00000| Untracked 
|  75|0x0000000084b00000, 0x0000000084b5da00, 0x0000000084c00000| 36%| S|CS|TAMS 0x0000000084b00000, 0x0000000084b00000| Complete 
|  76|0x0000000084c00000, 0x0000000084d00000, 0x0000000084d00000|100%| S|CS|TAMS 0x0000000084c00000, 0x0000000084c00000| Complete 
|  77|0x0000000084d00000, 0x0000000084e00000, 0x0000000084e00000|100%| S|CS|TAMS 0x0000000084d00000, 0x0000000084d00000| Complete 
|  78|0x0000000084e00000, 0x0000000084f00000, 0x0000000084f00000|100%| S|CS|TAMS 0x0000000084e00000, 0x0000000084e00000| Complete 
|  79|0x0000000084f00000, 0x0000000085000000, 0x0000000085000000|100%| S|CS|TAMS 0x0000000084f00000, 0x0000000084f00000| Complete 
|  80|0x0000000085000000, 0x0000000085100000, 0x0000000085100000|100%| S|CS|TAMS 0x0000000085000000, 0x0000000085000000| Complete 
|  81|0x0000000085100000, 0x0000000085200000, 0x0000000085200000|100%| S|CS|TAMS 0x0000000085100000, 0x0000000085100000| Complete 
|  82|0x0000000085200000, 0x0000000085300000, 0x0000000085300000|100%| S|CS|TAMS 0x0000000085200000, 0x0000000085200000| Complete 
|  83|0x0000000085300000, 0x0000000085300000, 0x0000000085400000|  0%| F|  |TAMS 0x0000000085300000, 0x0000000085300000| Untracked 
|  84|0x0000000085400000, 0x0000000085400000, 0x0000000085500000|  0%| F|  |TAMS 0x0000000085400000, 0x0000000085400000| Untracked 
|  85|0x0000000085500000, 0x0000000085500000, 0x0000000085600000|  0%| F|  |TAMS 0x0000000085500000, 0x0000000085500000| Untracked 
|  86|0x0000000085600000, 0x0000000085600000, 0x0000000085700000|  0%| F|  |TAMS 0x0000000085600000, 0x0000000085600000| Untracked 
|  87|0x0000000085700000, 0x0000000085700000, 0x0000000085800000|  0%| F|  |TAMS 0x0000000085700000, 0x0000000085700000| Untracked 
|  88|0x0000000085800000, 0x0000000085800000, 0x0000000085900000|  0%| F|  |TAMS 0x0000000085800000, 0x0000000085800000| Untracked 
|  89|0x0000000085900000, 0x0000000085900000, 0x0000000085a00000|  0%| F|  |TAMS 0x0000000085900000, 0x0000000085900000| Untracked 
|  90|0x0000000085a00000, 0x0000000085a00000, 0x0000000085b00000|  0%| F|  |TAMS 0x0000000085a00000, 0x0000000085a00000| Untracked 
|  91|0x0000000085b00000, 0x0000000085b00000, 0x0000000085c00000|  0%| F|  |TAMS 0x0000000085b00000, 0x0000000085b00000| Untracked 
|  92|0x0000000085c00000, 0x0000000085c00000, 0x0000000085d00000|  0%| F|  |TAMS 0x0000000085c00000, 0x0000000085c00000| Untracked 
|  93|0x0000000085d00000, 0x0000000085d00000, 0x0000000085e00000|  0%| F|  |TAMS 0x0000000085d00000, 0x0000000085d00000| Untracked 
|  94|0x0000000085e00000, 0x0000000085e00000, 0x0000000085f00000|  0%| F|  |TAMS 0x0000000085e00000, 0x0000000085e00000| Untracked 
|  95|0x0000000085f00000, 0x0000000085f00000, 0x0000000086000000|  0%| F|  |TAMS 0x0000000085f00000, 0x0000000085f00000| Untracked 
|  96|0x0000000086000000, 0x0000000086000000, 0x0000000086100000|  0%| F|  |TAMS 0x0000000086000000, 0x0000000086000000| Untracked 
|  97|0x0000000086100000, 0x0000000086100000, 0x0000000086200000|  0%| F|  |TAMS 0x0000000086100000, 0x0000000086100000| Untracked 
|  98|0x0000000086200000, 0x0000000086200000, 0x0000000086300000|  0%| F|  |TAMS 0x0000000086200000, 0x0000000086200000| Untracked 
|  99|0x0000000086300000, 0x0000000086300000, 0x0000000086400000|  0%| F|  |TAMS 0x0000000086300000, 0x0000000086300000| Untracked 
| 100|0x0000000086400000, 0x0000000086400000, 0x0000000086500000|  0%| F|  |TAMS 0x0000000086400000, 0x0000000086400000| Untracked 
| 101|0x0000000086500000, 0x0000000086500000, 0x0000000086600000|  0%| F|  |TAMS 0x0000000086500000, 0x0000000086500000| Untracked 
| 102|0x0000000086600000, 0x0000000086600000, 0x0000000086700000|  0%| F|  |TAMS 0x0000000086600000, 0x0000000086600000| Untracked 
| 103|0x0000000086700000, 0x0000000086700000, 0x0000000086800000|  0%| F|  |TAMS 0x0000000086700000, 0x0000000086700000| Untracked 
| 104|0x0000000086800000, 0x0000000086800000, 0x0000000086900000|  0%| F|  |TAMS 0x0000000086800000, 0x0000000086800000| Untracked 
| 105|0x0000000086900000, 0x0000000086900000, 0x0000000086a00000|  0%| F|  |TAMS 0x0000000086900000, 0x0000000086900000| Untracked 
| 106|0x0000000086a00000, 0x0000000086a00000, 0x0000000086b00000|  0%| F|  |TAMS 0x0000000086a00000, 0x0000000086a00000| Untracked 
| 107|0x0000000086b00000, 0x0000000086b00000, 0x0000000086c00000|  0%| F|  |TAMS 0x0000000086b00000, 0x0000000086b00000| Untracked 
| 108|0x0000000086c00000, 0x0000000086c00000, 0x0000000086d00000|  0%| F|  |TAMS 0x0000000086c00000, 0x0000000086c00000| Untracked 
| 109|0x0000000086d00000, 0x0000000086d80800, 0x0000000086e00000| 50%| E|  |TAMS 0x0000000086d00000, 0x0000000086d00000| Complete 
| 110|0x0000000086e00000, 0x0000000086f00000, 0x0000000086f00000|100%| E|CS|TAMS 0x0000000086e00000, 0x0000000086e00000| Complete 
| 111|0x0000000086f00000, 0x0000000087000000, 0x0000000087000000|100%| E|CS|TAMS 0x0000000086f00000, 0x0000000086f00000| Complete 
| 112|0x0000000087000000, 0x0000000087100000, 0x0000000087100000|100%| E|CS|TAMS 0x0000000087000000, 0x0000000087000000| Complete 
| 113|0x0000000087100000, 0x0000000087200000, 0x0000000087200000|100%| E|CS|TAMS 0x0000000087100000, 0x0000000087100000| Complete 
| 114|0x0000000087200000, 0x0000000087300000, 0x0000000087300000|100%| E|CS|TAMS 0x0000000087200000, 0x0000000087200000| Complete 
| 115|0x0000000087300000, 0x0000000087400000, 0x0000000087400000|100%| E|CS|TAMS 0x0000000087300000, 0x0000000087300000| Complete 
| 116|0x0000000087400000, 0x0000000087500000, 0x0000000087500000|100%| E|CS|TAMS 0x0000000087400000, 0x0000000087400000| Complete 
| 117|0x0000000087500000, 0x0000000087600000, 0x0000000087600000|100%| E|CS|TAMS 0x0000000087500000, 0x0000000087500000| Complete 
| 118|0x0000000087600000, 0x0000000087700000, 0x0000000087700000|100%| E|CS|TAMS 0x0000000087600000, 0x0000000087600000| Complete 
| 119|0x0000000087700000, 0x0000000087800000, 0x0000000087800000|100%| E|CS|TAMS 0x0000000087700000, 0x0000000087700000| Complete 
| 120|0x0000000087800000, 0x0000000087900000, 0x0000000087900000|100%| E|CS|TAMS 0x0000000087800000, 0x0000000087800000| Complete 
| 121|0x0000000087900000, 0x0000000087a00000, 0x0000000087a00000|100%| E|CS|TAMS 0x0000000087900000, 0x0000000087900000| Complete 
| 122|0x0000000087a00000, 0x0000000087b00000, 0x0000000087b00000|100%| E|CS|TAMS 0x0000000087a00000, 0x0000000087a00000| Complete 
| 123|0x0000000087b00000, 0x0000000087c00000, 0x0000000087c00000|100%| E|CS|TAMS 0x0000000087b00000, 0x0000000087b00000| Complete 
| 124|0x0000000087c00000, 0x0000000087d00000, 0x0000000087d00000|100%| E|CS|TAMS 0x0000000087c00000, 0x0000000087c00000| Complete 
| 125|0x0000000087d00000, 0x0000000087e00000, 0x0000000087e00000|100%| E|CS|TAMS 0x0000000087d00000, 0x0000000087d00000| Complete 
| 126|0x0000000087e00000, 0x0000000087f00000, 0x0000000087f00000|100%| E|CS|TAMS 0x0000000087e00000, 0x0000000087e00000| Complete 
| 127|0x0000000087f00000, 0x0000000088000000, 0x0000000088000000|100%| E|CS|TAMS 0x0000000087f00000, 0x0000000087f00000| Complete 
| 128|0x0000000088000000, 0x0000000088100000, 0x0000000088100000|100%| E|CS|TAMS 0x0000000088000000, 0x0000000088000000| Complete 
| 129|0x0000000088100000, 0x0000000088200000, 0x0000000088200000|100%| E|CS|TAMS 0x0000000088100000, 0x0000000088100000| Complete 
| 130|0x0000000088200000, 0x0000000088300000, 0x0000000088300000|100%| E|CS|TAMS 0x0000000088200000, 0x0000000088200000| Complete 
| 131|0x0000000088300000, 0x0000000088400000, 0x0000000088400000|100%| E|CS|TAMS 0x0000000088300000, 0x0000000088300000| Complete 
| 132|0x0000000088400000, 0x0000000088500000, 0x0000000088500000|100%| E|CS|TAMS 0x0000000088400000, 0x0000000088400000| Complete 
| 133|0x0000000088500000, 0x0000000088600000, 0x0000000088600000|100%| E|CS|TAMS 0x0000000088500000, 0x0000000088500000| Complete 
| 134|0x0000000088600000, 0x0000000088700000, 0x0000000088700000|100%| E|CS|TAMS 0x0000000088600000, 0x0000000088600000| Complete 
| 135|0x0000000088700000, 0x0000000088800000, 0x0000000088800000|100%| E|CS|TAMS 0x0000000088700000, 0x0000000088700000| Complete 
| 136|0x0000000088800000, 0x0000000088900000, 0x0000000088900000|100%| E|CS|TAMS 0x0000000088800000, 0x0000000088800000| Complete 
| 137|0x0000000088900000, 0x0000000088a00000, 0x0000000088a00000|100%| E|CS|TAMS 0x0000000088900000, 0x0000000088900000| Complete 
| 138|0x0000000088a00000, 0x0000000088b00000, 0x0000000088b00000|100%| E|CS|TAMS 0x0000000088a00000, 0x0000000088a00000| Complete 
| 139|0x0000000088b00000, 0x0000000088c00000, 0x0000000088c00000|100%| E|CS|TAMS 0x0000000088b00000, 0x0000000088b00000| Complete 
| 140|0x0000000088c00000, 0x0000000088d00000, 0x0000000088d00000|100%| E|CS|TAMS 0x0000000088c00000, 0x0000000088c00000| Complete 
| 141|0x0000000088d00000, 0x0000000088e00000, 0x0000000088e00000|100%| E|CS|TAMS 0x0000000088d00000, 0x0000000088d00000| Complete 
| 142|0x0000000088e00000, 0x0000000088f00000, 0x0000000088f00000|100%| E|CS|TAMS 0x0000000088e00000, 0x0000000088e00000| Complete 
| 143|0x0000000088f00000, 0x0000000089000000, 0x0000000089000000|100%| E|CS|TAMS 0x0000000088f00000, 0x0000000088f00000| Complete 
| 144|0x0000000089000000, 0x0000000089100000, 0x0000000089100000|100%| E|CS|TAMS 0x0000000089000000, 0x0000000089000000| Complete 
| 145|0x0000000089100000, 0x0000000089200000, 0x0000000089200000|100%| E|CS|TAMS 0x0000000089100000, 0x0000000089100000| Complete 
| 146|0x0000000089200000, 0x0000000089300000, 0x0000000089300000|100%| E|CS|TAMS 0x0000000089200000, 0x0000000089200000| Complete 
| 147|0x0000000089300000, 0x0000000089400000, 0x0000000089400000|100%| E|CS|TAMS 0x0000000089300000, 0x0000000089300000| Complete 
| 148|0x0000000089400000, 0x0000000089500000, 0x0000000089500000|100%| E|CS|TAMS 0x0000000089400000, 0x0000000089400000| Complete 
| 149|0x0000000089500000, 0x0000000089600000, 0x0000000089600000|100%| E|CS|TAMS 0x0000000089500000, 0x0000000089500000| Complete 
| 150|0x0000000089600000, 0x0000000089700000, 0x0000000089700000|100%| E|CS|TAMS 0x0000000089600000, 0x0000000089600000| Complete 
| 151|0x0000000089700000, 0x0000000089800000, 0x0000000089800000|100%| E|CS|TAMS 0x0000000089700000, 0x0000000089700000| Complete 
| 152|0x0000000089800000, 0x0000000089900000, 0x0000000089900000|100%| E|CS|TAMS 0x0000000089800000, 0x0000000089800000| Complete 
| 153|0x0000000089900000, 0x0000000089a00000, 0x0000000089a00000|100%| E|CS|TAMS 0x0000000089900000, 0x0000000089900000| Complete 
| 154|0x0000000089a00000, 0x0000000089b00000, 0x0000000089b00000|100%| E|CS|TAMS 0x0000000089a00000, 0x0000000089a00000| Complete 

Card table byte_map: [0x000001a446e90000,0x000001a447290000] _byte_map_base: 0x000001a446a90000

Marking Bits (Prev, Next): (CMBitMap*) 0x000001a42fe9da30, (CMBitMap*) 0x000001a42fe9da70
 Prev Bits: [0x000001a447690000, 0x000001a449690000)
 Next Bits: [0x000001a449690000, 0x000001a44b690000)

Polling page: 0x000001a42f5f0000

Metaspace:

Usage:
  Non-class:     57.78 MB used.
      Class:      9.28 MB used.
       Both:     67.07 MB used.

Virtual space:
  Non-class space:       64.00 MB reserved,      58.69 MB ( 92%) committed,  1 nodes.
      Class space:      412.00 MB reserved,      10.25 MB (  2%) committed,  1 nodes.
             Both:      476.00 MB reserved,      68.94 MB ( 14%) committed. 

Chunk freelists:
   Non-Class:  399.00 KB
       Class:  1.59 MB
        Both:  1.98 MB

MaxMetaspaceSize: 512.00 MB
CompressedClassSpaceSize: 412.00 MB
Initial GC threshold: 21.00 MB
Current GC threshold: 97.31 MB
CDS: on
MetaspaceReclaimPolicy: balanced
 - commit_granule_bytes: 65536.
 - commit_granule_words: 8192.
 - virtual_space_node_default_size: 8388608.
 - enlarge_chunks_in_place: 1.
 - new_chunks_are_fully_committed: 0.
 - uncommit_free_chunks: 1.
 - use_allocation_guard: 0.


Internal statistics:

num_allocs_failed_limit: 6.
num_arena_births: 3376.
num_arena_deaths: 0.
num_vsnodes_births: 2.
num_vsnodes_deaths: 0.
num_space_committed: 1103.
num_space_uncommitted: 0.
num_chunks_returned_to_freelist: 6.
num_chunks_taken_from_freelist: 6583.
num_chunk_merges: 6.
num_chunk_splits: 4324.
num_chunks_enlarged: 2711.
num_inconsistent_stats: 0.

CodeHeap 'non-profiled nmethods': size=120000Kb used=3868Kb max_used=3868Kb free=116132Kb
 bounds [0x000001a43f230000, 0x000001a43f600000, 0x000001a446760000]
CodeHeap 'profiled nmethods': size=120000Kb used=15035Kb max_used=15035Kb free=104964Kb
 bounds [0x000001a437d00000, 0x000001a438bb0000, 0x000001a43f230000]
CodeHeap 'non-nmethods': size=5760Kb used=2383Kb max_used=2429Kb free=3376Kb
 bounds [0x000001a437760000, 0x000001a4379d0000, 0x000001a437d00000]
 total_blobs=8677 nmethods=7776 adapters=813
 compilation: enabled
              stopped_count=0, restarted_count=0
 full_count=0

Compilation events (20 events):
Event: 16.277 Thread 0x000001a44e0890c0 8592       3       java.util.Spliterators$EmptySpliterator::forEachRemaining (6 bytes)
Event: 16.277 Thread 0x000001a44e0890c0 nmethod 8592 0x000001a438b92e90 code [0x000001a438b93040, 0x000001a438b932a8]
Event: 16.277 Thread 0x000001a44e0890c0 8593       3       java.util.Spliterators$EmptySpliterator$OfRef::forEachRemaining (6 bytes)
Event: 16.277 Thread 0x000001a44e0890c0 nmethod 8593 0x000001a438b93390 code [0x000001a438b93540, 0x000001a438b93808]
Event: 16.299 Thread 0x000001a44e0890c0 8594       1       org.gradle.internal.instantiation.generator.AbstractClassGenerator$PropertyMetadata::access$2400 (5 bytes)
Event: 16.299 Thread 0x000001a44e0890c0 nmethod 8594 0x000001a43f5f5e10 code [0x000001a43f5f5fa0, 0x000001a43f5f6058]
Event: 16.299 Thread 0x000001a44e0890c0 8595       3       org.gradle.internal.instantiation.generator.AsmBackedClassGenerator$ClassBuilderImpl::access$5700 (4 bytes)
Event: 16.299 Thread 0x000001a44e0890c0 nmethod 8595 0x000001a438b93910 code [0x000001a438b93aa0, 0x000001a438b93b98]
Event: 16.300 Thread 0x000001a44e0890c0 8596       3       com.google.common.collect.Ordering::sortedCopy (18 bytes)
Event: 16.301 Thread 0x000001a44e0890c0 nmethod 8596 0x000001a438b93c10 code [0x000001a438b93ea0, 0x000001a438b94c38]
Event: 16.301 Thread 0x000001a44e0890c0 8597       3       org.gradle.api.internal.model.DefaultObjectFactory::property (181 bytes)
Event: 16.305 Thread 0x000001a44e0890c0 nmethod 8597 0x000001a438b95090 code [0x000001a438b95780, 0x000001a438b98728]
Event: 16.313 Thread 0x000001a44e0890c0 8598       3       com.google.common.reflect.Types$JavaVersion$4::usedInGenericType (8 bytes)
Event: 16.313 Thread 0x000001a44e0890c0 nmethod 8598 0x000001a438b99910 code [0x000001a438b99ae0, 0x000001a438b99f28]
Event: 16.313 Thread 0x000001a44e0890c0 8599       3       com.google.common.reflect.Types$JavaVersion$3::usedInGenericType (8 bytes)
Event: 16.313 Thread 0x000001a44e0890c0 nmethod 8599 0x000001a438b9a090 code [0x000001a438b9a260, 0x000001a438b9a648]
Event: 16.313 Thread 0x000001a44e0890c0 8600       3       org.gradle.api.internal.provider.ValueSanitizers::forType (29 bytes)
Event: 16.314 Thread 0x000001a44e0890c0 nmethod 8600 0x000001a438b9a790 code [0x000001a438b9a940, 0x000001a438b9ac98]
Event: 16.314 Thread 0x000001a44e0890c0 8601       3       org.gradle.api.internal.provider.AbstractMinimalProvider::getOrNull (13 bytes)
Event: 16.314 Thread 0x000001a44e0890c0 nmethod 8601 0x000001a438b9ad90 code [0x000001a438b9af40, 0x000001a438b9b1d8]

GC Heap History (20 events):
Event: 12.050 GC heap before
{Heap before GC invocations=10 (full 0):
 garbage-first heap   total 81920K, used 61768K [0x0000000080000000, 0x0000000100000000)
  region size 1024K, 27 young (27648K), 2 survivors (2048K)
 Metaspace       used 40368K, committed 41856K, reserved 487424K
  class space    used 5681K, committed 6400K, reserved 421888K
}
Event: 12.053 GC heap after
{Heap after GC invocations=11 (full 0):
 garbage-first heap   total 98304K, used 37814K [0x0000000080000000, 0x0000000100000000)
  region size 1024K, 4 young (4096K), 4 survivors (4096K)
 Metaspace       used 40368K, committed 41856K, reserved 487424K
  class space    used 5681K, committed 6400K, reserved 421888K
}
Event: 12.633 GC heap before
{Heap before GC invocations=11 (full 0):
 garbage-first heap   total 98304K, used 80822K [0x0000000080000000, 0x0000000100000000)
  region size 1024K, 41 young (41984K), 4 survivors (4096K)
 Metaspace       used 44233K, committed 45824K, reserved 487424K
  class space    used 6236K, committed 7040K, reserved 421888K
}
Event: 12.638 GC heap after
{Heap after GC invocations=12 (full 0):
 garbage-first heap   total 98304K, used 47865K [0x0000000080000000, 0x0000000100000000)
  region size 1024K, 6 young (6144K), 6 survivors (6144K)
 Metaspace       used 44233K, committed 45824K, reserved 487424K
  class space    used 6236K, committed 7040K, reserved 421888K
}
Event: 13.128 GC heap before
{Heap before GC invocations=12 (full 0):
 garbage-first heap   total 98304K, used 76537K [0x0000000080000000, 0x0000000100000000)
  region size 1024K, 34 young (34816K), 6 survivors (6144K)
 Metaspace       used 48762K, committed 50560K, reserved 487424K
  class space    used 6874K, committed 7808K, reserved 421888K
}
Event: 13.133 GC heap after
{Heap after GC invocations=13 (full 0):
 garbage-first heap   total 98304K, used 50101K [0x0000000080000000, 0x0000000100000000)
  region size 1024K, 3 young (3072K), 3 survivors (3072K)
 Metaspace       used 48762K, committed 50560K, reserved 487424K
  class space    used 6874K, committed 7808K, reserved 421888K
}
Event: 13.529 GC heap before
{Heap before GC invocations=13 (full 0):
 garbage-first heap   total 98304K, used 77749K [0x0000000080000000, 0x0000000100000000)
  region size 1024K, 30 young (30720K), 3 survivors (3072K)
 Metaspace       used 51798K, committed 53632K, reserved 487424K
  class space    used 7313K, committed 8256K, reserved 421888K
}
Event: 13.532 GC heap after
{Heap after GC invocations=14 (full 0):
 garbage-first heap   total 98304K, used 51402K [0x0000000080000000, 0x0000000100000000)
  region size 1024K, 4 young (4096K), 4 survivors (4096K)
 Metaspace       used 51798K, committed 53632K, reserved 487424K
  class space    used 7313K, committed 8256K, reserved 421888K
}
Event: 13.852 GC heap before
{Heap before GC invocations=15 (full 0):
 garbage-first heap   total 98304K, used 78026K [0x0000000080000000, 0x0000000100000000)
  region size 1024K, 30 young (30720K), 4 survivors (4096K)
 Metaspace       used 55197K, committed 57024K, reserved 487424K
  class space    used 7773K, committed 8704K, reserved 421888K
}
Event: 13.856 GC heap after
{Heap after GC invocations=16 (full 0):
 garbage-first heap   total 98304K, used 53374K [0x0000000080000000, 0x0000000100000000)
  region size 1024K, 4 young (4096K), 4 survivors (4096K)
 Metaspace       used 55197K, committed 57024K, reserved 487424K
  class space    used 7773K, committed 8704K, reserved 421888K
}
Event: 13.869 GC heap before
{Heap before GC invocations=16 (full 0):
 garbage-first heap   total 98304K, used 54398K [0x0000000080000000, 0x0000000100000000)
  region size 1024K, 5 young (5120K), 4 survivors (4096K)
 Metaspace       used 55344K, committed 57152K, reserved 487424K
  class space    used 7797K, committed 8704K, reserved 421888K
}
Event: 13.872 GC heap after
{Heap after GC invocations=17 (full 0):
 garbage-first heap   total 98304K, used 53809K [0x0000000080000000, 0x0000000100000000)
  region size 1024K, 1 young (1024K), 1 survivors (1024K)
 Metaspace       used 55344K, committed 57152K, reserved 487424K
  class space    used 7797K, committed 8704K, reserved 421888K
}
Event: 14.210 GC heap before
{Heap before GC invocations=17 (full 0):
 garbage-first heap   total 98304K, used 79409K [0x0000000080000000, 0x0000000100000000)
  region size 1024K, 27 young (27648K), 1 survivors (1024K)
 Metaspace       used 57682K, committed 59520K, reserved 487424K
  class space    used 8086K, committed 9024K, reserved 421888K
}
Event: 14.213 GC heap after
{Heap after GC invocations=18 (full 0):
 garbage-first heap   total 98304K, used 55225K [0x0000000080000000, 0x0000000100000000)
  region size 1024K, 3 young (3072K), 3 survivors (3072K)
 Metaspace       used 57682K, committed 59520K, reserved 487424K
  class space    used 8086K, committed 9024K, reserved 421888K
}
Event: 14.483 GC heap before
{Heap before GC invocations=19 (full 0):
 garbage-first heap   total 99328K, used 79801K [0x0000000080000000, 0x0000000100000000)
  region size 1024K, 27 young (27648K), 3 survivors (3072K)
 Metaspace       used 59446K, committed 61312K, reserved 487424K
  class space    used 8372K, committed 9344K, reserved 421888K
}
Event: 14.487 GC heap after
{Heap after GC invocations=20 (full 0):
 garbage-first heap   total 99328K, used 57270K [0x0000000080000000, 0x0000000100000000)
  region size 1024K, 4 young (4096K), 4 survivors (4096K)
 Metaspace       used 59446K, committed 61312K, reserved 487424K
  class space    used 8372K, committed 9344K, reserved 421888K
}
Event: 14.497 GC heap before
{Heap before GC invocations=20 (full 0):
 garbage-first heap   total 99328K, used 58294K [0x0000000080000000, 0x0000000100000000)
  region size 1024K, 5 young (5120K), 4 survivors (4096K)
 Metaspace       used 59520K, committed 61376K, reserved 487424K
  class space    used 8385K, committed 9344K, reserved 421888K
}
Event: 14.502 GC heap after
{Heap after GC invocations=21 (full 0):
 garbage-first heap   total 158720K, used 56887K [0x0000000080000000, 0x0000000100000000)
  region size 1024K, 1 young (1024K), 1 survivors (1024K)
 Metaspace       used 59520K, committed 61376K, reserved 487424K
  class space    used 8385K, committed 9344K, reserved 421888K
}
Event: 15.632 GC heap before
{Heap before GC invocations=21 (full 0):
 garbage-first heap   total 158720K, used 128567K [0x0000000080000000, 0x0000000100000000)
  region size 1024K, 72 young (73728K), 1 survivors (1024K)
 Metaspace       used 64447K, committed 66368K, reserved 487424K
  class space    used 9054K, committed 10048K, reserved 421888K
}
Event: 15.640 GC heap after
{Heap after GC invocations=22 (full 0):
 garbage-first heap   total 158720K, used 63839K [0x0000000080000000, 0x0000000100000000)
  region size 1024K, 8 young (8192K), 8 survivors (8192K)
 Metaspace       used 64447K, committed 66368K, reserved 487424K
  class space    used 9054K, committed 10048K, reserved 421888K
}

Deoptimization events (20 events):
Event: 16.040 Thread 0x000001a453939b50 Uncommon trap: trap_request=0xffffffde fr.pc=0x000001a43f589b28 relative=0x0000000000002668
Event: 16.040 Thread 0x000001a453939b50 Uncommon trap: reason=class_check action=maybe_recompile pc=0x000001a43f589b28 method=java.util.jar.JarFile.getManifestFromReference()Ljava/util/jar/Manifest; @ 152 c2
Event: 16.040 Thread 0x000001a453939b50 DEOPT PACKING pc=0x000001a43f589b28 sp=0x0000006311df6370
Event: 16.040 Thread 0x000001a453939b50 DEOPT UNPACKING pc=0x000001a4377b23a3 sp=0x0000006311df62e0 mode 2
Event: 16.061 Thread 0x000001a453939b50 Uncommon trap: trap_request=0xffffffd6 fr.pc=0x000001a43f55ddd0 relative=0x00000000000003b0
Event: 16.061 Thread 0x000001a453939b50 Uncommon trap: reason=array_check action=maybe_recompile pc=0x000001a43f55ddd0 method=java.util.LinkedHashMap.keysToArray([Ljava/lang/Object;)[Ljava/lang/Object; @ 25 c2
Event: 16.061 Thread 0x000001a453939b50 DEOPT PACKING pc=0x000001a43f55ddd0 sp=0x0000006311df6a90
Event: 16.061 Thread 0x000001a453939b50 DEOPT UNPACKING pc=0x000001a4377b23a3 sp=0x0000006311df6a38 mode 2
Event: 16.148 Thread 0x000001a453939b50 Uncommon trap: trap_request=0xffffffde fr.pc=0x000001a43f2beae0 relative=0x0000000000000700
Event: 16.148 Thread 0x000001a453939b50 Uncommon trap: reason=class_check action=maybe_recompile pc=0x000001a43f2beae0 method=org.gradle.internal.instantiation.generator.AbstractClassGenerator$InjectionAnnotationValidator.validateMethod(Ljava/lang/reflect/Method;Lorg/gradle/internal/reflect/Pro
Event: 16.148 Thread 0x000001a453939b50 DEOPT PACKING pc=0x000001a43f2beae0 sp=0x0000006311df7310
Event: 16.148 Thread 0x000001a453939b50 DEOPT UNPACKING pc=0x000001a4377b23a3 sp=0x0000006311df72d8 mode 2
Event: 16.148 Thread 0x000001a453939b50 Uncommon trap: trap_request=0xffffffde fr.pc=0x000001a43f433e14 relative=0x0000000000002fd4
Event: 16.148 Thread 0x000001a453939b50 Uncommon trap: reason=class_check action=maybe_recompile pc=0x000001a43f433e14 method=com.google.common.reflect.TypeVisitor.visit([Ljava/lang/reflect/Type;)V @ 99 c2
Event: 16.148 Thread 0x000001a453939b50 DEOPT PACKING pc=0x000001a43f433e14 sp=0x0000006311df7030
Event: 16.148 Thread 0x000001a453939b50 DEOPT UNPACKING pc=0x000001a4377b23a3 sp=0x0000006311df7050 mode 2
Event: 16.290 Thread 0x000001a453939b50 Uncommon trap: trap_request=0xffffffd6 fr.pc=0x000001a43f55ddd0 relative=0x00000000000003b0
Event: 16.290 Thread 0x000001a453939b50 Uncommon trap: reason=array_check action=maybe_recompile pc=0x000001a43f55ddd0 method=java.util.LinkedHashMap.keysToArray([Ljava/lang/Object;)[Ljava/lang/Object; @ 25 c2
Event: 16.290 Thread 0x000001a453939b50 DEOPT PACKING pc=0x000001a43f55ddd0 sp=0x0000006311df6410
Event: 16.290 Thread 0x000001a453939b50 DEOPT UNPACKING pc=0x000001a4377b23a3 sp=0x0000006311df63b8 mode 2

Classes loaded (20 events):
Event: 14.307 Loading class java/lang/AbstractMethodError
Event: 14.308 Loading class java/lang/AbstractMethodError done
Event: 14.316 Loading class java/nio/channels/Channels
Event: 14.316 Loading class java/nio/channels/Channels done
Event: 14.316 Loading class sun/nio/ch/ChannelOutputStream
Event: 14.317 Loading class sun/nio/ch/ChannelOutputStream done
Event: 15.334 Loading class java/io/NotSerializableException
Event: 15.334 Loading class java/io/NotSerializableException done
Event: 15.535 Loading class sun/nio/fs/WindowsException
Event: 15.535 Loading class sun/nio/fs/WindowsException done
Event: 15.576 Loading class java/util/concurrent/ConcurrentLinkedQueue$Itr
Event: 15.576 Loading class java/util/concurrent/ConcurrentLinkedQueue$Itr done
Event: 16.050 Loading class sun/nio/ch/ChannelInputStream
Event: 16.051 Loading class sun/nio/ch/ChannelInputStream done
Event: 16.288 Loading class java/util/Collections$SynchronizedRandomAccessList
Event: 16.288 Loading class java/util/Collections$SynchronizedList
Event: 16.288 Loading class java/util/Collections$SynchronizedList done
Event: 16.288 Loading class java/util/Collections$SynchronizedRandomAccessList done
Event: 16.294 Loading class java/util/concurrent/Executors$DefaultThreadFactory
Event: 16.294 Loading class java/util/concurrent/Executors$DefaultThreadFactory done

Classes unloaded (0 events):
No events

Classes redefined (0 events):
No events

Internal exceptions (20 events):
Event: 14.357 Thread 0x000001a453939b50 Exception <a 'java/lang/ClassNotFoundException'{0x00000000855ee930}: org/gradle/api/internal/DefaultNamedDomainObjectCollectionCustomizer> (0x00000000855ee930) 
thrown [s\open\src\hotspot\share\classfile\systemDictionary.cpp, line 255]
Event: 14.358 Thread 0x000001a453939b50 Exception <a 'java/lang/ClassNotFoundException'{0x0000000085428b98}: org/gradle/api/internal/DefaultNamedDomainObjectListCustomizer> (0x0000000085428b98) 
thrown [s\open\src\hotspot\share\classfile\systemDictionary.cpp, line 255]
Event: 14.360 Thread 0x000001a453939b50 Exception <a 'java/lang/ClassNotFoundException'{0x0000000085457ee0}: org/gradle/api/internal/artifacts/DefaultArtifactRepositoryContainerCustomizer> (0x0000000085457ee0) 
thrown [s\open\src\hotspot\share\classfile\systemDictionary.cpp, line 255]
Event: 14.361 Thread 0x000001a453939b50 Exception <a 'java/lang/ClassNotFoundException'{0x000000008547edf8}: org/gradle/api/internal/artifacts/dsl/DefaultRepositoryHandlerCustomizer> (0x000000008547edf8) 
thrown [s\open\src\hotspot\share\classfile\systemDictionary.cpp, line 255]
Event: 14.362 Thread 0x000001a453939b50 Exception <a 'java/lang/ClassNotFoundException'{0x00000000854b3b38}: org/gradle/api/internal/artifacts/dsl/DefaultRepositoryHandler_DecoratedCustomizer> (0x00000000854b3b38) 
thrown [s\open\src\hotspot\share\classfile\systemDictionary.cpp, line 255]
Event: 14.367 Thread 0x000001a453939b50 Exception <a 'java/lang/ClassNotFoundException'{0x0000000085345fd0}: org/gradle/api/internal/artifacts/dsl/dependencies/DefaultDependencyHandler_DecoratedBeanInfo> (0x0000000085345fd0) 
thrown [s\open\src\hotspot\share\classfile\systemDictionary.cpp, line 255]
Event: 14.367 Thread 0x000001a453939b50 Exception <a 'java/lang/ClassNotFoundException'{0x000000008535a738}: org/gradle/api/internal/artifacts/dsl/dependencies/DefaultDependencyHandlerBeanInfo> (0x000000008535a738) 
thrown [s\open\src\hotspot\share\classfile\systemDictionary.cpp, line 255]
Event: 14.368 Thread 0x000001a453939b50 Exception <a 'java/lang/ClassNotFoundException'{0x000000008536ee60}: org/gradle/api/internal/artifacts/dsl/dependencies/DefaultDependencyHandlerCustomizer> (0x000000008536ee60) 
thrown [s\open\src\hotspot\share\classfile\systemDictionary.cpp, line 255]
Event: 14.369 Thread 0x000001a453939b50 Exception <a 'java/lang/ClassNotFoundException'{0x00000000853ab0a8}: org/gradle/api/internal/artifacts/dsl/dependencies/DefaultDependencyHandler_DecoratedCustomizer> (0x00000000853ab0a8) 
thrown [s\open\src\hotspot\share\classfile\systemDictionary.cpp, line 255]
Event: 14.803 Thread 0x000001a453939b50 Exception <a 'java/lang/NoSuchMethodError'{0x0000000088d80130}: 'java.lang.Object java.lang.invoke.Invokers$Holder.linkToTargetMethod(java.lang.Object, java.lang.Object, java.lang.Object, java.lang.Object, java.lang.Object, java.lang.Object, java.lang.Object, java.lang.Object, java.lang.Object)'> (0x0000000088d80130) 
thrown [s\open\src\hotspot\share\interpreter\linkResolver.cpp, line 759]
Event: 15.045 Thread 0x000001a456871c90 Exception <a 'java/lang/NoSuchMethodError'{0x0000000087fda778}: 'java.lang.Object java.lang.invoke.DirectMethodHandle$Holder.newInvokeSpecial(java.lang.Object, java.lang.Object, java.lang.Object, java.lang.Object, int, java.lang.Object)'> (0x0000000087fda778) 
thrown [s\open\src\hotspot\share\interpreter\linkResolver.cpp, line 759]
Event: 15.045 Thread 0x000001a456871c90 Exception <a 'java/lang/NoSuchMethodError'{0x0000000087fdea38}: 'java.lang.Object java.lang.invoke.Invokers$Holder.linkToTargetMethod(java.lang.Object, java.lang.Object, java.lang.Object, int, java.lang.Object, java.lang.Object)'> (0x0000000087fdea38) 
thrown [s\open\src\hotspot\share\interpreter\linkResolver.cpp, line 759]
Event: 15.100 Thread 0x000001a456871c90 Exception <a 'java/lang/NoSuchMethodError'{0x0000000087cb6890}: 'int java.lang.invoke.DirectMethodHandle$Holder.invokeSpecial(java.lang.Object, java.lang.Object, java.lang.Object, java.lang.Object, java.lang.Object)'> (0x0000000087cb6890) 
thrown [s\open\src\hotspot\share\interpreter\linkResolver.cpp, line 759]
Event: 15.264 Thread 0x000001a456871c90 Exception <a 'java/lang/NoSuchMethodError'{0x0000000086d60910}: method resolution failed> (0x0000000086d60910) 
thrown [s\open\src\hotspot\share\prims\methodHandles.cpp, line 1264]
Event: 15.535 Thread 0x000001a456871c90 Exception <a 'sun/nio/fs/WindowsException'{0x0000000085b092f0}> (0x0000000085b092f0) 
thrown [s\open\src\hotspot\share\prims\jni.cpp, line 516]
Event: 15.537 Thread 0x000001a456871c90 Exception <a 'sun/nio/fs/WindowsException'{0x0000000085b0c0a0}> (0x0000000085b0c0a0) 
thrown [s\open\src\hotspot\share\prims\jni.cpp, line 516]
Event: 15.537 Thread 0x000001a456871c90 Exception <a 'sun/nio/fs/WindowsException'{0x0000000085b0ebe8}> (0x0000000085b0ebe8) 
thrown [s\open\src\hotspot\share\prims\jni.cpp, line 516]
Event: 15.538 Thread 0x000001a456871c90 Exception <a 'sun/nio/fs/WindowsException'{0x0000000085b112b8}> (0x0000000085b112b8) 
thrown [s\open\src\hotspot\share\prims\jni.cpp, line 516]
Event: 15.776 Thread 0x000001a453939b50 Exception <a 'java/lang/ClassNotFoundException'{0x0000000088ce08b0}: build_84t3da3mrc5lpfh4g5cj4ztmBeanInfo> (0x0000000088ce08b0) 
thrown [s\open\src\hotspot\share\classfile\systemDictionary.cpp, line 255]
Event: 15.777 Thread 0x000001a453939b50 Exception <a 'java/lang/ClassNotFoundException'{0x0000000088ce6eb0}: build_84t3da3mrc5lpfh4g5cj4ztmCustomizer> (0x0000000088ce6eb0) 
thrown [s\open\src\hotspot\share\classfile\systemDictionary.cpp, line 255]

VM Operations (20 events):
Event: 15.099 Executing VM operation: HandshakeAllThreads
Event: 15.099 Executing VM operation: HandshakeAllThreads done
Event: 15.108 Executing VM operation: ICBufferFull
Event: 15.108 Executing VM operation: ICBufferFull done
Event: 15.235 Executing VM operation: HandshakeAllThreads
Event: 15.235 Executing VM operation: HandshakeAllThreads done
Event: 15.317 Executing VM operation: ICBufferFull
Event: 15.317 Executing VM operation: ICBufferFull done
Event: 15.468 Executing VM operation: HandshakeAllThreads
Event: 15.468 Executing VM operation: HandshakeAllThreads done
Event: 15.532 Executing VM operation: HandshakeAllThreads
Event: 15.532 Executing VM operation: HandshakeAllThreads done
Event: 15.536 Executing VM operation: HandshakeAllThreads
Event: 15.536 Executing VM operation: HandshakeAllThreads done
Event: 15.565 Executing VM operation: ICBufferFull
Event: 15.565 Executing VM operation: ICBufferFull done
Event: 15.632 Executing VM operation: G1CollectForAllocation
Event: 15.640 Executing VM operation: G1CollectForAllocation done
Event: 16.147 Executing VM operation: ICBufferFull
Event: 16.148 Executing VM operation: ICBufferFull done

Events (20 events):
Event: 15.582 Thread 0x000001a4533abae0 Thread added: 0x000001a4533abae0
Event: 15.582 Thread 0x000001a4533b07e0 Thread added: 0x000001a4533b07e0
Event: 15.583 Thread 0x000001a4533ac950 Thread added: 0x000001a4533ac950
Event: 15.583 Thread 0x000001a4533abfb0 Thread added: 0x000001a4533abfb0
Event: 15.583 Thread 0x000001a4533af970 Thread added: 0x000001a4533af970
Event: 15.583 Thread 0x000001a4533ac480 Thread added: 0x000001a4533ac480
Event: 15.583 Thread 0x000001a4533ace20 Thread added: 0x000001a4533ace20
Event: 15.583 Thread 0x000001a4533b0310 Thread added: 0x000001a4533b0310
Event: 15.584 Thread 0x000001a4533afe40 Thread added: 0x000001a4533afe40
Event: 15.584 Thread 0x000001a4533a9e00 Thread added: 0x000001a4533a9e00
Event: 15.584 Thread 0x000001a4533aa2d0 Thread added: 0x000001a4533aa2d0
Event: 15.584 Thread 0x000001a4533aa7a0 Thread added: 0x000001a4533aa7a0
Event: 15.584 Thread 0x000001a4533aac70 Thread added: 0x000001a4533aac70
Event: 15.585 Thread 0x000001a4527594e0 Thread added: 0x000001a4527594e0
Event: 15.585 Thread 0x000001a4527599b0 Thread added: 0x000001a4527599b0
Event: 15.585 Thread 0x000001a45275cea0 Thread added: 0x000001a45275cea0
Event: 15.585 Thread 0x000001a452759e80 Thread added: 0x000001a452759e80
Event: 15.585 Thread 0x000001a452758670 Thread added: 0x000001a452758670
Event: 15.585 Thread 0x000001a45275a350 Thread added: 0x000001a45275a350
Event: 15.585 Thread 0x000001a45275b1c0 Thread added: 0x000001a45275b1c0


Dynamic libraries:
0x00007ff657050000 - 0x00007ff657060000 	C:\Program Files\Java\jdk-18.0.2.1\bin\java.exe
0x00007ff8d9630000 - 0x00007ff8d9844000 	C:\WINDOWS\SYSTEM32\ntdll.dll
0x00007ff8d7d10000 - 0x00007ff8d7dd4000 	C:\WINDOWS\System32\KERNEL32.DLL
0x00007ff8d6c70000 - 0x00007ff8d7014000 	C:\WINDOWS\System32\KERNELBASE.dll
0x00007ff8d72a0000 - 0x00007ff8d73b1000 	C:\WINDOWS\System32\ucrtbase.dll
0x00007ff8b0210000 - 0x00007ff8b022a000 	C:\Program Files\Java\jdk-18.0.2.1\bin\VCRUNTIME140.dll
0x00007ff8aaa10000 - 0x00007ff8aaa28000 	C:\Program Files\Java\jdk-18.0.2.1\bin\jli.dll
0x00007ff8d8c60000 - 0x00007ff8d8d10000 	C:\WINDOWS\System32\ADVAPI32.dll
0x00007ff8d78a0000 - 0x00007ff8d7947000 	C:\WINDOWS\System32\msvcrt.dll
0x00007ff8d9020000 - 0x00007ff8d90c6000 	C:\WINDOWS\System32\sechost.dll
0x00007ff8d8a90000 - 0x00007ff8d8ba7000 	C:\WINDOWS\System32\RPCRT4.dll
0x00007ff8d93e0000 - 0x00007ff8d958e000 	C:\WINDOWS\System32\USER32.dll
0x00007ff8bbdf0000 - 0x00007ff8bc083000 	C:\WINDOWS\WinSxS\amd64_microsoft.windows.common-controls_6595b64144ccf1df_6.0.22621.2215_none_270d72677387dfc3\COMCTL32.dll
0x00007ff8d70e0000 - 0x00007ff8d7106000 	C:\WINDOWS\System32\win32u.dll
0x00007ff8d7a20000 - 0x00007ff8d7a49000 	C:\WINDOWS\System32\GDI32.dll
0x00007ff8d7110000 - 0x00007ff8d7228000 	C:\WINDOWS\System32\gdi32full.dll
0x00007ff8d69e0000 - 0x00007ff8d6a7a000 	C:\WINDOWS\System32\msvcp_win.dll
0x00007ff8ccd30000 - 0x00007ff8ccd3a000 	C:\WINDOWS\SYSTEM32\VERSION.dll
0x00007ff8d7a50000 - 0x00007ff8d7a81000 	C:\WINDOWS\System32\IMM32.DLL
0x00007ff8cf0a0000 - 0x00007ff8cf0ac000 	C:\Program Files\Java\jdk-18.0.2.1\bin\vcruntime140_1.dll
0x00007ff89bc50000 - 0x00007ff89bcdd000 	C:\Program Files\Java\jdk-18.0.2.1\bin\msvcp140.dll
0x00007ff891bb0000 - 0x00007ff8927c1000 	C:\Program Files\Java\jdk-18.0.2.1\bin\server\jvm.dll
0x00007ff8d7950000 - 0x00007ff8d7958000 	C:\WINDOWS\System32\PSAPI.DLL
0x00007ff8cef00000 - 0x00007ff8cef09000 	C:\WINDOWS\SYSTEM32\WSOCK32.dll
0x00007ff8d8bb0000 - 0x00007ff8d8c21000 	C:\WINDOWS\System32\WS2_32.dll
0x00007ff8cf3f0000 - 0x00007ff8cf424000 	C:\WINDOWS\SYSTEM32\WINMM.dll
0x00007ff8d5ad0000 - 0x00007ff8d5ae8000 	C:\WINDOWS\SYSTEM32\kernel.appcore.dll
0x00007ff8c5360000 - 0x00007ff8c536a000 	C:\Program Files\Java\jdk-18.0.2.1\bin\jimage.dll
0x00007ff8d42e0000 - 0x00007ff8d450e000 	C:\WINDOWS\SYSTEM32\DBGHELP.DLL
0x00007ff8d7430000 - 0x00007ff8d77ba000 	C:\WINDOWS\System32\combase.dll
0x00007ff8d77c0000 - 0x00007ff8d7897000 	C:\WINDOWS\System32\OLEAUT32.dll
0x00007ff8bba40000 - 0x00007ff8bba72000 	C:\WINDOWS\SYSTEM32\dbgcore.DLL
0x00007ff8d6a80000 - 0x00007ff8d6afa000 	C:\WINDOWS\System32\bcryptPrimitives.dll
0x00007ff8a8f10000 - 0x00007ff8a8f35000 	C:\Program Files\Java\jdk-18.0.2.1\bin\java.dll
0x00007ff896640000 - 0x00007ff896716000 	C:\Program Files\Java\jdk-18.0.2.1\bin\jsvml.dll
0x00007ff8d7de0000 - 0x00007ff8d8603000 	C:\WINDOWS\System32\SHELL32.dll
0x00007ff8d4980000 - 0x00007ff8d526a000 	C:\WINDOWS\SYSTEM32\windows.storage.dll
0x00007ff8d4840000 - 0x00007ff8d497e000 	C:\WINDOWS\SYSTEM32\wintypes.dll
0x00007ff8d8d10000 - 0x00007ff8d8e03000 	C:\WINDOWS\System32\SHCORE.dll
0x00007ff8d7a90000 - 0x00007ff8d7aee000 	C:\WINDOWS\System32\shlwapi.dll
0x00007ff8d6910000 - 0x00007ff8d6936000 	C:\WINDOWS\SYSTEM32\profapi.dll
0x00007ff8a8ef0000 - 0x00007ff8a8f03000 	C:\Program Files\Java\jdk-18.0.2.1\bin\net.dll
0x00007ff8d2910000 - 0x00007ff8d2a47000 	C:\WINDOWS\SYSTEM32\WINHTTP.dll
0x00007ff8d5fa0000 - 0x00007ff8d6009000 	C:\WINDOWS\system32\mswsock.dll
0x00007ff8a3aa0000 - 0x00007ff8a3ab6000 	C:\Program Files\Java\jdk-18.0.2.1\bin\nio.dll
0x00007ff8a39f0000 - 0x00007ff8a3a08000 	C:\Program Files\Java\jdk-18.0.2.1\bin\zip.dll
0x00007ff8c5220000 - 0x00007ff8c5230000 	C:\Program Files\Java\jdk-18.0.2.1\bin\verify.dll
0x00007ff89d490000 - 0x00007ff89d4b7000 	C:\Users\user\.gradle\native\68d5fa5c4cc2d200863cafc0d521ce42e7d3e7ee720ec0a83991735586a16f82\windows-amd64\native-platform.dll
0x00007ff895c70000 - 0x00007ff895db4000 	C:\Users\user\.gradle\native\e376f236ea51e6404a007f0833ffe2c6e607c4080706a723a18a27aeea778392\windows-amd64\native-platform-file-events.dll
0x00007ff8c4920000 - 0x00007ff8c4929000 	C:\Program Files\Java\jdk-18.0.2.1\bin\management.dll
0x00007ff8c4690000 - 0x00007ff8c469b000 	C:\Program Files\Java\jdk-18.0.2.1\bin\management_ext.dll
0x00007ff8d61f0000 - 0x00007ff8d620b000 	C:\WINDOWS\SYSTEM32\CRYPTSP.dll
0x00007ff8d5a90000 - 0x00007ff8d5ac5000 	C:\WINDOWS\system32\rsaenh.dll
0x00007ff8d6090000 - 0x00007ff8d60bc000 	C:\WINDOWS\SYSTEM32\USERENV.dll
0x00007ff8d63b0000 - 0x00007ff8d63d8000 	C:\WINDOWS\SYSTEM32\bcrypt.dll
0x00007ff8d6210000 - 0x00007ff8d621c000 	C:\WINDOWS\SYSTEM32\CRYPTBASE.dll
0x00007ff8d5540000 - 0x00007ff8d556d000 	C:\WINDOWS\SYSTEM32\IPHLPAPI.DLL
0x00007ff8d8c50000 - 0x00007ff8d8c59000 	C:\WINDOWS\System32\NSI.dll
0x00007ff8cdac0000 - 0x00007ff8cdad9000 	C:\WINDOWS\SYSTEM32\dhcpcsvc6.DLL
0x00007ff8cdaa0000 - 0x00007ff8cdabf000 	C:\WINDOWS\SYSTEM32\dhcpcsvc.DLL
0x00007ff8d55b0000 - 0x00007ff8d56a2000 	C:\WINDOWS\SYSTEM32\DNSAPI.dll

dbghelp: loaded successfully - version: 4.0.5 - missing functions: none
symbol engine: initialized successfully - sym options: 0x614 - pdb path: .;C:\Program Files\Java\jdk-18.0.2.1\bin;C:\WINDOWS\SYSTEM32;C:\WINDOWS\WinSxS\amd64_microsoft.windows.common-controls_6595b64144ccf1df_6.0.22621.2215_none_270d72677387dfc3;C:\Program Files\Java\jdk-18.0.2.1\bin\server;C:\Users\user\.gradle\native\68d5fa5c4cc2d200863cafc0d521ce42e7d3e7ee720ec0a83991735586a16f82\windows-amd64;C:\Users\user\.gradle\native\e376f236ea51e6404a007f0833ffe2c6e607c4080706a723a18a27aeea778392\windows-amd64

VM Arguments:
jvm_args: -XX:MaxMetaspaceSize=512m --add-opens=java.base/java.util=ALL-UNNAMED --add-opens=java.base/java.lang=ALL-UNNAMED --add-opens=java.base/java.lang.invoke=ALL-UNNAMED --add-opens=java.prefs/java.util.prefs=ALL-UNNAMED --add-opens=java.base/java.nio.charset=ALL-UNNAMED --add-opens=java.base/java.net=ALL-UNNAMED --add-opens=java.base/java.util.concurrent.atomic=ALL-UNNAMED -Xmx2048m -Dfile.encoding=UTF-8 -Duser.country=US -Duser.language=en -Duser.variant 
java_command: org.gradle.launcher.daemon.bootstrap.GradleDaemon 8.0.1
java_class_path (initial): C:\Users\user\.gradle\wrapper\dists\gradle-8.0.1-all\aro4hu1c3oeioove7l0i4i14o\gradle-8.0.1\lib\gradle-launcher-8.0.1.jar
Launcher Type: SUN_STANDARD

[Global flags]
     intx CICompilerCount                          = 4                                         {product} {ergonomic}
   size_t CompressedClassSpaceSize                 = 432013312                                 {product} {ergonomic}
     uint ConcGCThreads                            = 2                                         {product} {ergonomic}
     uint G1ConcRefinementThreads                  = 8                                         {product} {ergonomic}
   size_t G1HeapRegionSize                         = 1048576                                   {product} {ergonomic}
    uintx GCDrainStackTargetSize                   = 64                                        {product} {ergonomic}
   size_t InitialHeapSize                          = 132120576                                 {product} {ergonomic}
   size_t MarkStackSize                            = 4194304                                   {product} {ergonomic}
   size_t MaxHeapSize                              = 2147483648                                {product} {command line}
   size_t MaxMetaspaceSize                         = 536870912                                 {product} {command line}
   size_t MaxNewSize                               = 1287651328                                {product} {ergonomic}
   size_t MinHeapDeltaBytes                        = 1048576                                   {product} {ergonomic}
   size_t MinHeapSize                              = 8388608                                   {product} {ergonomic}
    uintx NonNMethodCodeHeapSize                   = 5839372                                {pd product} {ergonomic}
    uintx NonProfiledCodeHeapSize                  = 122909434                              {pd product} {ergonomic}
    uintx ProfiledCodeHeapSize                     = 122909434                              {pd product} {ergonomic}
    uintx ReservedCodeCacheSize                    = 251658240                              {pd product} {ergonomic}
     bool SegmentedCodeCache                       = true                                      {product} {ergonomic}
   size_t SoftMaxHeapSize                          = 2147483648                             {manageable} {ergonomic}
     bool UseCompressedClassPointers               = true                           {product lp64_product} {ergonomic}
     bool UseCompressedOops                        = true                           {product lp64_product} {ergonomic}
     bool UseG1GC                                  = true                                      {product} {ergonomic}
     bool UseLargePagesIndividualAllocation        = false                                  {pd product} {ergonomic}

Logging:
Log output configuration:
 #0: stdout all=warning uptime,level,tags foldmultilines=false
 #1: stderr all=off uptime,level,tags foldmultilines=false

Environment Variables:
JAVA_HOME=C:\Program Files\Java\jdk-18.0.2.1
CLASSPATH=C:\Users\user\Documents\Mobile Project\KophyTech_Project\textBot\ThespAIn\ThespAIn\android\\gradle\wrapper\gradle-wrapper.jar
PATH=C:\Users\user\Documents\Mobile Project\KophyTech_Project\textBot\ThespAIn\ThespAIn\node_modules\.bin;C:\Users\user\Documents\Mobile Project\KophyTech_Project\textBot\ThespAIn\ThespAIn\node_modules\.bin;C:\Users\user\Documents\Mobile Project\KophyTech_Project\textBot\ThespAIn\node_modules\.bin;C:\Users\user\Documents\Mobile Project\KophyTech_Project\textBot\node_modules\.bin;C:\Users\user\Documents\Mobile Project\KophyTech_Project\node_modules\.bin;C:\Users\user\Documents\Mobile Project\node_modules\.bin;C:\Users\user\Documents\node_modules\.bin;C:\Users\user\node_modules\.bin;C:\Users\node_modules\.bin;C:\node_modules\.bin;C:\Users\user\AppData\Roaming\npm\node_modules\npm\node_modules\@npmcli\run-script\lib\node-gyp-bin;C:\Users\user\AppData\Local\Temp\yarn--1696241531290-0.17436952702654063;C:\Users\user\Documents\Mobile Project\KophyTech_Project\textBot\ThespAIn\ThespAIn\node_modules\.bin;C:\Users\user\AppData\Local\Yarn\Data\link\node_modules\.bin;C:\Users\user\AppData\Local\Yarn\bin;C:\Program Files\libexec\lib\node_modules\npm\bin\node-gyp-bin;C:\Program Files\lib\node_modules\npm\bin\node-gyp-bin;C:\Program Files\nodejs\node_modules\npm\bin\node-gyp-bin;C:\ProgramData\Oracle\Java\javapath;C:\Program Files\Common Files\Oracle\Java\javapath;C:\Python310\Scripts\;C:\Python310\;C:\WINDOWS\system32;C:\WINDOWS;C:\WINDOWS\System32\Wbem;C:\WINDOWS\System32\WindowsPowerShell\v1.0\;C:\WINDOWS\System32\OpenSSH\;C:\ProgramData\chocolatey\bin;C:\Program Files\dotnet\;C:\Program Files\Git\cmd;C:\Program Files\nodejs\;C:\Users\user\AppData\Local\Programs\Python\Python311\Scripts\;C:\Users\user\AppData\Local\Programs\Python\Python311\;C:\Users\user\AppData\Local\Microsoft\WindowsApps;C:\Users\user\AppData\Local\Programs\Microsoft VS Code\bin;C:\Program Files\Java\jdk-18.0.2.1\bin;C:\Users\user\AppData\Local\Android\Sdk\platform-tools;C:\Users\user\AppData\Local\Android\Sdk\ndk\21.4.7075529;C:\Users\user\AppData\Local\Android\Sdk\ndk;C:\Program Files\CMake\bin;C:\Users\user\AppData\Local\Android\Sdk\cmake\3.22.1\bin;C:\Users\user\AppData\Local\Android\Sdk\cmake\3.18.1\bin;C:\Users\user\AppData\Roaming\npm;C:\Program Files\JetBrains\PyCharm Community Edition 2023.2\bin;
USERNAME=user
LANG=en_US.UTF-8
OS=Windows_NT
PROCESSOR_IDENTIFIER=Intel64 Family 6 Model 142 Stepping 10, GenuineIntel



---------------  S Y S T E M  ---------------

OS:
 Windows 11 , 64 bit Build 22621 (10.0.22621.2215)
OS uptime: 6 days 19:51 hours

CPU: total 8 (initial active 8) (4 cores per cpu, 2 threads per core) family 6 model 142 stepping 10 microcode 0xe0, cx8, cmov, fxsr, ht, mmx, 3dnowpref, sse, sse2, sse3, ssse3, sse4.1, sse4.2, popcnt, lzcnt, tsc, tscinvbit, avx, avx2, aes, erms, clmul, bmi1, bmi2, adx, fma, vzeroupper, clflush, clflushopt

Memory: 4k page, system-wide physical 8007M (305M free)
TotalPageFile size 18105M (AvailPageFile size 5M)
current process WorkingSet (physical memory assigned to process): 360M, peak: 363M
current process commit charge ("private bytes"): 407M, peak: 409M

vm_info: Java HotSpot(TM) 64-Bit Server VM (18.0.2.1+1-1) for windows-amd64 JRE (18.0.2.1+1-1), built on Aug 16 2022 01:46:33 by "mach5one" with MS VC++ 16.8 / 16.9 (VS2019)

END.
