#
# There is insufficient memory for the Java Runtime Environment to continue.
# Native memory allocation (malloc) failed to allocate 1060896 bytes for Chunk::new
# Possible reasons:
#   The system is out of physical RAM or swap space
#   The process is running with CompressedOops enabled, and the Java Heap may be blocking the growth of the native heap
# Possible solutions:
#   Reduce memory load on the system
#   Increase physical memory or swap space
#   Check if swap backing store is full
#   Decrease Java heap size (-Xmx/-Xms)
#   Decrease number of Java threads
#   Decrease Java thread stack sizes (-Xss)
#   Set larger code cache with -XX:ReservedCodeCacheSize=
#   JVM is running with Unscaled Compressed Oops mode in which the Java heap is
#     placed in the first 4GB address space. The Java Heap base address is the
#     maximum limit for the native heap growth. Please use -XX:HeapBaseMinAddress
#     to set the Java Heap base and to place the Java Heap above 4GB virtual address.
# This output file may be truncated or incomplete.
#
#  Out of Memory Error (arena.cpp:184), pid=12240, tid=12264
#
# JRE version: Java(TM) SE Runtime Environment (18.0.2.1+1) (build 18.0.2.1+1-1)
# Java VM: Java HotSpot(TM) 64-Bit Server VM (18.0.2.1+1-1, mixed mode, sharing, tiered, compressed oops, compressed class ptrs, g1 gc, windows-amd64)
# No core dump will be written. Minidumps are not enabled by default on client versions of Windows
#

---------------  S U M M A R Y ------------

Command Line: -XX:MaxMetaspaceSize=512m --add-opens=java.base/java.util=ALL-UNNAMED --add-opens=java.base/java.lang=ALL-UNNAMED --add-opens=java.base/java.lang.invoke=ALL-UNNAMED --add-opens=java.prefs/java.util.prefs=ALL-UNNAMED --add-opens=java.base/java.nio.charset=ALL-UNNAMED --add-opens=java.base/java.net=ALL-UNNAMED --add-opens=java.base/java.util.concurrent.atomic=ALL-UNNAMED -Xmx2048m -Dfile.encoding=UTF-8 -Duser.country=US -Duser.language=en -Duser.variant org.gradle.launcher.daemon.bootstrap.GradleDaemon 8.0.1

Host: Intel(R) Core(TM) i5-8250U CPU @ 1.60GHz, 8 cores, 7G,  Windows 11 , 64 bit Build 22621 (10.0.22621.2215)
Time: Mon Oct  2 11:14:21 2023 W. Central Africa Standard Time elapsed time: 19.715545 seconds (0d 0h 0m 19s)

---------------  T H R E A D  ---------------

Current thread (0x00000275f2b2dd00):  JavaThread "C2 CompilerThread0" daemon [_thread_in_native, id=12264, stack(0x000000b552700000,0x000000b552800000)]


Current CompileTask:
C2:  19715 9497       4       java.beans.Introspector::addMethod (196 bytes)

Stack: [0x000000b552700000,0x000000b552800000]
Native frames: (J=compiled Java code, j=interpreted, Vv=VM code, C=native code)
V  [jvm.dll+0x6993aa]
V  [jvm.dll+0x7f46dd]
V  [jvm.dll+0x7f5fee]
V  [jvm.dll+0x7f66a3]
V  [jvm.dll+0x25cf1f]
V  [jvm.dll+0xb8c2f]
V  [jvm.dll+0xb8fa5]
V  [jvm.dll+0x2c7e2f]
V  [jvm.dll+0x5a0d8e]
V  [jvm.dll+0x2388de]
V  [jvm.dll+0x231ea5]
V  [jvm.dll+0x22f3cb]
V  [jvm.dll+0x1ba01c]
V  [jvm.dll+0x23ee0a]
V  [jvm.dll+0x23d0f5]
V  [jvm.dll+0x7a6dd1]
V  [jvm.dll+0x7a120a]
V  [jvm.dll+0x698255]
C  [ucrtbase.dll+0x29363]
C  [KERNEL32.DLL+0x1257d]
C  [ntdll.dll+0x5aa68]


---------------  P R O C E S S  ---------------

Threads class SMR info:
_java_thread_list=0x00000275fb79ea00, length=136, elements={
0x00000275d48dac60, 0x00000275f2b10210, 0x00000275f2b10e70, 0x00000275f2b246f0,
0x00000275f2b25fb0, 0x00000275f2b26d60, 0x00000275f2b29710, 0x00000275f2b2dd00,
0x00000275f2b2e6e0, 0x00000275f2b31ff0, 0x00000275f6dc15b0, 0x00000275f6dc3e90,
0x00000275f831dcf0, 0x00000275f815fa50, 0x00000275f79799a0, 0x00000275f83f9800,
0x00000275f8b27c60, 0x00000275f8248860, 0x00000275f82868e0, 0x00000275f8287280,
0x00000275f82850d0, 0x00000275f82880f0, 0x00000275f8286410, 0x00000275f8287c20,
0x00000275f82855a0, 0x00000275f8285a70, 0x00000275f8285f40, 0x00000275f8288a90,
0x00000275f8287750, 0x00000275f90b93b0, 0x00000275f90b6860, 0x00000275f90b9d50,
0x00000275f90b8a10, 0x00000275f90b6d30, 0x00000275f90babc0, 0x00000275f90bc3d0,
0x00000275f90bb090, 0x00000275f90b8ee0, 0x00000275f90b8540, 0x00000275f90b6390,
0x00000275f90b5520, 0x00000275f90b7200, 0x00000275f90b7ba0, 0x00000275f90ba220,
0x00000275f90ba6f0, 0x00000275f7f44ab0, 0x00000275f7f445e0, 0x00000275f7f47130,
0x00000275f7f42430, 0x00000275f7f41f60, 0x00000275f7f43c40, 0x00000275f7f44110,
0x00000275f7f47fa0, 0x00000275f7f44f80, 0x00000275f7f45920, 0x00000275f7f42900,
0x00000275f7f410f0, 0x00000275f7f40c20, 0x00000275f7f42dd0, 0x00000275f7f415c0,
0x00000275f7f41a90, 0x00000275f7f47600, 0x00000275f7f45450, 0x00000275f7f45df0,
0x00000275f7f462c0, 0x00000275f7f46790, 0x00000275f7f46c60, 0x00000275f7f432a0,
0x00000275f7f43770, 0x00000275f7f47ad0, 0x00000275f7f40750, 0x00000275f9e84570,
0x00000275fa167d90, 0x00000275fa16bc20, 0x00000275fa16a410, 0x00000275fa168730,
0x00000275fa169a70, 0x00000275fa168c00, 0x00000275fa166580, 0x00000275fa1678c0,
0x00000275fa16a8e0, 0x00000275fa166f20, 0x00000275fa16c0f0, 0x00000275fa165240,
0x00000275fa1648a0, 0x00000275fa1695a0, 0x00000275fa169f40, 0x00000275fa16b280,
0x00000275fa164d70, 0x00000275fa165710, 0x00000275fa165be0, 0x00000275fc0cfd90,
0x00000275fc0ccd70, 0x00000275fc0d15a0, 0x00000275fc0d0260, 0x00000275fc0cdbe0,
0x00000275fc0cef20, 0x00000275fc0d3750, 0x00000275fc0ce0b0, 0x00000275fc0ce580,
0x00000275fc0cf3f0, 0x00000275fc0cf8c0, 0x00000275fc0d0730, 0x00000275fc0d3c20,
0x00000275fc0d0c00, 0x00000275fc0d40f0, 0x00000275fc0cd710, 0x00000275fc0d1f40,
0x00000275fc0d2db0, 0x00000275fc0d2410, 0x00000275fc0cc8a0, 0x00000275fc0cd240,
0x00000275fc0cea50, 0x00000275fbba4b60, 0x00000275fbba24e0, 0x00000275fbba3820,
0x00000275fbba6840, 0x00000275fbba71e0, 0x00000275fbba8520, 0x00000275fbba29b0,
0x00000275fbba41c0, 0x00000275fbba1b40, 0x00000275fbba4690, 0x00000275fbba7b80,
0x00000275fbba3350, 0x00000275fbba8050, 0x00000275fbba76b0, 0x00000275fbba2010,
0x00000275fbba5030, 0x00000275fbba6d10, 0x00000275fbba3cf0, 0x00000275fbba2e80,
0x00000275fbba89f0, 0x00000275fbba5500, 0x00000275fbba5ea0, 0x00000275fbba59d0
}

Java Threads: ( => current thread )
  0x00000275d48dac60 JavaThread "main" [_thread_blocked, id=1212, stack(0x000000b551a00000,0x000000b551b00000)]
  0x00000275f2b10210 JavaThread "Reference Handler" daemon [_thread_blocked, id=5960, stack(0x000000b552100000,0x000000b552200000)]
  0x00000275f2b10e70 JavaThread "Finalizer" daemon [_thread_blocked, id=21076, stack(0x000000b552200000,0x000000b552300000)]
  0x00000275f2b246f0 JavaThread "Signal Dispatcher" daemon [_thread_blocked, id=23760, stack(0x000000b552300000,0x000000b552400000)]
  0x00000275f2b25fb0 JavaThread "Attach Listener" daemon [_thread_blocked, id=11648, stack(0x000000b552400000,0x000000b552500000)]
  0x00000275f2b26d60 JavaThread "Service Thread" daemon [_thread_blocked, id=16588, stack(0x000000b552500000,0x000000b552600000)]
  0x00000275f2b29710 JavaThread "Monitor Deflation Thread" daemon [_thread_blocked, id=15672, stack(0x000000b552600000,0x000000b552700000)]
=>0x00000275f2b2dd00 JavaThread "C2 CompilerThread0" daemon [_thread_in_native, id=12264, stack(0x000000b552700000,0x000000b552800000)]
  0x00000275f2b2e6e0 JavaThread "C1 CompilerThread0" daemon [_thread_blocked, id=9952, stack(0x000000b552800000,0x000000b552900000)]
  0x00000275f2b31ff0 JavaThread "Sweeper thread" daemon [_thread_blocked, id=2224, stack(0x000000b552900000,0x000000b552a00000)]
  0x00000275f6dc15b0 JavaThread "Common-Cleaner" daemon [_thread_blocked, id=13652, stack(0x000000b552a00000,0x000000b552b00000)]
  0x00000275f6dc3e90 JavaThread "Notification Thread" daemon [_thread_blocked, id=7812, stack(0x000000b552b00000,0x000000b552c00000)]
  0x00000275f831dcf0 JavaThread "Daemon health stats" [_thread_blocked, id=17104, stack(0x000000b553200000,0x000000b553300000)]
  0x00000275f815fa50 JavaThread "Incoming local TCP Connector on port 59487" [_thread_in_native, id=16936, stack(0x000000b553300000,0x000000b553400000)]
  0x00000275f79799a0 JavaThread "Daemon periodic checks" [_thread_blocked, id=10984, stack(0x000000b553400000,0x000000b553500000)]
  0x00000275f83f9800 JavaThread "Daemon" [_thread_blocked, id=19424, stack(0x000000b553500000,0x000000b553600000)]
  0x00000275f8b27c60 JavaThread "Handler for socket connection from /127.0.0.1:59487 to /127.0.0.1:59488" [_thread_in_native, id=1732, stack(0x000000b553600000,0x000000b553700000)]
  0x00000275f8248860 JavaThread "Cancel handler" [_thread_blocked, id=12636, stack(0x000000b553700000,0x000000b553800000)]
  0x00000275f82868e0 JavaThread "Daemon worker" [_thread_in_vm, id=14516, stack(0x000000b553800000,0x000000b553900000)]
  0x00000275f8287280 JavaThread "Asynchronous log dispatcher for DefaultDaemonConnection: socket connection from /127.0.0.1:59487 to /127.0.0.1:59488" [_thread_blocked, id=23412, stack(0x000000b553900000,0x000000b553a00000)]
  0x00000275f82850d0 JavaThread "Stdin handler" [_thread_blocked, id=20232, stack(0x000000b553a00000,0x000000b553b00000)]
  0x00000275f82880f0 JavaThread "Daemon client event forwarder" [_thread_blocked, id=17760, stack(0x000000b553b00000,0x000000b553c00000)]
  0x00000275f8286410 JavaThread "Cache worker for journal cache (C:\Users\user\.gradle\caches\journal-1)" [_thread_blocked, id=2552, stack(0x000000b553c00000,0x000000b553d00000)]
  0x00000275f8287c20 JavaThread "File lock request listener" [_thread_in_native, id=9048, stack(0x000000b553d00000,0x000000b553e00000)]
  0x00000275f82855a0 JavaThread "Cache worker for file hash cache (C:\Users\user\.gradle\caches\8.0.1\fileHashes)" [_thread_blocked, id=19780, stack(0x000000b553e00000,0x000000b553f00000)]
  0x00000275f8285a70 JavaThread "File watcher server" daemon [_thread_in_native, id=22004, stack(0x000000b554200000,0x000000b554300000)]
  0x00000275f8285f40 JavaThread "File watcher consumer" daemon [_thread_blocked, id=22448, stack(0x000000b554300000,0x000000b554400000)]
  0x00000275f8288a90 JavaThread "Cache worker for checksums cache (C:\Users\user\Documents\Mobile Project\KophyTech_Project\textBot\ThespAIn\ThespAIn\android\.gradle\8.0.1\checksums)" [_thread_blocked, id=21604, stack(0x000000b554400000,0x000000b554500000)]
  0x00000275f8287750 JavaThread "Cache worker for cache directory md-rule (C:\Users\user\.gradle\caches\8.0.1\md-rule)" [_thread_blocked, id=16328, stack(0x000000b554500000,0x000000b554600000)]
  0x00000275f90b93b0 JavaThread "Cache worker for file content cache (C:\Users\user\.gradle\caches\8.0.1\fileContent)" [_thread_blocked, id=12376, stack(0x000000b554700000,0x000000b554800000)]
  0x00000275f90b6860 JavaThread "Cache worker for file hash cache (C:\Users\user\Documents\Mobile Project\KophyTech_Project\textBot\ThespAIn\ThespAIn\android\.gradle\8.0.1\fileHashes)" [_thread_blocked, id=6408, stack(0x000000b554800000,0x000000b554900000)]
  0x00000275f90b9d50 JavaThread "Cache worker for cache directory md-supplier (C:\Users\user\.gradle\caches\8.0.1\md-supplier)" [_thread_blocked, id=19936, stack(0x000000b554900000,0x000000b554a00000)]
  0x00000275f90b8a10 JavaThread "Cache worker for execution history cache (C:\Users\user\.gradle\caches\8.0.1\executionHistory)" [_thread_blocked, id=16004, stack(0x000000b554a00000,0x000000b554b00000)]
  0x00000275f90b6d30 JavaThread "jar transforms" [_thread_blocked, id=12472, stack(0x000000b554b00000,0x000000b554c00000)]
  0x00000275f90babc0 JavaThread "jar transforms Thread 2" [_thread_blocked, id=15136, stack(0x000000b554c00000,0x000000b554d00000)]
  0x00000275f90bc3d0 JavaThread "jar transforms Thread 3" [_thread_blocked, id=7556, stack(0x000000b554d00000,0x000000b554e00000)]
  0x00000275f90bb090 JavaThread "jar transforms Thread 4" [_thread_blocked, id=10360, stack(0x000000b554e00000,0x000000b554f00000)]
  0x00000275f90b8ee0 JavaThread "Cache worker for kotlin-dsl (C:\Users\user\.gradle\caches\8.0.1\kotlin-dsl)" [_thread_blocked, id=20896, stack(0x000000b554f00000,0x000000b555000000)]
  0x00000275f90b8540 JavaThread "jar transforms Thread 5" [_thread_blocked, id=8632, stack(0x000000b555000000,0x000000b555100000)]
  0x00000275f90b6390 JavaThread "jar transforms Thread 6" [_thread_blocked, id=7100, stack(0x000000b555100000,0x000000b555200000)]
  0x00000275f90b5520 JavaThread "Cache worker for dependencies-accessors (C:\Users\user\Documents\Mobile Project\KophyTech_Project\textBot\ThespAIn\ThespAIn\android\.gradle\8.0.1\dependencies-accessors)" [_thread_blocked, id=24376, stack(0x000000b555200000,0x000000b555300000)]
  0x00000275f90b7200 JavaThread "Cache worker for Build Output Cleanup Cache (C:\Users\user\Documents\Mobile Project\KophyTech_Project\textBot\ThespAIn\ThespAIn\node_modules\@react-native\gradle-plugin\.gradle\buildOutputCleanup)" [_thread_blocked, id=19724, stack(0x000000b555300000,0x000000b555400000)]
  0x00000275f90b7ba0 JavaThread "jar transforms Thread 7" [_thread_blocked, id=7692, stack(0x000000b555400000,0x000000b555500000)]
  0x00000275f90ba220 JavaThread "Unconstrained build operations" [_thread_blocked, id=19284, stack(0x000000b555500000,0x000000b555600000)]
  0x00000275f90ba6f0 JavaThread "Unconstrained build operations Thread 2" [_thread_blocked, id=12140, stack(0x000000b555600000,0x000000b555700000)]
  0x00000275f7f44ab0 JavaThread "Unconstrained build operations Thread 3" [_thread_blocked, id=14660, stack(0x000000b555700000,0x000000b555800000)]
  0x00000275f7f445e0 JavaThread "Unconstrained build operations Thread 4" [_thread_blocked, id=18972, stack(0x000000b555800000,0x000000b555900000)]
  0x00000275f7f47130 JavaThread "Unconstrained build operations Thread 5" [_thread_blocked, id=7844, stack(0x000000b555900000,0x000000b555a00000)]
  0x00000275f7f42430 JavaThread "Unconstrained build operations Thread 6" [_thread_blocked, id=10208, stack(0x000000b555a00000,0x000000b555b00000)]
  0x00000275f7f41f60 JavaThread "Unconstrained build operations Thread 7" [_thread_blocked, id=14552, stack(0x000000b555b00000,0x000000b555c00000)]
  0x00000275f7f43c40 JavaThread "Unconstrained build operations Thread 8" [_thread_blocked, id=17304, stack(0x000000b555c00000,0x000000b555d00000)]
  0x00000275f7f44110 JavaThread "Unconstrained build operations Thread 9" [_thread_blocked, id=8300, stack(0x000000b555d00000,0x000000b555e00000)]
  0x00000275f7f47fa0 JavaThread "Unconstrained build operations Thread 10" [_thread_blocked, id=22012, stack(0x000000b555e00000,0x000000b555f00000)]
  0x00000275f7f44f80 JavaThread "Unconstrained build operations Thread 11" [_thread_blocked, id=1248, stack(0x000000b555f00000,0x000000b556000000)]
  0x00000275f7f45920 JavaThread "Unconstrained build operations Thread 12" [_thread_blocked, id=1032, stack(0x000000b556000000,0x000000b556100000)]
  0x00000275f7f42900 JavaThread "Unconstrained build operations Thread 13" [_thread_blocked, id=6704, stack(0x000000b556100000,0x000000b556200000)]
  0x00000275f7f410f0 JavaThread "Unconstrained build operations Thread 14" [_thread_blocked, id=22488, stack(0x000000b556200000,0x000000b556300000)]
  0x00000275f7f40c20 JavaThread "Unconstrained build operations Thread 15" [_thread_blocked, id=12316, stack(0x000000b556300000,0x000000b556400000)]
  0x00000275f7f42dd0 JavaThread "Unconstrained build operations Thread 16" [_thread_blocked, id=3004, stack(0x000000b556400000,0x000000b556500000)]
  0x00000275f7f415c0 JavaThread "Unconstrained build operations Thread 17" [_thread_blocked, id=13928, stack(0x000000b556500000,0x000000b556600000)]
  0x00000275f7f41a90 JavaThread "Unconstrained build operations Thread 18" [_thread_blocked, id=8324, stack(0x000000b556600000,0x000000b556700000)]
  0x00000275f7f47600 JavaThread "Unconstrained build operations Thread 19" [_thread_blocked, id=17752, stack(0x000000b556700000,0x000000b556800000)]
  0x00000275f7f45450 JavaThread "Unconstrained build operations Thread 20" [_thread_blocked, id=7848, stack(0x000000b556800000,0x000000b556900000)]
  0x00000275f7f45df0 JavaThread "Unconstrained build operations Thread 21" [_thread_blocked, id=13576, stack(0x000000b556900000,0x000000b556a00000)]
  0x00000275f7f462c0 JavaThread "Unconstrained build operations Thread 22" [_thread_blocked, id=304, stack(0x000000b556a00000,0x000000b556b00000)]
  0x00000275f7f46790 JavaThread "Unconstrained build operations Thread 23" [_thread_blocked, id=23820, stack(0x000000b556b00000,0x000000b556c00000)]
  0x00000275f7f46c60 JavaThread "Unconstrained build operations Thread 24" [_thread_blocked, id=22424, stack(0x000000b556c00000,0x000000b556d00000)]
  0x00000275f7f432a0 JavaThread "Unconstrained build operations Thread 25" [_thread_blocked, id=4388, stack(0x000000b556d00000,0x000000b556e00000)]
  0x00000275f7f43770 JavaThread "Unconstrained build operations Thread 26" [_thread_blocked, id=3744, stack(0x000000b556e00000,0x000000b556f00000)]
  0x00000275f7f47ad0 JavaThread "jar transforms Thread 8" [_thread_blocked, id=19272, stack(0x000000b556f00000,0x000000b557000000)]
  0x00000275f7f40750 JavaThread "Memory manager" [_thread_blocked, id=1448, stack(0x000000b557000000,0x000000b557100000)]
  0x00000275f9e84570 JavaThread "C2 CompilerThread1" daemon [_thread_in_native, id=3020, stack(0x000000b552d00000,0x000000b552e00000)]
  0x00000275fa167d90 JavaThread "Cache worker for Build Output Cleanup Cache (C:\Users\user\Documents\Mobile Project\KophyTech_Project\textBot\ThespAIn\ThespAIn\android\.gradle\buildOutputCleanup)" [_thread_blocked, id=19208, stack(0x000000b557100000,0x000000b557200000)]
  0x00000275fa16bc20 JavaThread "included builds" [_thread_blocked, id=5532, stack(0x000000b557200000,0x000000b557300000)]
  0x00000275fa16a410 JavaThread "Execution worker" [_thread_blocked, id=6112, stack(0x000000b557300000,0x000000b557400000)]
  0x00000275fa168730 JavaThread "Execution worker Thread 2" [_thread_blocked, id=20756, stack(0x000000b557400000,0x000000b557500000)]
  0x00000275fa169a70 JavaThread "Execution worker Thread 3" [_thread_blocked, id=19200, stack(0x000000b557500000,0x000000b557600000)]
  0x00000275fa168c00 JavaThread "Execution worker Thread 4" [_thread_blocked, id=18520, stack(0x000000b557600000,0x000000b557700000)]
  0x00000275fa166580 JavaThread "Execution worker Thread 5" [_thread_blocked, id=21040, stack(0x000000b557700000,0x000000b557800000)]
  0x00000275fa1678c0 JavaThread "Execution worker Thread 6" [_thread_blocked, id=23648, stack(0x000000b557800000,0x000000b557900000)]
  0x00000275fa16a8e0 JavaThread "Execution worker Thread 7" [_thread_blocked, id=1656, stack(0x000000b557900000,0x000000b557a00000)]
  0x00000275fa166f20 JavaThread "Cache worker for execution history cache (C:\Users\user\Documents\Mobile Project\KophyTech_Project\textBot\ThespAIn\ThespAIn\node_modules\@react-native\gradle-plugin\.gradle\8.0.1\executionHistory)" [_thread_blocked, id=1456, stack(0x000000b557a00000,0x000000b557b00000)]
  0x00000275fa16c0f0 JavaThread "Unconstrained build operations Thread 27" [_thread_blocked, id=24520, stack(0x000000b557b00000,0x000000b557c00000)]
  0x00000275fa165240 JavaThread "Unconstrained build operations Thread 28" [_thread_blocked, id=21020, stack(0x000000b557c00000,0x000000b557d00000)]
  0x00000275fa1648a0 JavaThread "Unconstrained build operations Thread 29" [_thread_blocked, id=13144, stack(0x000000b557d00000,0x000000b557e00000)]
  0x00000275fa1695a0 JavaThread "Unconstrained build operations Thread 30" [_thread_blocked, id=16132, stack(0x000000b557e00000,0x000000b557f00000)]
  0x00000275fa169f40 JavaThread "Unconstrained build operations Thread 31" [_thread_blocked, id=18616, stack(0x000000b557f00000,0x000000b558000000)]
  0x00000275fa16b280 JavaThread "Unconstrained build operations Thread 32" [_thread_blocked, id=9808, stack(0x000000b558000000,0x000000b558100000)]
  0x00000275fa164d70 JavaThread "Unconstrained build operations Thread 33" [_thread_blocked, id=16424, stack(0x000000b558100000,0x000000b558200000)]
  0x00000275fa165710 JavaThread "Unconstrained build operations Thread 34" [_thread_blocked, id=1772, stack(0x000000b558200000,0x000000b558300000)]
  0x00000275fa165be0 JavaThread "Unconstrained build operations Thread 35" [_thread_blocked, id=3444, stack(0x000000b558300000,0x000000b558400000)]
  0x00000275fc0cfd90 JavaThread "Unconstrained build operations Thread 36" [_thread_blocked, id=5972, stack(0x000000b558400000,0x000000b558500000)]
  0x00000275fc0ccd70 JavaThread "Unconstrained build operations Thread 37" [_thread_blocked, id=20856, stack(0x000000b558500000,0x000000b558600000)]
  0x00000275fc0d15a0 JavaThread "Unconstrained build operations Thread 38" [_thread_blocked, id=22308, stack(0x000000b558600000,0x000000b558700000)]
  0x00000275fc0d0260 JavaThread "Unconstrained build operations Thread 39" [_thread_blocked, id=13636, stack(0x000000b558700000,0x000000b558800000)]
  0x00000275fc0cdbe0 JavaThread "Unconstrained build operations Thread 40" [_thread_blocked, id=6192, stack(0x000000b558800000,0x000000b558900000)]
  0x00000275fc0cef20 JavaThread "Unconstrained build operations Thread 41" [_thread_blocked, id=13460, stack(0x000000b558900000,0x000000b558a00000)]
  0x00000275fc0d3750 JavaThread "Unconstrained build operations Thread 42" [_thread_blocked, id=812, stack(0x000000b558a00000,0x000000b558b00000)]
  0x00000275fc0ce0b0 JavaThread "Unconstrained build operations Thread 43" [_thread_blocked, id=8992, stack(0x000000b558b00000,0x000000b558c00000)]
  0x00000275fc0ce580 JavaThread "Unconstrained build operations Thread 44" [_thread_blocked, id=11056, stack(0x000000b558c00000,0x000000b558d00000)]
  0x00000275fc0cf3f0 JavaThread "Unconstrained build operations Thread 45" [_thread_blocked, id=20052, stack(0x000000b558d00000,0x000000b558e00000)]
  0x00000275fc0cf8c0 JavaThread "Unconstrained build operations Thread 46" [_thread_blocked, id=15152, stack(0x000000b558e00000,0x000000b558f00000)]
  0x00000275fc0d0730 JavaThread "Unconstrained build operations Thread 47" [_thread_blocked, id=17036, stack(0x000000b558f00000,0x000000b559000000)]
  0x00000275fc0d3c20 JavaThread "Unconstrained build operations Thread 48" [_thread_blocked, id=2060, stack(0x000000b559000000,0x000000b559100000)]
  0x00000275fc0d0c00 JavaThread "Unconstrained build operations Thread 49" [_thread_blocked, id=21228, stack(0x000000b559100000,0x000000b559200000)]
  0x00000275fc0d40f0 JavaThread "Unconstrained build operations Thread 50" [_thread_blocked, id=20844, stack(0x000000b559200000,0x000000b559300000)]
  0x00000275fc0cd710 JavaThread "Unconstrained build operations Thread 51" [_thread_blocked, id=21352, stack(0x000000b559300000,0x000000b559400000)]
  0x00000275fc0d1f40 JavaThread "Unconstrained build operations Thread 52" [_thread_blocked, id=18592, stack(0x000000b559400000,0x000000b559500000)]
  0x00000275fc0d2db0 JavaThread "Unconstrained build operations Thread 53" [_thread_blocked, id=9684, stack(0x000000b559500000,0x000000b559600000)]
  0x00000275fc0d2410 JavaThread "Unconstrained build operations Thread 54" [_thread_blocked, id=16504, stack(0x000000b559600000,0x000000b559700000)]
  0x00000275fc0cc8a0 JavaThread "Unconstrained build operations Thread 55" [_thread_blocked, id=7068, stack(0x000000b559700000,0x000000b559800000)]
  0x00000275fc0cd240 JavaThread "Unconstrained build operations Thread 56" [_thread_blocked, id=9856, stack(0x000000b559800000,0x000000b559900000)]
  0x00000275fc0cea50 JavaThread "Unconstrained build operations Thread 57" [_thread_blocked, id=7732, stack(0x000000b559900000,0x000000b559a00000)]
  0x00000275fbba4b60 JavaThread "Unconstrained build operations Thread 58" [_thread_blocked, id=10700, stack(0x000000b559a00000,0x000000b559b00000)]
  0x00000275fbba24e0 JavaThread "Unconstrained build operations Thread 59" [_thread_blocked, id=3608, stack(0x000000b559b00000,0x000000b559c00000)]
  0x00000275fbba3820 JavaThread "Unconstrained build operations Thread 60" [_thread_blocked, id=10032, stack(0x000000b559c00000,0x000000b559d00000)]
  0x00000275fbba6840 JavaThread "Unconstrained build operations Thread 61" [_thread_blocked, id=18884, stack(0x000000b559d00000,0x000000b559e00000)]
  0x00000275fbba71e0 JavaThread "Unconstrained build operations Thread 62" [_thread_blocked, id=11384, stack(0x000000b559e00000,0x000000b559f00000)]
  0x00000275fbba8520 JavaThread "Unconstrained build operations Thread 63" [_thread_blocked, id=21772, stack(0x000000b559f00000,0x000000b55a000000)]
  0x00000275fbba29b0 JavaThread "Unconstrained build operations Thread 64" [_thread_blocked, id=16332, stack(0x000000b55a000000,0x000000b55a100000)]
  0x00000275fbba41c0 JavaThread "Unconstrained build operations Thread 65" [_thread_blocked, id=9584, stack(0x000000b55a100000,0x000000b55a200000)]
  0x00000275fbba1b40 JavaThread "Unconstrained build operations Thread 66" [_thread_blocked, id=11848, stack(0x000000b55a200000,0x000000b55a300000)]
  0x00000275fbba4690 JavaThread "Unconstrained build operations Thread 67" [_thread_blocked, id=13288, stack(0x000000b55a300000,0x000000b55a400000)]
  0x00000275fbba7b80 JavaThread "Unconstrained build operations Thread 68" [_thread_blocked, id=19520, stack(0x000000b55a400000,0x000000b55a500000)]
  0x00000275fbba3350 JavaThread "Unconstrained build operations Thread 69" [_thread_blocked, id=13660, stack(0x000000b55a500000,0x000000b55a600000)]
  0x00000275fbba8050 JavaThread "Unconstrained build operations Thread 70" [_thread_blocked, id=24552, stack(0x000000b55a600000,0x000000b55a700000)]
  0x00000275fbba76b0 JavaThread "Unconstrained build operations Thread 71" [_thread_blocked, id=14768, stack(0x000000b55a700000,0x000000b55a800000)]
  0x00000275fbba2010 JavaThread "Unconstrained build operations Thread 72" [_thread_blocked, id=9672, stack(0x000000b55a800000,0x000000b55a900000)]
  0x00000275fbba5030 JavaThread "Unconstrained build operations Thread 73" [_thread_blocked, id=18524, stack(0x000000b55a900000,0x000000b55aa00000)]
  0x00000275fbba6d10 JavaThread "Unconstrained build operations Thread 74" [_thread_blocked, id=1824, stack(0x000000b55aa00000,0x000000b55ab00000)]
  0x00000275fbba3cf0 JavaThread "Unconstrained build operations Thread 75" [_thread_blocked, id=16008, stack(0x000000b55ab00000,0x000000b55ac00000)]
  0x00000275fbba2e80 JavaThread "Unconstrained build operations Thread 76" [_thread_blocked, id=9028, stack(0x000000b55ac00000,0x000000b55ad00000)]
  0x00000275fbba89f0 JavaThread "Unconstrained build operations Thread 77" [_thread_blocked, id=15716, stack(0x000000b55ad00000,0x000000b55ae00000)]
  0x00000275fbba5500 JavaThread "Unconstrained build operations Thread 78" [_thread_blocked, id=20904, stack(0x000000b55ae00000,0x000000b55af00000)]
  0x00000275fbba5ea0 JavaThread "Unconstrained build operations Thread 79" [_thread_blocked, id=24256, stack(0x000000b55af00000,0x000000b55b000000)]
  0x00000275fbba59d0 JavaThread "Unconstrained build operations Thread 80" [_thread_blocked, id=14724, stack(0x000000b55b000000,0x000000b55b100000)]

Other Threads:
  0x00000275f2b09e10 VMThread "VM Thread" [stack: 0x000000b552000000,0x000000b552100000] [id=17536]
  0x00000275f6dc4f80 WatcherThread "VM Periodic Task Thread" [stack: 0x000000b552c00000,0x000000b552d00000] [id=5976]
  0x00000275d493b740 WorkerThread "GC Thread#0" [stack: 0x000000b551b00000,0x000000b551c00000] [id=20084]
  0x00000275f765bf00 WorkerThread "GC Thread#1" [stack: 0x000000b552e00000,0x000000b552f00000] [id=2736]
  0x00000275f77c6ad0 WorkerThread "GC Thread#2" [stack: 0x000000b552f00000,0x000000b553000000] [id=7472]
  0x00000275f78a60a0 WorkerThread "GC Thread#3" [stack: 0x000000b553000000,0x000000b553100000] [id=19016]
  0x00000275f83a41b0 WorkerThread "GC Thread#4" [stack: 0x000000b553100000,0x000000b553200000] [id=13968]
  0x00000275f8ead420 WorkerThread "GC Thread#5" [stack: 0x000000b553f00000,0x000000b554000000] [id=16412]
  0x00000275f80ebc40 WorkerThread "GC Thread#6" [stack: 0x000000b554000000,0x000000b554100000] [id=4684]
  0x00000275fa6a46b0 WorkerThread "GC Thread#7" [stack: 0x000000b554100000,0x000000b554200000] [id=17608]
  0x00000275d494c670 ConcurrentGCThread "G1 Main Marker" [stack: 0x000000b551c00000,0x000000b551d00000] [id=8068]
  0x00000275d494d800 WorkerThread "G1 Conc#0" [stack: 0x000000b551d00000,0x000000b551e00000] [id=9184]
  0x00000275f9217a30 WorkerThread "G1 Conc#1" [stack: 0x000000b554600000,0x000000b554700000] [id=21572]
  0x00000275f29be0e0 ConcurrentGCThread "G1 Refine#0" [stack: 0x000000b551e00000,0x000000b551f00000] [id=7136]
  0x00000275f29be9f0 ConcurrentGCThread "G1 Service" [stack: 0x000000b551f00000,0x000000b552000000] [id=16040]

Threads with active compile tasks:
C2 CompilerThread0    19803 9497       4       java.beans.Introspector::addMethod (196 bytes)
C2 CompilerThread1    19803 9506   !   4       org.codehaus.groovy.reflection.stdclasses.CachedSAMClass::hasUsableImplementation (72 bytes)

VM state: not at safepoint (normal execution)

VM Mutex/Monitor currently owned by a thread: None

Heap address: 0x0000000080000000, size: 2048 MB, Compressed Oops mode: 32-bit

CDS archive(s) mapped at: [0x0000000800000000-0x0000000800ba0000-0x0000000800ba0000), size 12189696, SharedBaseAddress: 0x0000000800000000, ArchiveRelocationMode: 0.
Compressed class space mapped at: 0x0000000800c00000-0x000000081a800000, reserved size: 432013312
Narrow klass base: 0x0000000800000000, Narrow klass shift: 0, Narrow klass range: 0x100000000

GC Precious Log:
 CardTable entry size: 512
 Card Set container configuration: InlinePtr #cards 5 size 8 Array Of Cards #cards 12 size 40 Howl #buckets 4 coarsen threshold 1843 Howl Bitmap #cards 512 size 80 coarsen threshold 460 Card regions per heap region 1 cards per card region 2048
 CPUs: 8 total, 8 available
 Memory: 8007M
 Large Page Support: Disabled
 NUMA Support: Disabled
 Compressed Oops: Enabled (32-bit)
 Heap Region Size: 1M
 Heap Min Capacity: 8M
 Heap Initial Capacity: 126M
 Heap Max Capacity: 2G
 Pre-touch: Disabled
 Parallel Workers: 8
 Concurrent Workers: 2
 Concurrent Refinement Workers: 8
 Periodic GC: Disabled

Heap:
 garbage-first heap   total 145408K, used 102474K [0x0000000080000000, 0x0000000100000000)
  region size 1024K, 27 young (27648K), 2 survivors (2048K)
 Metaspace       used 76336K, committed 78336K, reserved 552960K
  class space    used 10431K, committed 11456K, reserved 421888K

Heap Regions: E=young(eden), S=young(survivor), O=old, HS=humongous(starts), HC=humongous(continues), CS=collection set, F=free, OA=open archive, CA=closed archive, TAMS=top-at-mark-start (previous, next)
|   0|0x0000000080000000, 0x0000000080100000, 0x0000000080100000|100%|HS|  |TAMS 0x0000000080100000, 0x0000000080000000| Complete 
|   1|0x0000000080100000, 0x0000000080200000, 0x0000000080200000|100%|HC|  |TAMS 0x0000000080200000, 0x0000000080100000| Complete 
|   2|0x0000000080200000, 0x0000000080300000, 0x0000000080300000|100%|HC|  |TAMS 0x0000000080300000, 0x0000000080200000| Complete 
|   3|0x0000000080300000, 0x0000000080400000, 0x0000000080400000|100%|HC|  |TAMS 0x0000000080400000, 0x0000000080300000| Complete 
|   4|0x0000000080400000, 0x0000000080500000, 0x0000000080500000|100%| O|  |TAMS 0x0000000080500000, 0x0000000080400000| Untracked 
|   5|0x0000000080500000, 0x0000000080600000, 0x0000000080600000|100%| O|  |TAMS 0x0000000080600000, 0x0000000080500000| Untracked 
|   6|0x0000000080600000, 0x0000000080700000, 0x0000000080700000|100%| O|  |TAMS 0x0000000080700000, 0x0000000080600000| Untracked 
|   7|0x0000000080700000, 0x0000000080800000, 0x0000000080800000|100%| O|  |TAMS 0x0000000080800000, 0x0000000080700000| Untracked 
|   8|0x0000000080800000, 0x0000000080900000, 0x0000000080900000|100%| O|  |TAMS 0x0000000080900000, 0x0000000080800000| Untracked 
|   9|0x0000000080900000, 0x0000000080a00000, 0x0000000080a00000|100%| O|  |TAMS 0x0000000080a00000, 0x0000000080900000| Untracked 
|  10|0x0000000080a00000, 0x0000000080b00000, 0x0000000080b00000|100%| O|  |TAMS 0x0000000080b00000, 0x0000000080a00000| Untracked 
|  11|0x0000000080b00000, 0x0000000080c00000, 0x0000000080c00000|100%| O|  |TAMS 0x0000000080c00000, 0x0000000080b00000| Untracked 
|  12|0x0000000080c00000, 0x0000000080d00000, 0x0000000080d00000|100%| O|  |TAMS 0x0000000080d00000, 0x0000000080c00000| Untracked 
|  13|0x0000000080d00000, 0x0000000080e00000, 0x0000000080e00000|100%| O|  |TAMS 0x0000000080e00000, 0x0000000080d00000| Untracked 
|  14|0x0000000080e00000, 0x0000000080f00000, 0x0000000080f00000|100%| O|  |TAMS 0x0000000080f00000, 0x0000000080e00000| Untracked 
|  15|0x0000000080f00000, 0x0000000081000000, 0x0000000081000000|100%| O|  |TAMS 0x0000000081000000, 0x0000000080f00000| Untracked 
|  16|0x0000000081000000, 0x0000000081100000, 0x0000000081100000|100%| O|  |TAMS 0x0000000081100000, 0x0000000081000000| Untracked 
|  17|0x0000000081100000, 0x0000000081200000, 0x0000000081200000|100%| O|  |TAMS 0x0000000081200000, 0x0000000081100000| Untracked 
|  18|0x0000000081200000, 0x0000000081300000, 0x0000000081300000|100%| O|  |TAMS 0x0000000081300000, 0x0000000081200000| Untracked 
|  19|0x0000000081300000, 0x00000000813ef400, 0x0000000081400000| 93%| O|  |TAMS 0x00000000813ef400, 0x0000000081300000| Untracked 
|  20|0x0000000081400000, 0x0000000081500000, 0x0000000081500000|100%| O|  |TAMS 0x0000000081500000, 0x0000000081400000| Untracked 
|  21|0x0000000081500000, 0x0000000081600000, 0x0000000081600000|100%| O|  |TAMS 0x0000000081600000, 0x0000000081500000| Untracked 
|  22|0x0000000081600000, 0x0000000081700000, 0x0000000081700000|100%| O|  |TAMS 0x0000000081700000, 0x0000000081600000| Untracked 
|  23|0x0000000081700000, 0x0000000081800000, 0x0000000081800000|100%| O|  |TAMS 0x0000000081800000, 0x0000000081700000| Untracked 
|  24|0x0000000081800000, 0x0000000081900000, 0x0000000081900000|100%| O|  |TAMS 0x0000000081900000, 0x0000000081800000| Untracked 
|  25|0x0000000081900000, 0x0000000081a00000, 0x0000000081a00000|100%| O|  |TAMS 0x0000000081a00000, 0x0000000081900000| Untracked 
|  26|0x0000000081a00000, 0x0000000081b00000, 0x0000000081b00000|100%| O|  |TAMS 0x0000000081b00000, 0x0000000081a00000| Untracked 
|  27|0x0000000081b00000, 0x0000000081c00000, 0x0000000081c00000|100%| O|  |TAMS 0x0000000081c00000, 0x0000000081b00000| Untracked 
|  28|0x0000000081c00000, 0x0000000081d00000, 0x0000000081d00000|100%| O|  |TAMS 0x0000000081d00000, 0x0000000081c00000| Untracked 
|  29|0x0000000081d00000, 0x0000000081e00000, 0x0000000081e00000|100%| O|  |TAMS 0x0000000081e00000, 0x0000000081d00000| Untracked 
|  30|0x0000000081e00000, 0x0000000081f00000, 0x0000000081f00000|100%| O|  |TAMS 0x0000000081f00000, 0x0000000081e00000| Untracked 
|  31|0x0000000081f00000, 0x0000000082000000, 0x0000000082000000|100%| O|  |TAMS 0x0000000082000000, 0x0000000081f00000| Untracked 
|  32|0x0000000082000000, 0x0000000082100000, 0x0000000082100000|100%| O|  |TAMS 0x0000000082100000, 0x0000000082000000| Untracked 
|  33|0x0000000082100000, 0x0000000082200000, 0x0000000082200000|100%|HS|  |TAMS 0x0000000082200000, 0x0000000082100000| Complete 
|  34|0x0000000082200000, 0x0000000082300000, 0x0000000082300000|100%|HC|  |TAMS 0x0000000082300000, 0x0000000082200000| Complete 
|  35|0x0000000082300000, 0x0000000082400000, 0x0000000082400000|100%| O|  |TAMS 0x0000000082400000, 0x0000000082300000| Untracked 
|  36|0x0000000082400000, 0x0000000082500000, 0x0000000082500000|100%| O|  |TAMS 0x0000000082500000, 0x0000000082400000| Untracked 
|  37|0x0000000082500000, 0x0000000082600000, 0x0000000082600000|100%|HS|  |TAMS 0x0000000082600000, 0x0000000082500000| Complete 
|  38|0x0000000082600000, 0x0000000082700000, 0x0000000082700000|100%|HC|  |TAMS 0x0000000082700000, 0x0000000082600000| Complete 
|  39|0x0000000082700000, 0x0000000082800000, 0x0000000082800000|100%|HC|  |TAMS 0x0000000082800000, 0x0000000082700000| Complete 
|  40|0x0000000082800000, 0x0000000082900000, 0x0000000082900000|100%|HC|  |TAMS 0x0000000082900000, 0x0000000082800000| Complete 
|  41|0x0000000082900000, 0x0000000082a00000, 0x0000000082a00000|100%| O|  |TAMS 0x0000000082a00000, 0x0000000082900000| Untracked 
|  42|0x0000000082a00000, 0x0000000082b00000, 0x0000000082b00000|100%| O|  |TAMS 0x0000000082b00000, 0x0000000082a00000| Untracked 
|  43|0x0000000082b00000, 0x0000000082c00000, 0x0000000082c00000|100%| O|  |TAMS 0x0000000082c00000, 0x0000000082b00000| Untracked 
|  44|0x0000000082c00000, 0x0000000082d00000, 0x0000000082d00000|100%| O|  |TAMS 0x0000000082d00000, 0x0000000082c00000| Untracked 
|  45|0x0000000082d00000, 0x0000000082e00000, 0x0000000082e00000|100%| O|  |TAMS 0x0000000082e00000, 0x0000000082d00000| Untracked 
|  46|0x0000000082e00000, 0x0000000082f00000, 0x0000000082f00000|100%| O|  |TAMS 0x0000000082f00000, 0x0000000082e00000| Untracked 
|  47|0x0000000082f00000, 0x0000000083000000, 0x0000000083000000|100%| O|  |TAMS 0x0000000083000000, 0x0000000082f00000| Untracked 
|  48|0x0000000083000000, 0x0000000083100000, 0x0000000083100000|100%| O|  |TAMS 0x0000000083100000, 0x0000000083000000| Untracked 
|  49|0x0000000083100000, 0x0000000083200000, 0x0000000083200000|100%| O|  |TAMS 0x0000000083200000, 0x0000000083100000| Untracked 
|  50|0x0000000083200000, 0x0000000083300000, 0x0000000083300000|100%| O|  |TAMS 0x0000000083300000, 0x0000000083200000| Untracked 
|  51|0x0000000083300000, 0x0000000083400000, 0x0000000083400000|100%| O|  |TAMS 0x0000000083400000, 0x0000000083300000| Untracked 
|  52|0x0000000083400000, 0x0000000083500000, 0x0000000083500000|100%|HS|  |TAMS 0x0000000083500000, 0x0000000083400000| Complete 
|  53|0x0000000083500000, 0x0000000083600000, 0x0000000083600000|100%|HS|  |TAMS 0x0000000083600000, 0x0000000083500000| Complete 
|  54|0x0000000083600000, 0x0000000083700000, 0x0000000083700000|100%| O|  |TAMS 0x0000000083700000, 0x0000000083600000| Untracked 
|  55|0x0000000083700000, 0x0000000083800000, 0x0000000083800000|100%| O|  |TAMS 0x0000000083800000, 0x0000000083700000| Untracked 
|  56|0x0000000083800000, 0x0000000083900000, 0x0000000083900000|100%| O|  |TAMS 0x0000000083900000, 0x0000000083800000| Untracked 
|  57|0x0000000083900000, 0x0000000083a00000, 0x0000000083a00000|100%| O|  |TAMS 0x0000000083a00000, 0x0000000083900000| Untracked 
|  58|0x0000000083a00000, 0x0000000083b00000, 0x0000000083b00000|100%| O|  |TAMS 0x0000000083b00000, 0x0000000083a00000| Untracked 
|  59|0x0000000083b00000, 0x0000000083c00000, 0x0000000083c00000|100%| O|  |TAMS 0x0000000083c00000, 0x0000000083b00000| Untracked 
|  60|0x0000000083c00000, 0x0000000083d00000, 0x0000000083d00000|100%| O|  |TAMS 0x0000000083d00000, 0x0000000083c00000| Untracked 
|  61|0x0000000083d00000, 0x0000000083e00000, 0x0000000083e00000|100%| O|  |TAMS 0x0000000083e00000, 0x0000000083d00000| Untracked 
|  62|0x0000000083e00000, 0x0000000083f00000, 0x0000000083f00000|100%| O|  |TAMS 0x0000000083f00000, 0x0000000083e00000| Untracked 
|  63|0x0000000083f00000, 0x0000000084000000, 0x0000000084000000|100%| O|  |TAMS 0x0000000084000000, 0x0000000083f00000| Untracked 
|  64|0x0000000084000000, 0x0000000084100000, 0x0000000084100000|100%| O|  |TAMS 0x0000000084100000, 0x0000000084000000| Untracked 
|  65|0x0000000084100000, 0x0000000084200000, 0x0000000084200000|100%| O|  |TAMS 0x0000000084100000, 0x0000000084100000| Untracked 
|  66|0x0000000084200000, 0x0000000084300000, 0x0000000084300000|100%| O|  |TAMS 0x0000000084300000, 0x0000000084200000| Untracked 
|  67|0x0000000084300000, 0x0000000084400000, 0x0000000084400000|100%| O|  |TAMS 0x0000000084400000, 0x0000000084300000| Untracked 
|  68|0x0000000084400000, 0x0000000084500000, 0x0000000084500000|100%| O|  |TAMS 0x0000000084500000, 0x0000000084400000| Untracked 
|  69|0x0000000084500000, 0x0000000084600000, 0x0000000084600000|100%| O|  |TAMS 0x0000000084500000, 0x0000000084500000| Untracked 
|  70|0x0000000084600000, 0x000000008465f000, 0x0000000084700000| 37%| O|  |TAMS 0x0000000084600000, 0x0000000084600000| Untracked 
|  71|0x0000000084700000, 0x0000000084800000, 0x0000000084800000|100%|HS|  |TAMS 0x0000000084700000, 0x0000000084700000| Complete 
|  72|0x0000000084800000, 0x0000000084800000, 0x0000000084900000|  0%| F|  |TAMS 0x0000000084800000, 0x0000000084800000| Untracked 
|  73|0x0000000084900000, 0x0000000084900000, 0x0000000084a00000|  0%| F|  |TAMS 0x0000000084900000, 0x0000000084900000| Untracked 
|  74|0x0000000084a00000, 0x0000000084b00000, 0x0000000084b00000|100%| O|  |TAMS 0x0000000084b00000, 0x0000000084a00000| Untracked 
|  75|0x0000000084b00000, 0x0000000084c00000, 0x0000000084c00000|100%| O|  |TAMS 0x0000000084c00000, 0x0000000084b00000| Untracked 
|  76|0x0000000084c00000, 0x0000000084d00000, 0x0000000084d00000|100%| O|  |TAMS 0x0000000084c1ae00, 0x0000000084c00000| Untracked 
|  77|0x0000000084d00000, 0x0000000084d00000, 0x0000000084e00000|  0%| F|  |TAMS 0x0000000084d00000, 0x0000000084d00000| Untracked 
|  78|0x0000000084e00000, 0x0000000084e00000, 0x0000000084f00000|  0%| F|  |TAMS 0x0000000084e00000, 0x0000000084e00000| Untracked 
|  79|0x0000000084f00000, 0x0000000084f00000, 0x0000000085000000|  0%| F|  |TAMS 0x0000000084f00000, 0x0000000084f00000| Untracked 
|  80|0x0000000085000000, 0x0000000085000000, 0x0000000085100000|  0%| F|  |TAMS 0x0000000085000000, 0x0000000085000000| Untracked 
|  81|0x0000000085100000, 0x0000000085100000, 0x0000000085200000|  0%| F|  |TAMS 0x0000000085100000, 0x0000000085100000| Untracked 
|  82|0x0000000085200000, 0x0000000085200000, 0x0000000085300000|  0%| F|  |TAMS 0x0000000085200000, 0x0000000085200000| Untracked 
|  83|0x0000000085300000, 0x0000000085300000, 0x0000000085400000|  0%| F|  |TAMS 0x0000000085300000, 0x0000000085300000| Untracked 
|  84|0x0000000085400000, 0x0000000085400000, 0x0000000085500000|  0%| F|  |TAMS 0x0000000085400000, 0x0000000085400000| Untracked 
|  85|0x0000000085500000, 0x0000000085500000, 0x0000000085600000|  0%| F|  |TAMS 0x0000000085500000, 0x0000000085500000| Untracked 
|  86|0x0000000085600000, 0x0000000085600000, 0x0000000085700000|  0%| F|  |TAMS 0x0000000085600000, 0x0000000085600000| Untracked 
|  87|0x0000000085700000, 0x0000000085700000, 0x0000000085800000|  0%| F|  |TAMS 0x0000000085700000, 0x0000000085700000| Untracked 
|  88|0x0000000085800000, 0x0000000085800000, 0x0000000085900000|  0%| F|  |TAMS 0x0000000085800000, 0x0000000085800000| Untracked 
|  89|0x0000000085900000, 0x0000000085900000, 0x0000000085a00000|  0%| F|  |TAMS 0x0000000085900000, 0x0000000085900000| Untracked 
|  90|0x0000000085a00000, 0x0000000085a00000, 0x0000000085b00000|  0%| F|  |TAMS 0x0000000085a00000, 0x0000000085a00000| Untracked 
|  91|0x0000000085b00000, 0x0000000085b00000, 0x0000000085c00000|  0%| F|  |TAMS 0x0000000085b00000, 0x0000000085b00000| Untracked 
|  92|0x0000000085c00000, 0x0000000085c00000, 0x0000000085d00000|  0%| F|  |TAMS 0x0000000085c00000, 0x0000000085c00000| Untracked 
|  93|0x0000000085d00000, 0x0000000085d00000, 0x0000000085e00000|  0%| F|  |TAMS 0x0000000085d00000, 0x0000000085d00000| Untracked 
|  94|0x0000000085e00000, 0x0000000085e00000, 0x0000000085f00000|  0%| F|  |TAMS 0x0000000085e00000, 0x0000000085e00000| Untracked 
|  95|0x0000000085f00000, 0x0000000085f00000, 0x0000000086000000|  0%| F|  |TAMS 0x0000000085f00000, 0x0000000085f00000| Untracked 
|  96|0x0000000086000000, 0x0000000086000000, 0x0000000086100000|  0%| F|  |TAMS 0x0000000086000000, 0x0000000086000000| Untracked 
|  97|0x0000000086100000, 0x0000000086100000, 0x0000000086200000|  0%| F|  |TAMS 0x0000000086100000, 0x0000000086100000| Untracked 
|  98|0x0000000086200000, 0x0000000086200000, 0x0000000086300000|  0%| F|  |TAMS 0x0000000086200000, 0x0000000086200000| Untracked 
|  99|0x0000000086300000, 0x0000000086300000, 0x0000000086400000|  0%| F|  |TAMS 0x0000000086300000, 0x0000000086300000| Untracked 
| 100|0x0000000086400000, 0x0000000086400000, 0x0000000086500000|  0%| F|  |TAMS 0x0000000086400000, 0x0000000086400000| Untracked 
| 101|0x0000000086500000, 0x0000000086500000, 0x0000000086600000|  0%| F|  |TAMS 0x0000000086500000, 0x0000000086500000| Untracked 
| 102|0x0000000086600000, 0x0000000086600000, 0x0000000086700000|  0%| F|  |TAMS 0x0000000086600000, 0x0000000086600000| Untracked 
| 103|0x0000000086700000, 0x0000000086700000, 0x0000000086800000|  0%| F|  |TAMS 0x0000000086700000, 0x0000000086700000| Untracked 
| 104|0x0000000086800000, 0x0000000086800000, 0x0000000086900000|  0%| F|  |TAMS 0x0000000086800000, 0x0000000086800000| Untracked 
| 105|0x0000000086900000, 0x0000000086900000, 0x0000000086a00000|  0%| F|  |TAMS 0x0000000086900000, 0x0000000086900000| Untracked 
| 106|0x0000000086a00000, 0x0000000086a00000, 0x0000000086b00000|  0%| F|  |TAMS 0x0000000086a00000, 0x0000000086a00000| Untracked 
| 107|0x0000000086b00000, 0x0000000086b00000, 0x0000000086c00000|  0%| F|  |TAMS 0x0000000086b00000, 0x0000000086b00000| Untracked 
| 108|0x0000000086c00000, 0x0000000086c00000, 0x0000000086d00000|  0%| F|  |TAMS 0x0000000086c00000, 0x0000000086c00000| Untracked 
| 109|0x0000000086d00000, 0x0000000086d00000, 0x0000000086e00000|  0%| F|  |TAMS 0x0000000086d00000, 0x0000000086d00000| Untracked 
| 110|0x0000000086e00000, 0x0000000086e00000, 0x0000000086f00000|  0%| F|  |TAMS 0x0000000086e00000, 0x0000000086e00000| Untracked 
| 111|0x0000000086f00000, 0x0000000086f00000, 0x0000000087000000|  0%| F|  |TAMS 0x0000000086f00000, 0x0000000086f00000| Untracked 
| 112|0x0000000087000000, 0x0000000087000000, 0x0000000087100000|  0%| F|  |TAMS 0x0000000087000000, 0x0000000087000000| Untracked 
| 113|0x0000000087100000, 0x0000000087100000, 0x0000000087200000|  0%| F|  |TAMS 0x0000000087100000, 0x0000000087100000| Untracked 
| 114|0x0000000087200000, 0x0000000087200000, 0x0000000087300000|  0%| F|  |TAMS 0x0000000087200000, 0x0000000087200000| Untracked 
| 115|0x0000000087300000, 0x0000000087380800, 0x0000000087400000| 50%| E|  |TAMS 0x0000000087300000, 0x0000000087300000| Complete 
| 116|0x0000000087400000, 0x0000000087500000, 0x0000000087500000|100%| E|CS|TAMS 0x0000000087400000, 0x0000000087400000| Complete 
| 117|0x0000000087500000, 0x00000000875c4740, 0x0000000087600000| 76%| S|CS|TAMS 0x0000000087500000, 0x0000000087500000| Complete 
| 118|0x0000000087600000, 0x0000000087700000, 0x0000000087700000|100%| S|CS|TAMS 0x0000000087600000, 0x0000000087600000| Complete 
| 119|0x0000000087700000, 0x0000000087800000, 0x0000000087800000|100%| E|CS|TAMS 0x0000000087700000, 0x0000000087700000| Complete 
| 120|0x0000000087800000, 0x0000000087900000, 0x0000000087900000|100%| E|CS|TAMS 0x0000000087800000, 0x0000000087800000| Complete 
| 121|0x0000000087900000, 0x0000000087a00000, 0x0000000087a00000|100%| E|CS|TAMS 0x0000000087900000, 0x0000000087900000| Complete 
| 122|0x0000000087a00000, 0x0000000087b00000, 0x0000000087b00000|100%| E|CS|TAMS 0x0000000087a00000, 0x0000000087a00000| Complete 
| 123|0x0000000087b00000, 0x0000000087c00000, 0x0000000087c00000|100%| E|CS|TAMS 0x0000000087b00000, 0x0000000087b00000| Complete 
| 124|0x0000000087c00000, 0x0000000087d00000, 0x0000000087d00000|100%| E|CS|TAMS 0x0000000087c00000, 0x0000000087c00000| Complete 
| 125|0x0000000087d00000, 0x0000000087e00000, 0x0000000087e00000|100%| E|CS|TAMS 0x0000000087d00000, 0x0000000087d00000| Complete 
| 126|0x0000000087e00000, 0x0000000087f00000, 0x0000000087f00000|100%| E|CS|TAMS 0x0000000087e00000, 0x0000000087e00000| Complete 
| 127|0x0000000087f00000, 0x0000000088000000, 0x0000000088000000|100%| E|CS|TAMS 0x0000000087f00000, 0x0000000087f00000| Complete 
| 128|0x0000000088000000, 0x0000000088100000, 0x0000000088100000|100%| E|CS|TAMS 0x0000000088000000, 0x0000000088000000| Complete 
| 129|0x0000000088100000, 0x0000000088200000, 0x0000000088200000|100%| E|CS|TAMS 0x0000000088100000, 0x0000000088100000| Complete 
| 130|0x0000000088200000, 0x0000000088300000, 0x0000000088300000|100%| E|CS|TAMS 0x0000000088200000, 0x0000000088200000| Complete 
| 131|0x0000000088300000, 0x0000000088400000, 0x0000000088400000|100%| E|CS|TAMS 0x0000000088300000, 0x0000000088300000| Complete 
| 132|0x0000000088400000, 0x0000000088500000, 0x0000000088500000|100%| E|CS|TAMS 0x0000000088400000, 0x0000000088400000| Complete 
| 133|0x0000000088500000, 0x0000000088600000, 0x0000000088600000|100%| E|CS|TAMS 0x0000000088500000, 0x0000000088500000| Complete 
| 134|0x0000000088600000, 0x0000000088700000, 0x0000000088700000|100%| E|CS|TAMS 0x0000000088600000, 0x0000000088600000| Complete 
| 135|0x0000000088700000, 0x0000000088800000, 0x0000000088800000|100%| E|CS|TAMS 0x0000000088700000, 0x0000000088700000| Complete 
| 136|0x0000000088800000, 0x0000000088900000, 0x0000000088900000|100%| E|CS|TAMS 0x0000000088800000, 0x0000000088800000| Complete 
| 137|0x0000000088900000, 0x0000000088a00000, 0x0000000088a00000|100%| E|CS|TAMS 0x0000000088900000, 0x0000000088900000| Complete 
| 138|0x0000000088a00000, 0x0000000088b00000, 0x0000000088b00000|100%| E|CS|TAMS 0x0000000088a00000, 0x0000000088a00000| Complete 
| 139|0x0000000088b00000, 0x0000000088c00000, 0x0000000088c00000|100%| E|CS|TAMS 0x0000000088b00000, 0x0000000088b00000| Complete 
| 140|0x0000000088c00000, 0x0000000088d00000, 0x0000000088d00000|100%| E|CS|TAMS 0x0000000088c00000, 0x0000000088c00000| Complete 
| 141|0x0000000088d00000, 0x0000000088e00000, 0x0000000088e00000|100%| E|CS|TAMS 0x0000000088d00000, 0x0000000088d00000| Complete 

Card table byte_map: [0x00000275eb930000,0x00000275ebd30000] _byte_map_base: 0x00000275eb530000

Marking Bits (Prev, Next): (CMBitMap*) 0x00000275d493bd40, (CMBitMap*) 0x00000275d493bd80
 Prev Bits: [0x00000275ec130000, 0x00000275ee130000)
 Next Bits: [0x00000275ee130000, 0x00000275f0130000)

Polling page: 0x00000275d2810000

Metaspace:

Usage:
  Non-class:     64.36 MB used.
      Class:     10.19 MB used.
       Both:     74.55 MB used.

Virtual space:
  Non-class space:      128.00 MB reserved,      65.31 MB ( 51%) committed,  2 nodes.
      Class space:      412.00 MB reserved,      11.19 MB (  3%) committed,  1 nodes.
             Both:      540.00 MB reserved,      76.50 MB ( 14%) committed. 

Chunk freelists:
   Non-Class:  1.97 MB
       Class:  840.00 KB
        Both:  2.79 MB

MaxMetaspaceSize: 512.00 MB
CompressedClassSpaceSize: 412.00 MB
Initial GC threshold: 21.00 MB
Current GC threshold: 126.25 MB
CDS: on
MetaspaceReclaimPolicy: balanced
 - commit_granule_bytes: 65536.
 - commit_granule_words: 8192.
 - virtual_space_node_default_size: 8388608.
 - enlarge_chunks_in_place: 1.
 - new_chunks_are_fully_committed: 0.
 - uncommit_free_chunks: 1.
 - use_allocation_guard: 0.


Internal statistics:

num_allocs_failed_limit: 9.
num_arena_births: 3472.
num_arena_deaths: 0.
num_vsnodes_births: 3.
num_vsnodes_deaths: 0.
num_space_committed: 1224.
num_space_uncommitted: 0.
num_chunks_returned_to_freelist: 9.
num_chunks_taken_from_freelist: 6907.
num_chunk_merges: 9.
num_chunk_splits: 4586.
num_chunks_enlarged: 2957.
num_inconsistent_stats: 0.

CodeHeap 'non-profiled nmethods': size=120000Kb used=4604Kb max_used=4604Kb free=115395Kb
 bounds [0x00000275e3cd0000, 0x00000275e4150000, 0x00000275eb200000]
CodeHeap 'profiled nmethods': size=120000Kb used=17069Kb max_used=17069Kb free=102930Kb
 bounds [0x00000275dc7a0000, 0x00000275dd850000, 0x00000275e3cd0000]
CodeHeap 'non-nmethods': size=5760Kb used=2398Kb max_used=2475Kb free=3361Kb
 bounds [0x00000275dc200000, 0x00000275dc480000, 0x00000275dc7a0000]
 total_blobs=9551 nmethods=8629 adapters=834
 compilation: enabled
              stopped_count=0, restarted_count=0
 full_count=0

Compilation events (20 events):
Event: 19.442 Thread 0x00000275f2b2e6e0 9494   !   3       com.sun.beans.introspect.PropertyInfo::initialize (374 bytes)
Event: 19.448 Thread 0x00000275f2b2e6e0 nmethod 9494 0x00000275dd83bf10 code [0x00000275dd83c600, 0x00000275dd840308]
Event: 19.448 Thread 0x00000275f2b2e6e0 9495       3       java.lang.String::<init> (10 bytes)
Event: 19.448 Thread 0x00000275f2b2e6e0 nmethod 9495 0x00000275dd841e10 code [0x00000275dd841fc0, 0x00000275dd842108]
Event: 19.448 Thread 0x00000275f2b2e6e0 9496       3       java.beans.PropertyDescriptor::<init> (302 bytes)
Event: 19.452 Thread 0x00000275f2b2dd00 nmethod 9489 0x00000275e4148510 code [0x00000275e4148720, 0x00000275e4149230]
Event: 19.452 Thread 0x00000275f2b2dd00 9497       4       java.beans.Introspector::addMethod (196 bytes)
Event: 19.454 Thread 0x00000275f2b2e6e0 nmethod 9496 0x00000275dd842210 code [0x00000275dd842900, 0x00000275dd847738]
Event: 19.454 Thread 0x00000275f2b2e6e0 9499  s    3       java.beans.PropertyDescriptor::setWriteMethod (19 bytes)
Event: 19.454 Thread 0x00000275f2b2e6e0 nmethod 9499 0x00000275dd848a90 code [0x00000275dd848c80, 0x00000275dd849298]
Event: 19.454 Thread 0x00000275f2b2e6e0 9500       3       org.apache.groovy.util.BeanUtils::decapitalize (68 bytes)
Event: 19.456 Thread 0x00000275f2b2e6e0 nmethod 9500 0x00000275dd849490 code [0x00000275dd849800, 0x00000275dd84ad48]
Event: 19.521 Thread 0x00000275f9e84570 nmethod 9486 0x00000275e4149790 code [0x00000275e4149ac0, 0x00000275e414c448]
Event: 19.521 Thread 0x00000275f9e84570 9503       4       java.util.LinkedList::linkLast (59 bytes)
Event: 19.527 Thread 0x00000275f9e84570 nmethod 9503 0x00000275e414da90 code [0x00000275e414dc20, 0x00000275e414dfd8]
Event: 19.527 Thread 0x00000275f9e84570 9504       4       java.util.LinkedList::add (7 bytes)
Event: 19.536 Thread 0x00000275f9e84570 nmethod 9504 0x00000275e414e090 code [0x00000275e414e220, 0x00000275e414e5d8]
Event: 19.648 Thread 0x00000275f9e84570 9505       4       org.codehaus.groovy.reflection.ReflectionCache::getCachedClass (14 bytes)
Event: 19.663 Thread 0x00000275f9e84570 nmethod 9505 0x00000275e414e690 code [0x00000275e414e880, 0x00000275e414ecd0]
Event: 19.663 Thread 0x00000275f9e84570 9506   !   4       org.codehaus.groovy.reflection.stdclasses.CachedSAMClass::hasUsableImplementation (72 bytes)

GC Heap History (20 events):
Event: 12.590 GC heap before
{Heap before GC invocations=13 (full 0):
 garbage-first heap   total 78848K, used 45093K [0x0000000080000000, 0x0000000100000000)
  region size 1024K, 12 young (12288K), 4 survivors (4096K)
 Metaspace       used 44156K, committed 45760K, reserved 487424K
  class space    used 6221K, committed 7040K, reserved 421888K
}
Event: 12.594 GC heap after
{Heap after GC invocations=14 (full 0):
 garbage-first heap   total 131072K, used 40072K [0x0000000080000000, 0x0000000100000000)
  region size 1024K, 3 young (3072K), 3 survivors (3072K)
 Metaspace       used 44156K, committed 45760K, reserved 487424K
  class space    used 6221K, committed 7040K, reserved 421888K
}
Event: 13.653 GC heap before
{Heap before GC invocations=14 (full 0):
 garbage-first heap   total 131072K, used 104584K [0x0000000080000000, 0x0000000100000000)
  region size 1024K, 63 young (64512K), 3 survivors (3072K)
 Metaspace       used 51964K, committed 53760K, reserved 487424K
  class space    used 7328K, committed 8256K, reserved 421888K
}
Event: 13.659 GC heap after
{Heap after GC invocations=15 (full 0):
 garbage-first heap   total 131072K, used 48982K [0x0000000080000000, 0x0000000100000000)
  region size 1024K, 8 young (8192K), 8 survivors (8192K)
 Metaspace       used 51964K, committed 53760K, reserved 487424K
  class space    used 7328K, committed 8256K, reserved 421888K
}
Event: 14.547 GC heap before
{Heap before GC invocations=15 (full 0):
 garbage-first heap   total 131072K, used 103254K [0x0000000080000000, 0x0000000100000000)
  region size 1024K, 61 young (62464K), 8 survivors (8192K)
 Metaspace       used 58089K, committed 59904K, reserved 487424K
  class space    used 8119K, committed 9024K, reserved 421888K
}
Event: 14.555 GC heap after
{Heap after GC invocations=16 (full 0):
 garbage-first heap   total 131072K, used 52803K [0x0000000080000000, 0x0000000100000000)
  region size 1024K, 4 young (4096K), 4 survivors (4096K)
 Metaspace       used 58089K, committed 59904K, reserved 487424K
  class space    used 8119K, committed 9024K, reserved 421888K
}
Event: 14.596 GC heap before
{Heap before GC invocations=16 (full 0):
 garbage-first heap   total 131072K, used 54851K [0x0000000080000000, 0x0000000100000000)
  region size 1024K, 7 young (7168K), 4 survivors (4096K)
 Metaspace       used 58508K, committed 60288K, reserved 487424K
  class space    used 8186K, committed 9088K, reserved 421888K
}
Event: 14.599 GC heap after
{Heap after GC invocations=17 (full 0):
 garbage-first heap   total 131072K, used 53428K [0x0000000080000000, 0x0000000100000000)
  region size 1024K, 1 young (1024K), 1 survivors (1024K)
 Metaspace       used 58508K, committed 60288K, reserved 487424K
  class space    used 8186K, committed 9088K, reserved 421888K
}
Event: 15.627 GC heap before
{Heap before GC invocations=18 (full 0):
 garbage-first heap   total 131072K, used 106676K [0x0000000080000000, 0x0000000100000000)
  region size 1024K, 53 young (54272K), 1 survivors (1024K)
 Metaspace       used 61801K, committed 63680K, reserved 487424K
  class space    used 8703K, committed 9664K, reserved 421888K
}
Event: 15.635 GC heap after
{Heap after GC invocations=19 (full 0):
 garbage-first heap   total 131072K, used 58225K [0x0000000080000000, 0x0000000100000000)
  region size 1024K, 6 young (6144K), 6 survivors (6144K)
 Metaspace       used 61801K, committed 63680K, reserved 487424K
  class space    used 8703K, committed 9664K, reserved 421888K
}
Event: 16.838 GC heap before
{Heap before GC invocations=19 (full 0):
 garbage-first heap   total 131072K, used 106353K [0x0000000080000000, 0x0000000100000000)
  region size 1024K, 52 young (53248K), 6 survivors (6144K)
 Metaspace       used 64813K, committed 66688K, reserved 487424K
  class space    used 9077K, committed 10048K, reserved 421888K
}
Event: 16.849 GC heap after
{Heap after GC invocations=20 (full 0):
 garbage-first heap   total 131072K, used 65982K [0x0000000080000000, 0x0000000100000000)
  region size 1024K, 7 young (7168K), 7 survivors (7168K)
 Metaspace       used 64813K, committed 66688K, reserved 487424K
  class space    used 9077K, committed 10048K, reserved 421888K
}
Event: 17.526 GC heap before
{Heap before GC invocations=20 (full 0):
 garbage-first heap   total 131072K, used 95678K [0x0000000080000000, 0x0000000100000000)
  region size 1024K, 37 young (37888K), 7 survivors (7168K)
 Metaspace       used 68894K, committed 70848K, reserved 487424K
  class space    used 9504K, committed 10496K, reserved 421888K
}
Event: 17.533 GC heap after
{Heap after GC invocations=21 (full 0):
 garbage-first heap   total 131072K, used 70153K [0x0000000080000000, 0x0000000100000000)
  region size 1024K, 5 young (5120K), 5 survivors (5120K)
 Metaspace       used 68894K, committed 70848K, reserved 487424K
  class space    used 9504K, committed 10496K, reserved 421888K
}
Event: 18.020 GC heap before
{Heap before GC invocations=22 (full 0):
 garbage-first heap   total 131072K, used 85513K [0x0000000080000000, 0x0000000100000000)
  region size 1024K, 20 young (20480K), 5 survivors (5120K)
 Metaspace       used 71435K, committed 73344K, reserved 487424K
  class space    used 9783K, committed 10816K, reserved 421888K
}
Event: 18.025 GC heap after
{Heap after GC invocations=23 (full 0):
 garbage-first heap   total 131072K, used 72424K [0x0000000080000000, 0x0000000100000000)
  region size 1024K, 4 young (4096K), 4 survivors (4096K)
 Metaspace       used 71435K, committed 73344K, reserved 487424K
  class space    used 9783K, committed 10816K, reserved 421888K
}
Event: 18.643 GC heap before
{Heap before GC invocations=24 (full 0):
 garbage-first heap   total 145408K, used 105192K [0x0000000080000000, 0x0000000100000000)
  region size 1024K, 30 young (30720K), 4 survivors (4096K)
 Metaspace       used 72995K, committed 74944K, reserved 487424K
  class space    used 9990K, committed 11008K, reserved 421888K
}
Event: 18.651 GC heap after
{Heap after GC invocations=25 (full 0):
 garbage-first heap   total 145408K, used 75043K [0x0000000080000000, 0x0000000100000000)
  region size 1024K, 4 young (4096K), 4 survivors (4096K)
 Metaspace       used 72995K, committed 74944K, reserved 487424K
  class space    used 9990K, committed 11008K, reserved 421888K
}
Event: 19.160 GC heap before
{Heap before GC invocations=25 (full 0):
 garbage-first heap   total 145408K, used 97571K [0x0000000080000000, 0x0000000100000000)
  region size 1024K, 27 young (27648K), 4 survivors (4096K)
 Metaspace       used 75164K, committed 77184K, reserved 552960K
  class space    used 10242K, committed 11264K, reserved 421888K
}
Event: 19.166 GC heap after
{Heap after GC invocations=26 (full 0):
 garbage-first heap   total 145408K, used 76874K [0x0000000080000000, 0x0000000100000000)
  region size 1024K, 2 young (2048K), 2 survivors (2048K)
 Metaspace       used 75164K, committed 77184K, reserved 552960K
  class space    used 10242K, committed 11264K, reserved 421888K
}

Deoptimization events (20 events):
Event: 19.270 Thread 0x00000275f82868e0 Uncommon trap: trap_request=0xffffff45 fr.pc=0x00000275e3cdb6b8 relative=0x0000000000000038
Event: 19.270 Thread 0x00000275f82868e0 Uncommon trap: reason=unstable_if action=reinterpret pc=0x00000275e3cdb6b8 method=java.lang.StringLatin1.canEncode(I)Z @ 4 c2
Event: 19.270 Thread 0x00000275f82868e0 DEOPT PACKING pc=0x00000275e3cdb6b8 sp=0x000000b5538f5fd0
Event: 19.270 Thread 0x00000275f82868e0 DEOPT UNPACKING pc=0x00000275dc2523a3 sp=0x000000b5538f5f60 mode 2
Event: 19.355 Thread 0x00000275f82868e0 Uncommon trap: trap_request=0xffffff45 fr.pc=0x00000275e406a008 relative=0x0000000000000808
Event: 19.355 Thread 0x00000275f82868e0 Uncommon trap: reason=unstable_if action=reinterpret pc=0x00000275e406a008 method=org.apache.commons.io.FilenameUtils.doNormalize(Ljava/lang/String;CZ)Ljava/lang/String; @ 226 c2
Event: 19.355 Thread 0x00000275f82868e0 DEOPT PACKING pc=0x00000275e406a008 sp=0x000000b5538f8980
Event: 19.355 Thread 0x00000275f82868e0 DEOPT UNPACKING pc=0x00000275dc2523a3 sp=0x000000b5538f8918 mode 2
Event: 19.376 Thread 0x00000275f82868e0 Uncommon trap: trap_request=0xffffffde fr.pc=0x00000275e3f343a8 relative=0x0000000000000288
Event: 19.376 Thread 0x00000275f82868e0 Uncommon trap: reason=class_check action=maybe_recompile pc=0x00000275e3f343a8 method=java.util.stream.StreamOpFlag.fromCharacteristics(Ljava/util/Spliterator;)I @ 14 c2
Event: 19.376 Thread 0x00000275f82868e0 DEOPT PACKING pc=0x00000275e3f343a8 sp=0x000000b5538f80e0
Event: 19.376 Thread 0x00000275f82868e0 DEOPT UNPACKING pc=0x00000275dc2523a3 sp=0x000000b5538f7fc8 mode 2
Event: 19.380 Thread 0x00000275f82868e0 Uncommon trap: trap_request=0xffffffde fr.pc=0x00000275e3f343a8 relative=0x0000000000000288
Event: 19.380 Thread 0x00000275f82868e0 Uncommon trap: reason=class_check action=maybe_recompile pc=0x00000275e3f343a8 method=java.util.stream.StreamOpFlag.fromCharacteristics(Ljava/util/Spliterator;)I @ 14 c2
Event: 19.380 Thread 0x00000275f82868e0 DEOPT PACKING pc=0x00000275e3f343a8 sp=0x000000b5538f80e0
Event: 19.380 Thread 0x00000275f82868e0 DEOPT UNPACKING pc=0x00000275dc2523a3 sp=0x000000b5538f7fc8 mode 2
Event: 19.433 Thread 0x00000275f82868e0 Uncommon trap: trap_request=0xffffff45 fr.pc=0x00000275e3d2d384 relative=0x0000000000000444
Event: 19.433 Thread 0x00000275f82868e0 Uncommon trap: reason=unstable_if action=reinterpret pc=0x00000275e3d2d384 method=java.util.StringJoiner.add(Ljava/lang/CharSequence;)Ljava/util/StringJoiner; @ 33 c2
Event: 19.433 Thread 0x00000275f82868e0 DEOPT PACKING pc=0x00000275e3d2d384 sp=0x000000b5538f78f0
Event: 19.433 Thread 0x00000275f82868e0 DEOPT UNPACKING pc=0x00000275dc2523a3 sp=0x000000b5538f78a0 mode 2

Classes loaded (20 events):
Event: 18.855 Loading class java/security/KeyStore$1
Event: 18.855 Loading class java/security/KeyStore$1 done
Event: 19.002 Loading class javax/xml/stream/XMLStreamException
Event: 19.003 Loading class javax/xml/stream/XMLStreamException done
Event: 19.029 Loading class sun/reflect/annotation/AnnotationInvocationHandler$1
Event: 19.029 Loading class sun/reflect/annotation/AnnotationInvocationHandler$1 done
Event: 19.134 Loading class java/util/concurrent/atomic/AtomicIntegerArray
Event: 19.135 Loading class java/util/concurrent/atomic/AtomicIntegerArray done
Event: 19.137 Loading class java/util/Currency
Event: 19.137 Loading class java/util/Currency done
Event: 19.143 Loading class java/util/concurrent/atomic/AtomicLongArray
Event: 19.144 Loading class java/util/concurrent/atomic/AtomicLongArray done
Event: 19.174 Loading class sun/reflect/generics/repository/FieldRepository
Event: 19.174 Loading class sun/reflect/generics/repository/FieldRepository done
Event: 19.185 Loading class jdk/internal/vm/annotation/ForceInline
Event: 19.185 Loading class jdk/internal/vm/annotation/ForceInline done
Event: 19.271 Loading class java/util/regex/Pattern$Caret
Event: 19.271 Loading class java/util/regex/Pattern$Caret done
Event: 19.374 Loading class java/util/regex/Pattern$Pos
Event: 19.374 Loading class java/util/regex/Pattern$Pos done

Classes unloaded (0 events):
No events

Classes redefined (0 events):
No events

Internal exceptions (20 events):
Event: 16.686 Thread 0x00000275f82868e0 Exception <a 'java/lang/ClassNotFoundException'{0x00000000856fe730}: build_84t3da3mrc5lpfh4g5cj4ztmCustomizer> (0x00000000856fe730) 
thrown [s\open\src\hotspot\share\classfile\systemDictionary.cpp, line 255]
Event: 17.931 Thread 0x00000275f82868e0 Implicit null exception at 0x00000275e3e8fb0c to 0x00000275e3e8fc42
Event: 18.229 Thread 0x00000275f82868e0 Exception <a 'sun/nio/fs/WindowsException'{0x0000000088a8f210}> (0x0000000088a8f210) 
thrown [s\open\src\hotspot\share\prims\jni.cpp, line 516]
Event: 19.061 Thread 0x00000275f82868e0 Implicit null exception at 0x00000275e3d3f8c9 to 0x00000275e3d3f99c
Event: 19.186 Thread 0x00000275f82868e0 Exception <a 'java/lang/NoSuchMethodError'{0x0000000088c30558}: 'void java.lang.invoke.Invokers$Holder.invokeExact_MT(java.lang.Object, java.lang.Object, java.lang.Object, java.lang.Object)'> (0x0000000088c30558) 
thrown [s\open\src\hotspot\share\interpreter\linkResolver.cpp, line 759]
Event: 19.430 Thread 0x00000275f82868e0 Exception <a 'java/lang/ClassNotFoundException'{0x000000008805ccf0}: com/android/build/gradle/internal/dsl/BaseAppModuleExtension_DecoratedBeanInfo> (0x000000008805ccf0) 
thrown [s\open\src\hotspot\share\classfile\systemDictionary.cpp, line 255]
Event: 19.430 Thread 0x00000275f82868e0 Exception <a 'java/lang/ClassNotFoundException'{0x0000000088068370}: com/android/build/gradle/internal/dsl/BaseAppModuleExtensionBeanInfo> (0x0000000088068370) 
thrown [s\open\src\hotspot\share\classfile\systemDictionary.cpp, line 255]
Event: 19.431 Thread 0x00000275f82868e0 Exception <a 'java/lang/ClassNotFoundException'{0x0000000088073558}: com/android/build/gradle/AppExtensionBeanInfo> (0x0000000088073558) 
thrown [s\open\src\hotspot\share\classfile\systemDictionary.cpp, line 255]
Event: 19.431 Thread 0x00000275f82868e0 Exception <a 'java/lang/ClassNotFoundException'{0x000000008807e8b8}: com/android/build/gradle/AbstractAppExtensionBeanInfo> (0x000000008807e8b8) 
thrown [s\open\src\hotspot\share\classfile\systemDictionary.cpp, line 255]
Event: 19.432 Thread 0x00000275f82868e0 Exception <a 'java/lang/ClassNotFoundException'{0x0000000088089f10}: com/android/build/gradle/TestedExtensionBeanInfo> (0x0000000088089f10) 
thrown [s\open\src\hotspot\share\classfile\systemDictionary.cpp, line 255]
Event: 19.432 Thread 0x00000275f82868e0 Exception <a 'java/lang/ClassNotFoundException'{0x0000000088095138}: com/android/build/gradle/BaseExtensionBeanInfo> (0x0000000088095138) 
thrown [s\open\src\hotspot\share\classfile\systemDictionary.cpp, line 255]
Event: 19.432 Thread 0x00000275f82868e0 Exception <a 'java/lang/ClassNotFoundException'{0x00000000880a0418}: com/android/build/gradle/BaseExtensionCustomizer> (0x00000000880a0418) 
thrown [s\open\src\hotspot\share\classfile\systemDictionary.cpp, line 255]
Event: 19.435 Thread 0x00000275f82868e0 Exception <a 'java/lang/ClassNotFoundException'{0x0000000087f039f0}: com/android/build/gradle/TestedExtensionCustomizer> (0x0000000087f039f0) 
thrown [s\open\src\hotspot\share\classfile\systemDictionary.cpp, line 255]
Event: 19.437 Thread 0x00000275f82868e0 Exception <a 'java/lang/ClassNotFoundException'{0x0000000087f28b98}: com/android/build/gradle/AbstractAppExtensionCustomizer> (0x0000000087f28b98) 
thrown [s\open\src\hotspot\share\classfile\systemDictionary.cpp, line 255]
Event: 19.438 Thread 0x00000275f82868e0 Exception <a 'java/lang/ClassNotFoundException'{0x0000000087f49f98}: com/android/build/gradle/AppExtensionCustomizer> (0x0000000087f49f98) 
thrown [s\open\src\hotspot\share\classfile\systemDictionary.cpp, line 255]
Event: 19.439 Thread 0x00000275f82868e0 Exception <a 'java/lang/ClassNotFoundException'{0x0000000087f69e90}: com/android/build/gradle/internal/dsl/BaseAppModuleExtensionCustomizer> (0x0000000087f69e90) 
thrown [s\open\src\hotspot\share\classfile\systemDictionary.cpp, line 255]
Event: 19.444 Thread 0x00000275f82868e0 Exception <a 'java/lang/ClassNotFoundException'{0x0000000087e4cc30}: com/android/build/gradle/internal/dsl/BaseAppModuleExtension_DecoratedCustomizer> (0x0000000087e4cc30) 
thrown [s\open\src\hotspot\share\classfile\systemDictionary.cpp, line 255]
Event: 19.450 Thread 0x00000275f82868e0 Exception <a 'java/lang/NoSuchMethodError'{0x0000000087d30c10}: 'void java.lang.invoke.DirectMethodHandle$Holder.invokeInterface(java.lang.Object, java.lang.Object, int)'> (0x0000000087d30c10) 
thrown [s\open\src\hotspot\share\interpreter\linkResolver.cpp, line 759]
Event: 19.450 Thread 0x00000275f82868e0 Exception <a 'java/lang/NoSuchMethodError'{0x0000000087d35b68}: 'void java.lang.invoke.DirectMethodHandle$Holder.invokeSpecial(java.lang.Object, java.lang.Object, java.lang.Object, int)'> (0x0000000087d35b68) 
thrown [s\open\src\hotspot\share\interpreter\linkResolver.cpp, line 759]
Event: 19.450 Thread 0x00000275f82868e0 Exception <a 'java/lang/NoSuchMethodError'{0x0000000087d3a2a8}: 'void java.lang.invoke.DelegatingMethodHandle$Holder.reinvoke_L(java.lang.Object, java.lang.Object, int)'> (0x0000000087d3a2a8) 
thrown [s\open\src\hotspot\share\interpreter\linkResolver.cpp, line 759]

VM Operations (20 events):
Event: 17.886 Executing VM operation: HandshakeAllThreads
Event: 17.886 Executing VM operation: HandshakeAllThreads done
Event: 17.942 Executing VM operation: HandshakeAllThreads
Event: 17.942 Executing VM operation: HandshakeAllThreads done
Event: 18.020 Executing VM operation: G1TryInitiateConcMark
Event: 18.025 Executing VM operation: G1TryInitiateConcMark done
Event: 18.111 Executing VM operation: HandshakeAllThreads
Event: 18.112 Executing VM operation: HandshakeAllThreads done
Event: 18.129 Executing VM operation: G1Concurrent
Event: 18.135 Executing VM operation: G1Concurrent done
Event: 18.179 Executing VM operation: G1Concurrent
Event: 18.180 Executing VM operation: G1Concurrent done
Event: 18.643 Executing VM operation: G1CollectForAllocation
Event: 18.652 Executing VM operation: G1CollectForAllocation done
Event: 19.160 Executing VM operation: G1TryInitiateConcMark
Event: 19.166 Executing VM operation: G1TryInitiateConcMark done
Event: 19.272 Executing VM operation: G1Concurrent
Event: 19.278 Executing VM operation: G1Concurrent done
Event: 19.327 Executing VM operation: G1Concurrent
Event: 19.327 Executing VM operation: G1Concurrent done

Events (20 events):
Event: 16.460 Thread 0x00000275fbba6840 Thread added: 0x00000275fbba6840
Event: 16.461 Thread 0x00000275fbba71e0 Thread added: 0x00000275fbba71e0
Event: 16.462 Thread 0x00000275fbba8520 Thread added: 0x00000275fbba8520
Event: 16.462 Thread 0x00000275fbba29b0 Thread added: 0x00000275fbba29b0
Event: 16.462 Thread 0x00000275fbba41c0 Thread added: 0x00000275fbba41c0
Event: 16.463 Thread 0x00000275fbba1b40 Thread added: 0x00000275fbba1b40
Event: 16.463 Thread 0x00000275fbba4690 Thread added: 0x00000275fbba4690
Event: 16.463 Thread 0x00000275fbba7b80 Thread added: 0x00000275fbba7b80
Event: 16.464 Thread 0x00000275fbba3350 Thread added: 0x00000275fbba3350
Event: 16.464 Thread 0x00000275fbba8050 Thread added: 0x00000275fbba8050
Event: 16.465 Thread 0x00000275fbba76b0 Thread added: 0x00000275fbba76b0
Event: 16.465 Thread 0x00000275fbba2010 Thread added: 0x00000275fbba2010
Event: 16.465 Thread 0x00000275fbba5030 Thread added: 0x00000275fbba5030
Event: 16.466 Thread 0x00000275fbba6d10 Thread added: 0x00000275fbba6d10
Event: 16.466 Thread 0x00000275fbba3cf0 Thread added: 0x00000275fbba3cf0
Event: 16.467 Thread 0x00000275fbba2e80 Thread added: 0x00000275fbba2e80
Event: 16.467 Thread 0x00000275fbba89f0 Thread added: 0x00000275fbba89f0
Event: 16.468 Thread 0x00000275fbba5500 Thread added: 0x00000275fbba5500
Event: 16.468 Thread 0x00000275fbba5ea0 Thread added: 0x00000275fbba5ea0
Event: 16.468 Thread 0x00000275fbba59d0 Thread added: 0x00000275fbba59d0


Dynamic libraries:
0x00007ff657050000 - 0x00007ff657060000 	C:\Program Files\Java\jdk-18.0.2.1\bin\java.exe
0x00007ff8d9630000 - 0x00007ff8d9844000 	C:\WINDOWS\SYSTEM32\ntdll.dll
0x00007ff8d7d10000 - 0x00007ff8d7dd4000 	C:\WINDOWS\System32\KERNEL32.DLL
0x00007ff8d6c70000 - 0x00007ff8d7014000 	C:\WINDOWS\System32\KERNELBASE.dll
0x00007ff8d72a0000 - 0x00007ff8d73b1000 	C:\WINDOWS\System32\ucrtbase.dll
0x00007ff8a3220000 - 0x00007ff8a323a000 	C:\Program Files\Java\jdk-18.0.2.1\bin\VCRUNTIME140.dll
0x00007ff8a39f0000 - 0x00007ff8a3a08000 	C:\Program Files\Java\jdk-18.0.2.1\bin\jli.dll
0x00007ff8d8c60000 - 0x00007ff8d8d10000 	C:\WINDOWS\System32\ADVAPI32.dll
0x00007ff8d78a0000 - 0x00007ff8d7947000 	C:\WINDOWS\System32\msvcrt.dll
0x00007ff8d9020000 - 0x00007ff8d90c6000 	C:\WINDOWS\System32\sechost.dll
0x00007ff8d8a90000 - 0x00007ff8d8ba7000 	C:\WINDOWS\System32\RPCRT4.dll
0x00007ff8d93e0000 - 0x00007ff8d958e000 	C:\WINDOWS\System32\USER32.dll
0x00007ff8bbdf0000 - 0x00007ff8bc083000 	C:\WINDOWS\WinSxS\amd64_microsoft.windows.common-controls_6595b64144ccf1df_6.0.22621.2215_none_270d72677387dfc3\COMCTL32.dll
0x00007ff8d70e0000 - 0x00007ff8d7106000 	C:\WINDOWS\System32\win32u.dll
0x00007ff8d7a20000 - 0x00007ff8d7a49000 	C:\WINDOWS\System32\GDI32.dll
0x00007ff8d7110000 - 0x00007ff8d7228000 	C:\WINDOWS\System32\gdi32full.dll
0x00007ff8ccd30000 - 0x00007ff8ccd3a000 	C:\WINDOWS\SYSTEM32\VERSION.dll
0x00007ff8d69e0000 - 0x00007ff8d6a7a000 	C:\WINDOWS\System32\msvcp_win.dll
0x00007ff8d7a50000 - 0x00007ff8d7a81000 	C:\WINDOWS\System32\IMM32.DLL
0x00007ff8c5360000 - 0x00007ff8c536c000 	C:\Program Files\Java\jdk-18.0.2.1\bin\vcruntime140_1.dll
0x00007ff89ad60000 - 0x00007ff89aded000 	C:\Program Files\Java\jdk-18.0.2.1\bin\msvcp140.dll
0x00007ff891bb0000 - 0x00007ff8927c1000 	C:\Program Files\Java\jdk-18.0.2.1\bin\server\jvm.dll
0x00007ff8d7950000 - 0x00007ff8d7958000 	C:\WINDOWS\System32\PSAPI.DLL
0x00007ff8cef00000 - 0x00007ff8cef09000 	C:\WINDOWS\SYSTEM32\WSOCK32.dll
0x00007ff8cf3f0000 - 0x00007ff8cf424000 	C:\WINDOWS\SYSTEM32\WINMM.dll
0x00007ff8d8bb0000 - 0x00007ff8d8c21000 	C:\WINDOWS\System32\WS2_32.dll
0x00007ff8d5ad0000 - 0x00007ff8d5ae8000 	C:\WINDOWS\SYSTEM32\kernel.appcore.dll
0x00007ff8c5220000 - 0x00007ff8c522a000 	C:\Program Files\Java\jdk-18.0.2.1\bin\jimage.dll
0x00007ff8d42e0000 - 0x00007ff8d450e000 	C:\WINDOWS\SYSTEM32\DBGHELP.DLL
0x00007ff8d7430000 - 0x00007ff8d77ba000 	C:\WINDOWS\System32\combase.dll
0x00007ff8d77c0000 - 0x00007ff8d7897000 	C:\WINDOWS\System32\OLEAUT32.dll
0x00007ff8bba40000 - 0x00007ff8bba72000 	C:\WINDOWS\SYSTEM32\dbgcore.DLL
0x00007ff8d6a80000 - 0x00007ff8d6afa000 	C:\WINDOWS\System32\bcryptPrimitives.dll
0x00007ff89bc50000 - 0x00007ff89bc75000 	C:\Program Files\Java\jdk-18.0.2.1\bin\java.dll
0x00007ff896640000 - 0x00007ff896716000 	C:\Program Files\Java\jdk-18.0.2.1\bin\jsvml.dll
0x00007ff8d7de0000 - 0x00007ff8d8603000 	C:\WINDOWS\System32\SHELL32.dll
0x00007ff8d4980000 - 0x00007ff8d526a000 	C:\WINDOWS\SYSTEM32\windows.storage.dll
0x00007ff8d4840000 - 0x00007ff8d497e000 	C:\WINDOWS\SYSTEM32\wintypes.dll
0x00007ff8d8d10000 - 0x00007ff8d8e03000 	C:\WINDOWS\System32\SHCORE.dll
0x00007ff8d7a90000 - 0x00007ff8d7aee000 	C:\WINDOWS\System32\shlwapi.dll
0x00007ff8d6910000 - 0x00007ff8d6936000 	C:\WINDOWS\SYSTEM32\profapi.dll
0x00007ff89e9e0000 - 0x00007ff89e9f3000 	C:\Program Files\Java\jdk-18.0.2.1\bin\net.dll
0x00007ff8d2910000 - 0x00007ff8d2a47000 	C:\WINDOWS\SYSTEM32\WINHTTP.dll
0x00007ff8d5fa0000 - 0x00007ff8d6009000 	C:\WINDOWS\system32\mswsock.dll
0x00007ff89ddd0000 - 0x00007ff89dde6000 	C:\Program Files\Java\jdk-18.0.2.1\bin\nio.dll
0x00007ff89cf80000 - 0x00007ff89cf98000 	C:\Program Files\Java\jdk-18.0.2.1\bin\zip.dll
0x00007ff8c4920000 - 0x00007ff8c4930000 	C:\Program Files\Java\jdk-18.0.2.1\bin\verify.dll
0x00007ff89b7d0000 - 0x00007ff89b7f7000 	C:\Users\user\.gradle\native\68d5fa5c4cc2d200863cafc0d521ce42e7d3e7ee720ec0a83991735586a16f82\windows-amd64\native-platform.dll
0x00007ff895c70000 - 0x00007ff895db4000 	C:\Users\user\.gradle\native\e376f236ea51e6404a007f0833ffe2c6e607c4080706a723a18a27aeea778392\windows-amd64\native-platform-file-events.dll
0x00007ff8c4690000 - 0x00007ff8c4699000 	C:\Program Files\Java\jdk-18.0.2.1\bin\management.dll
0x00007ff8be020000 - 0x00007ff8be02b000 	C:\Program Files\Java\jdk-18.0.2.1\bin\management_ext.dll
0x00007ff8d61f0000 - 0x00007ff8d620b000 	C:\WINDOWS\SYSTEM32\CRYPTSP.dll
0x00007ff8d5a90000 - 0x00007ff8d5ac5000 	C:\WINDOWS\system32\rsaenh.dll
0x00007ff8d6090000 - 0x00007ff8d60bc000 	C:\WINDOWS\SYSTEM32\USERENV.dll
0x00007ff8d63b0000 - 0x00007ff8d63d8000 	C:\WINDOWS\SYSTEM32\bcrypt.dll
0x00007ff8d6210000 - 0x00007ff8d621c000 	C:\WINDOWS\SYSTEM32\CRYPTBASE.dll
0x00007ff8d5540000 - 0x00007ff8d556d000 	C:\WINDOWS\SYSTEM32\IPHLPAPI.DLL
0x00007ff8d8c50000 - 0x00007ff8d8c59000 	C:\WINDOWS\System32\NSI.dll
0x00007ff8cdac0000 - 0x00007ff8cdad9000 	C:\WINDOWS\SYSTEM32\dhcpcsvc6.DLL
0x00007ff8cdaa0000 - 0x00007ff8cdabf000 	C:\WINDOWS\SYSTEM32\dhcpcsvc.DLL
0x00007ff8d55b0000 - 0x00007ff8d56a2000 	C:\WINDOWS\SYSTEM32\DNSAPI.dll

dbghelp: loaded successfully - version: 4.0.5 - missing functions: none
symbol engine: initialized successfully - sym options: 0x614 - pdb path: .;C:\Program Files\Java\jdk-18.0.2.1\bin;C:\WINDOWS\SYSTEM32;C:\WINDOWS\WinSxS\amd64_microsoft.windows.common-controls_6595b64144ccf1df_6.0.22621.2215_none_270d72677387dfc3;C:\Program Files\Java\jdk-18.0.2.1\bin\server;C:\Users\user\.gradle\native\68d5fa5c4cc2d200863cafc0d521ce42e7d3e7ee720ec0a83991735586a16f82\windows-amd64;C:\Users\user\.gradle\native\e376f236ea51e6404a007f0833ffe2c6e607c4080706a723a18a27aeea778392\windows-amd64

VM Arguments:
jvm_args: -XX:MaxMetaspaceSize=512m --add-opens=java.base/java.util=ALL-UNNAMED --add-opens=java.base/java.lang=ALL-UNNAMED --add-opens=java.base/java.lang.invoke=ALL-UNNAMED --add-opens=java.prefs/java.util.prefs=ALL-UNNAMED --add-opens=java.base/java.nio.charset=ALL-UNNAMED --add-opens=java.base/java.net=ALL-UNNAMED --add-opens=java.base/java.util.concurrent.atomic=ALL-UNNAMED -Xmx2048m -Dfile.encoding=UTF-8 -Duser.country=US -Duser.language=en -Duser.variant 
java_command: org.gradle.launcher.daemon.bootstrap.GradleDaemon 8.0.1
java_class_path (initial): C:\Users\user\.gradle\wrapper\dists\gradle-8.0.1-all\aro4hu1c3oeioove7l0i4i14o\gradle-8.0.1\lib\gradle-launcher-8.0.1.jar
Launcher Type: SUN_STANDARD

[Global flags]
     intx CICompilerCount                          = 4                                         {product} {ergonomic}
   size_t CompressedClassSpaceSize                 = 432013312                                 {product} {ergonomic}
     uint ConcGCThreads                            = 2                                         {product} {ergonomic}
     uint G1ConcRefinementThreads                  = 8                                         {product} {ergonomic}
   size_t G1HeapRegionSize                         = 1048576                                   {product} {ergonomic}
    uintx GCDrainStackTargetSize                   = 64                                        {product} {ergonomic}
   size_t InitialHeapSize                          = 132120576                                 {product} {ergonomic}
   size_t MarkStackSize                            = 4194304                                   {product} {ergonomic}
   size_t MaxHeapSize                              = 2147483648                                {product} {command line}
   size_t MaxMetaspaceSize                         = 536870912                                 {product} {command line}
   size_t MaxNewSize                               = 1287651328                                {product} {ergonomic}
   size_t MinHeapDeltaBytes                        = 1048576                                   {product} {ergonomic}
   size_t MinHeapSize                              = 8388608                                   {product} {ergonomic}
    uintx NonNMethodCodeHeapSize                   = 5839372                                {pd product} {ergonomic}
    uintx NonProfiledCodeHeapSize                  = 122909434                              {pd product} {ergonomic}
    uintx ProfiledCodeHeapSize                     = 122909434                              {pd product} {ergonomic}
    uintx ReservedCodeCacheSize                    = 251658240                              {pd product} {ergonomic}
     bool SegmentedCodeCache                       = true                                      {product} {ergonomic}
   size_t SoftMaxHeapSize                          = 2147483648                             {manageable} {ergonomic}
     bool UseCompressedClassPointers               = true                           {product lp64_product} {ergonomic}
     bool UseCompressedOops                        = true                           {product lp64_product} {ergonomic}
     bool UseG1GC                                  = true                                      {product} {ergonomic}
     bool UseLargePagesIndividualAllocation        = false                                  {pd product} {ergonomic}

Logging:
Log output configuration:
 #0: stdout all=warning uptime,level,tags foldmultilines=false
 #1: stderr all=off uptime,level,tags foldmultilines=false

Environment Variables:
JAVA_HOME=C:\Program Files\Java\jdk-18.0.2.1
CLASSPATH=C:\Users\user\Documents\Mobile Project\KophyTech_Project\textBot\ThespAIn\ThespAIn\android\\gradle\wrapper\gradle-wrapper.jar
PATH=C:\Users\user\Documents\Mobile Project\KophyTech_Project\textBot\ThespAIn\ThespAIn\node_modules\.bin;C:\Users\user\Documents\Mobile Project\KophyTech_Project\textBot\ThespAIn\ThespAIn\node_modules\.bin;C:\Users\user\Documents\Mobile Project\KophyTech_Project\textBot\ThespAIn\node_modules\.bin;C:\Users\user\Documents\Mobile Project\KophyTech_Project\textBot\node_modules\.bin;C:\Users\user\Documents\Mobile Project\KophyTech_Project\node_modules\.bin;C:\Users\user\Documents\Mobile Project\node_modules\.bin;C:\Users\user\Documents\node_modules\.bin;C:\Users\user\node_modules\.bin;C:\Users\node_modules\.bin;C:\node_modules\.bin;C:\Users\user\AppData\Roaming\npm\node_modules\npm\node_modules\@npmcli\run-script\lib\node-gyp-bin;C:\Users\user\AppData\Local\Temp\yarn--1696241633415-0.33958863063625344;C:\Users\user\Documents\Mobile Project\KophyTech_Project\textBot\ThespAIn\ThespAIn\node_modules\.bin;C:\Users\user\AppData\Local\Yarn\Data\link\node_modules\.bin;C:\Users\user\AppData\Local\Yarn\bin;C:\Program Files\libexec\lib\node_modules\npm\bin\node-gyp-bin;C:\Program Files\lib\node_modules\npm\bin\node-gyp-bin;C:\Program Files\nodejs\node_modules\npm\bin\node-gyp-bin;C:\ProgramData\Oracle\Java\javapath;C:\Program Files\Common Files\Oracle\Java\javapath;C:\Python310\Scripts\;C:\Python310\;C:\WINDOWS\system32;C:\WINDOWS;C:\WINDOWS\System32\Wbem;C:\WINDOWS\System32\WindowsPowerShell\v1.0\;C:\WINDOWS\System32\OpenSSH\;C:\ProgramData\chocolatey\bin;C:\Program Files\dotnet\;C:\Program Files\Git\cmd;C:\Program Files\nodejs\;C:\Users\user\AppData\Local\Programs\Python\Python311\Scripts\;C:\Users\user\AppData\Local\Programs\Python\Python311\;C:\Users\user\AppData\Local\Microsoft\WindowsApps;C:\Users\user\AppData\Local\Programs\Microsoft VS Code\bin;C:\Program Files\Java\jdk-18.0.2.1\bin;C:\Users\user\AppData\Local\Android\Sdk\platform-tools;C:\Users\user\AppData\Local\Android\Sdk\ndk\21.4.7075529;C:\Users\user\AppData\Local\Android\Sdk\ndk;C:\Program Files\CMake\bin;C:\Users\user\AppData\Local\Android\Sdk\cmake\3.22.1\bin;C:\Users\user\AppData\Local\Android\Sdk\cmake\3.18.1\bin;C:\Users\user\AppData\Roaming\npm;C:\Program Files\JetBrains\PyCharm Community Edition 2023.2\bin;
USERNAME=user
LANG=en_US.UTF-8
OS=Windows_NT
PROCESSOR_IDENTIFIER=Intel64 Family 6 Model 142 Stepping 10, GenuineIntel



---------------  S Y S T E M  ---------------

OS:
 Windows 11 , 64 bit Build 22621 (10.0.22621.2215)
OS uptime: 6 days 19:52 hours

CPU: total 8 (initial active 8) (4 cores per cpu, 2 threads per core) family 6 model 142 stepping 10 microcode 0xe0, cx8, cmov, fxsr, ht, mmx, 3dnowpref, sse, sse2, sse3, ssse3, sse4.1, sse4.2, popcnt, lzcnt, tsc, tscinvbit, avx, avx2, aes, erms, clmul, bmi1, bmi2, adx, fma, vzeroupper, clflush, clflushopt

Memory: 4k page, system-wide physical 8007M (261M free)
TotalPageFile size 18105M (AvailPageFile size 2M)
current process WorkingSet (physical memory assigned to process): 366M, peak: 368M
current process commit charge ("private bytes"): 409M, peak: 410M

vm_info: Java HotSpot(TM) 64-Bit Server VM (18.0.2.1+1-1) for windows-amd64 JRE (18.0.2.1+1-1), built on Aug 16 2022 01:46:33 by "mach5one" with MS VC++ 16.8 / 16.9 (VS2019)

END.
